% mean class accuracy (train set)	
 3.8212e+01	
 5.9162e+01	
 6.6018e+01	
 7.1102e+01	
 7.5018e+01	
 7.8335e+01	
 8.0953e+01	
 8.3195e+01	
 8.4950e+01	
 8.6242e+01	
 8.7533e+01	
 8.8420e+01	
 8.9413e+01	
 9.0195e+01	
 9.0852e+01	
 9.1418e+01	
 9.1923e+01	
 9.2355e+01	
 9.2792e+01	
 9.3113e+01	
 9.3463e+01	
 9.3725e+01	
 9.4047e+01	
 9.4297e+01	
 9.4537e+01	
 9.4683e+01	
 9.4925e+01	
 9.5102e+01	
 9.5282e+01	
 9.5378e+01	
 9.5483e+01	
 9.5645e+01	
 9.5755e+01	
 9.5867e+01	
 9.5962e+01	
 9.6057e+01	
 9.6142e+01	
 9.6223e+01	
 9.6323e+01	
 9.6367e+01	
 9.6427e+01	
 9.6540e+01	
 9.6582e+01	
 9.6652e+01	
 9.6708e+01	
 9.6773e+01	
 9.6832e+01	
 9.6920e+01	
 9.6923e+01	
 9.7005e+01	
 9.7057e+01	
 9.7087e+01	
 9.7132e+01	
 9.7177e+01	
 9.7175e+01	
 9.7260e+01	
 9.7260e+01	
 9.7302e+01	
 9.7307e+01	
 9.7385e+01	
 9.7415e+01	
 9.7433e+01	
 9.7455e+01	
 9.7498e+01	
 9.7570e+01	
 9.7503e+01	
 9.7608e+01	
 9.7617e+01	
 9.7647e+01	
 9.7700e+01	
 9.7663e+01	
 9.7737e+01	
 9.7730e+01	
 9.7750e+01	
 9.7770e+01	
 9.7800e+01	
 9.7863e+01	
 9.7848e+01	
 9.7902e+01	
 9.7907e+01	
 9.7913e+01	
 9.7940e+01	
 9.7965e+01	
 9.7982e+01	
 9.8012e+01	
 9.8018e+01	
 9.8048e+01	
 9.8055e+01	
 9.8057e+01	
 9.8090e+01	
 9.8097e+01	
 9.8112e+01	
 9.8155e+01	
 9.8185e+01	
 9.8188e+01	
 9.8218e+01	
 9.8212e+01	
 9.8230e+01	
 9.8227e+01	
 9.8263e+01	
 9.8272e+01	
 9.8283e+01	
 9.8285e+01	
 9.8312e+01	
 9.8322e+01	
 9.8340e+01	
 9.8320e+01	
 9.8340e+01	
 9.8360e+01	
 9.8375e+01	
 9.8390e+01	
 9.8353e+01	
 9.8418e+01	
 9.8420e+01	
 9.8433e+01	
 9.8452e+01	
 9.8445e+01	
 9.8468e+01	
 9.8490e+01	
 9.8505e+01	
 9.8512e+01	
 9.8518e+01	
 9.8552e+01	
 9.8548e+01	
 9.8558e+01	
 9.8558e+01	
 9.8573e+01	
 9.8605e+01	
 9.8593e+01	
 9.8600e+01	
 9.8627e+01	
 9.8642e+01	
 9.8633e+01	
 9.8618e+01	
 9.8652e+01	
 9.8657e+01	
 9.8675e+01	
 9.8668e+01	
 9.8677e+01	
 9.8700e+01	
 9.8710e+01	
 9.8725e+01	
 9.8742e+01	
 9.8762e+01	
 9.8743e+01	
 9.8730e+01	
 9.8762e+01	
 9.8772e+01	
 9.8793e+01	
 9.8777e+01	
 9.8800e+01	
 9.8813e+01	
 9.8798e+01	
 9.8812e+01	
 9.8810e+01	
 9.8842e+01	
 9.8818e+01	
 9.8825e+01	
 9.8855e+01	
 9.8877e+01	
 9.8878e+01	
 9.8900e+01	
 9.8892e+01	
 9.8865e+01	
 9.8885e+01	
 9.8912e+01	
 9.8907e+01	
 9.8888e+01	
 9.8912e+01	
 9.8920e+01	
 9.8945e+01	
 9.8932e+01	
 9.8945e+01	
 9.8962e+01	
 9.8948e+01	
 9.8965e+01	
 9.8992e+01	
 9.8975e+01	
 9.9000e+01	
 9.9015e+01	
 9.8995e+01	
 9.8993e+01	
 9.9017e+01	
 9.9013e+01	
 9.9017e+01	
 9.9042e+01	
 9.9025e+01	
 9.9038e+01	
 9.9045e+01	
 9.9052e+01	
 9.9043e+01	
 9.9043e+01	
 9.9078e+01	
 9.9082e+01	
 9.9060e+01	
 9.9077e+01	
 9.9077e+01	
 9.9090e+01	
 9.9092e+01	
 9.9100e+01	
 9.9115e+01	
 9.9092e+01	
 9.9102e+01	
 9.9135e+01	
 9.9143e+01	
 9.9130e+01	
 9.9130e+01	
 9.9138e+01	
 9.9150e+01	
 9.9137e+01	
 9.9163e+01	
 9.9138e+01	
 9.9135e+01	
 9.9170e+01	
 9.9180e+01	
 9.9190e+01	
 9.9177e+01	
 9.9188e+01	
 9.9180e+01	
 9.9197e+01	
 9.9205e+01	
 9.9215e+01	
 9.9213e+01	
 9.9205e+01	
 9.9218e+01	
 9.9228e+01	
 9.9245e+01	
 9.9240e+01	
 9.9250e+01	
 9.9262e+01	
 9.9243e+01	
 9.9265e+01	
 9.9268e+01	
 9.9260e+01	
 9.9253e+01	
 9.9275e+01	
 9.9302e+01	
 9.9267e+01	
 9.9288e+01	
 9.9292e+01	
 9.9293e+01	
 9.9305e+01	
 9.9292e+01	
 9.9303e+01	
 9.9320e+01	
 9.9328e+01	
 9.9337e+01	
 9.9323e+01	
 9.9352e+01	
 9.9320e+01	
 9.9343e+01	
 9.9330e+01	
 9.9345e+01	
 9.9337e+01	
 9.9377e+01	
 9.9360e+01	
 9.9367e+01	
 9.9362e+01	
 9.9377e+01	
 9.9383e+01	
 9.9382e+01	
 9.9383e+01	
 9.9397e+01	
 9.9403e+01	
 9.9393e+01	
 9.9403e+01	
 9.9387e+01	
 9.9432e+01	
 9.9410e+01	
 9.9430e+01	
 9.9427e+01	
 9.9405e+01	
 9.9442e+01	
 9.9447e+01	
 9.9435e+01	
 9.9448e+01	
 9.9443e+01	
 9.9450e+01	
 9.9478e+01	
 9.9463e+01	
 9.9473e+01	
 9.9467e+01	
 9.9467e+01	
 9.9475e+01	
 9.9475e+01	
 9.9482e+01	
 9.9483e+01	
 9.9508e+01	
 9.9480e+01	
 9.9503e+01	
 9.9495e+01	
 9.9488e+01	
 9.9495e+01	
 9.9520e+01	
 9.9510e+01	
 9.9512e+01	
 9.9545e+01	
 9.9538e+01	
 9.9530e+01	
 9.9535e+01	
 9.9498e+01	
 9.9535e+01	
 9.9528e+01	
 9.9542e+01	
 9.9555e+01	
 9.9550e+01	
 9.9567e+01	
 9.9540e+01	
 9.9537e+01	
 9.9568e+01	
 9.9542e+01	
 9.9560e+01	
 9.9582e+01	
 9.9585e+01	
 9.9588e+01	
 9.9565e+01	
 9.9583e+01	
 9.9587e+01	
 9.9568e+01	
 9.9572e+01	
 9.9593e+01	
 9.9578e+01	
 9.9592e+01	
 9.9595e+01	
 9.9598e+01	
 9.9612e+01	
 9.9605e+01	
 9.9632e+01	
 9.9602e+01	
 9.9622e+01	
 9.9610e+01	
 9.9623e+01	
 9.9630e+01	
 9.9635e+01	
 9.9612e+01	
 9.9632e+01	
 9.9632e+01	
 9.9645e+01	
 9.9603e+01	
 9.9630e+01	
 9.9625e+01	
 9.9645e+01	
 9.9648e+01	
 9.9642e+01	
 9.9647e+01	
 9.9658e+01	
 9.9663e+01	
 9.9657e+01	
 9.9657e+01	
 9.9673e+01	
 9.9673e+01	
 9.9665e+01	
 9.9665e+01	
 9.9655e+01	
 9.9698e+01	
 9.9693e+01	
 9.9677e+01	
 9.9677e+01	
 9.9678e+01	
 9.9677e+01	
 9.9702e+01	
 9.9680e+01	
 9.9677e+01	
 9.9692e+01	
 9.9703e+01	
 9.9692e+01	
 9.9687e+01	
 9.9697e+01	
 9.9697e+01	
 9.9700e+01	
 9.9708e+01	
 9.9707e+01	
 9.9708e+01	
 9.9717e+01	
 9.9710e+01	
 9.9703e+01	
 9.9695e+01	
 9.9715e+01	
 9.9703e+01	
 9.9715e+01	
 9.9712e+01	
 9.9722e+01	
 9.9718e+01	
 9.9713e+01	
 9.9743e+01	
 9.9727e+01	
 9.9735e+01	
 9.9737e+01	
 9.9727e+01	
 9.9742e+01	
 9.9722e+01	
 9.9742e+01	
 9.9743e+01	
 9.9738e+01	
 9.9725e+01	
 9.9750e+01	
 9.9752e+01	
 9.9748e+01	
 9.9740e+01	
 9.9737e+01	
 9.9750e+01	
 9.9758e+01	
 9.9755e+01	
 9.9755e+01	
 9.9762e+01	
 9.9747e+01	
 9.9770e+01	
 9.9758e+01	
 9.9762e+01	
 9.9757e+01	
 9.9770e+01	
 9.9762e+01	
 9.9768e+01	
 9.9768e+01	
 9.9767e+01	
 9.9770e+01	
 9.9770e+01	
 9.9772e+01	
 9.9777e+01	
 9.9792e+01	
 9.9787e+01	
 9.9788e+01	
 9.9785e+01	
 9.9777e+01	
 9.9775e+01	
 9.9785e+01	
 9.9793e+01	
 9.9785e+01	
 9.9790e+01	
 9.9785e+01	
 9.9790e+01	
 9.9785e+01	
 9.9792e+01	
 9.9787e+01	
 9.9798e+01	
 9.9812e+01	
 9.9793e+01	
 9.9807e+01	
 9.9797e+01	
 9.9797e+01	
 9.9792e+01	
 9.9802e+01	
 9.9805e+01	
 9.9797e+01	
 9.9797e+01	
 9.9808e+01	
 9.9805e+01	
 9.9823e+01	
 9.9810e+01	
 9.9803e+01	
 9.9812e+01	
 9.9817e+01	
 9.9808e+01	
 9.9803e+01	
 9.9802e+01	
 9.9813e+01	
 9.9808e+01	
 9.9822e+01	
 9.9822e+01	
 9.9812e+01	
 9.9832e+01	
 9.9817e+01	
 9.9825e+01	
 9.9818e+01	
 9.9813e+01	
 9.9805e+01	
 9.9815e+01	
 9.9823e+01	
 9.9827e+01	
 9.9822e+01	
 9.9823e+01	
 9.9828e+01	
 9.9818e+01	
 9.9827e+01	
 9.9823e+01	
 9.9825e+01	
 9.9827e+01	
 9.9830e+01	
 9.9818e+01	
 9.9832e+01	
 9.9838e+01	
 9.9832e+01	
 9.9840e+01	
 9.9835e+01	
 9.9845e+01	
 9.9840e+01	
 9.9832e+01	
 9.9842e+01	
 9.9843e+01	
 9.9838e+01	
 9.9843e+01	
 9.9837e+01	
 9.9838e+01	
 9.9843e+01	
 9.9833e+01	
 9.9832e+01	
 9.9842e+01	
 9.9838e+01	
 9.9838e+01	
 9.9850e+01	
