% mean class accuracy (train set)	
 7.0313e+01	
 9.0209e+01	
 9.3764e+01	
 9.5193e+01	
 9.5942e+01	
 9.6440e+01	
 9.6778e+01	
 9.7063e+01	
 9.7261e+01	
 9.7446e+01	
 9.7608e+01	
 9.7737e+01	
 9.7835e+01	
 9.7932e+01	
 9.8027e+01	
 9.8093e+01	
 9.8174e+01	
 9.8247e+01	
 9.8311e+01	
 9.8345e+01	
 9.8408e+01	
 9.8450e+01	
 9.8496e+01	
 9.8538e+01	
 9.8578e+01	
 9.8619e+01	
 9.8640e+01	
 9.8680e+01	
 9.8711e+01	
 9.8743e+01	
 9.8767e+01	
 9.8801e+01	
 9.8817e+01	
 9.8849e+01	
 9.8887e+01	
 9.8898e+01	
 9.8920e+01	
 9.8943e+01	
 9.8955e+01	
 9.8977e+01	
 9.9003e+01	
 9.9023e+01	
 9.9038e+01	
 9.9058e+01	
 9.9070e+01	
 9.9084e+01	
 9.9117e+01	
 9.9121e+01	
 9.9139e+01	
 9.9150e+01	
 9.9171e+01	
 9.9172e+01	
 9.9187e+01	
 9.9212e+01	
 9.9220e+01	
 9.9241e+01	
 9.9239e+01	
 9.9248e+01	
 9.9266e+01	
 9.9271e+01	
 9.9285e+01	
 9.9297e+01	
 9.9300e+01	
 9.9325e+01	
 9.9337e+01	
 9.9339e+01	
 9.9350e+01	
 9.9358e+01	
 9.9373e+01	
 9.9376e+01	
 9.9384e+01	
 9.9403e+01	
 9.9400e+01	
 9.9407e+01	
 9.9415e+01	
 9.9424e+01	
 9.9437e+01	
 9.9445e+01	
 9.9455e+01	
 9.9466e+01	
 9.9466e+01	
 9.9472e+01	
 9.9479e+01	
 9.9485e+01	
 9.9505e+01	
 9.9505e+01	
 9.9503e+01	
 9.9517e+01	
 9.9510e+01	
 9.9531e+01	
 9.9536e+01	
 9.9548e+01	
 9.9550e+01	
 9.9547e+01	
 9.9559e+01	
 9.9557e+01	
 9.9566e+01	
 9.9576e+01	
 9.9583e+01	
 9.9585e+01	
 9.9595e+01	
 9.9591e+01	
 9.9602e+01	
 9.9609e+01	
 9.9610e+01	
 9.9613e+01	
 9.9622e+01	
 9.9627e+01	
 9.9633e+01	
 9.9629e+01	
 9.9636e+01	
 9.9643e+01	
 9.9648e+01	
 9.9649e+01	
 9.9662e+01	
 9.9659e+01	
 9.9667e+01	
 9.9671e+01	
 9.9674e+01	
 9.9676e+01	
 9.9681e+01	
 9.9687e+01	
 9.9693e+01	
 9.9694e+01	
 9.9697e+01	
 9.9698e+01	
 9.9709e+01	
 9.9712e+01	
 9.9715e+01	
 9.9718e+01	
 9.9726e+01	
 9.9724e+01	
 9.9734e+01	
 9.9731e+01	
 9.9740e+01	
 9.9743e+01	
 9.9748e+01	
 9.9743e+01	
 9.9751e+01	
 9.9756e+01	
 9.9759e+01	
 9.9757e+01	
 9.9754e+01	
 9.9761e+01	
 9.9774e+01	
 9.9771e+01	
 9.9776e+01	
 9.9778e+01	
 9.9784e+01	
 9.9785e+01	
 9.9788e+01	
 9.9796e+01	
 9.9791e+01	
 9.9795e+01	
 9.9801e+01	
 9.9799e+01	
 9.9805e+01	
 9.9804e+01	
 9.9811e+01	
 9.9813e+01	
 9.9811e+01	
 9.9812e+01	
 9.9820e+01	
 9.9816e+01	
 9.9823e+01	
 9.9827e+01	
 9.9829e+01	
 9.9828e+01	
 9.9831e+01	
 9.9836e+01	
 9.9835e+01	
 9.9838e+01	
 9.9838e+01	
 9.9840e+01	
 9.9843e+01	
 9.9847e+01	
 9.9855e+01	
 9.9854e+01	
 9.9851e+01	
 9.9860e+01	
 9.9853e+01	
 9.9857e+01	
 9.9863e+01	
 9.9862e+01	
 9.9861e+01	
 9.9875e+01	
 9.9869e+01	
 9.9874e+01	
 9.9868e+01	
 9.9874e+01	
 9.9879e+01	
 9.9880e+01	
 9.9877e+01	
 9.9880e+01	
 9.9877e+01	
 9.9885e+01	
 9.9882e+01	
 9.9887e+01	
 9.9890e+01	
 9.9888e+01	
 9.9894e+01	
 9.9894e+01	
 9.9897e+01	
 9.9893e+01	
 9.9898e+01	
 9.9904e+01	
 9.9899e+01	
 9.9900e+01	
 9.9907e+01	
 9.9901e+01	
 9.9905e+01	
 9.9903e+01	
 9.9908e+01	
 9.9907e+01	
 9.9911e+01	
 9.9911e+01	
 9.9913e+01	
 9.9909e+01	
 9.9915e+01	
 9.9920e+01	
 9.9917e+01	
 9.9920e+01	
 9.9920e+01	
 9.9926e+01	
 9.9922e+01	
 9.9926e+01	
 9.9928e+01	
 9.9927e+01	
 9.9926e+01	
 9.9925e+01	
 9.9930e+01	
 9.9930e+01	
 9.9935e+01	
 9.9929e+01	
 9.9927e+01	
 9.9938e+01	
 9.9935e+01	
 9.9933e+01	
 9.9932e+01	
 9.9938e+01	
 9.9938e+01	
 9.9937e+01	
 9.9939e+01	
 9.9945e+01	
 9.9944e+01	
 9.9940e+01	
 9.9947e+01	
 9.9944e+01	
 9.9946e+01	
 9.9947e+01	
