% mean class accuracy (train set)	
 4.3597e+01	
 6.8328e+01	
 7.7465e+01	
 8.3837e+01	
 8.7688e+01	
 8.9855e+01	
 9.1347e+01	
 9.2322e+01	
 9.3053e+01	
 9.3675e+01	
 9.4137e+01	
 9.4528e+01	
 9.4928e+01	
 9.5150e+01	
 9.5382e+01	
 9.5665e+01	
 9.5802e+01	
 9.5985e+01	
 9.6180e+01	
 9.6342e+01	
 9.6433e+01	
 9.6535e+01	
 9.6697e+01	
 9.6763e+01	
 9.6883e+01	
 9.6933e+01	
 9.7055e+01	
 9.7157e+01	
 9.7195e+01	
 9.7293e+01	
 9.7327e+01	
 9.7397e+01	
 9.7417e+01	
 9.7532e+01	
 9.7575e+01	
 9.7645e+01	
 9.7680e+01	
 9.7740e+01	
 9.7745e+01	
 9.7808e+01	
 9.7868e+01	
 9.7895e+01	
 9.7923e+01	
 9.7995e+01	
 9.8028e+01	
 9.8063e+01	
 9.8072e+01	
 9.8088e+01	
 9.8098e+01	
 9.8147e+01	
 9.8188e+01	
 9.8217e+01	
 9.8245e+01	
 9.8280e+01	
 9.8270e+01	
 9.8347e+01	
 9.8328e+01	
 9.8340e+01	
 9.8433e+01	
 9.8407e+01	
 9.8427e+01	
 9.8473e+01	
 9.8472e+01	
 9.8503e+01	
 9.8537e+01	
 9.8540e+01	
 9.8608e+01	
 9.8605e+01	
 9.8617e+01	
 9.8600e+01	
 9.8653e+01	
 9.8672e+01	
 9.8668e+01	
 9.8710e+01	
 9.8728e+01	
 9.8733e+01	
 9.8755e+01	
 9.8777e+01	
 9.8792e+01	
 9.8770e+01	
 9.8812e+01	
 9.8822e+01	
 9.8827e+01	
 9.8872e+01	
 9.8883e+01	
 9.8882e+01	
 9.8912e+01	
 9.8917e+01	
 9.8922e+01	
 9.8927e+01	
 9.8940e+01	
 9.8945e+01	
 9.8952e+01	
 9.8988e+01	
 9.9012e+01	
 9.8997e+01	
 9.9013e+01	
 9.9025e+01	
 9.9047e+01	
 9.9045e+01	
 9.9058e+01	
 9.9063e+01	
 9.9078e+01	
 9.9082e+01	
 9.9092e+01	
 9.9123e+01	
 9.9125e+01	
 9.9133e+01	
 9.9147e+01	
 9.9143e+01	
 9.9160e+01	
 9.9150e+01	
 9.9175e+01	
 9.9197e+01	
 9.9170e+01	
 9.9220e+01	
 9.9215e+01	
 9.9223e+01	
 9.9228e+01	
 9.9242e+01	
 9.9255e+01	
 9.9270e+01	
 9.9255e+01	
 9.9262e+01	
 9.9283e+01	
 9.9292e+01	
 9.9292e+01	
 9.9315e+01	
 9.9305e+01	
 9.9325e+01	
 9.9350e+01	
 9.9343e+01	
 9.9360e+01	
 9.9367e+01	
 9.9363e+01	
 9.9365e+01	
 9.9360e+01	
 9.9373e+01	
 9.9393e+01	
 9.9430e+01	
 9.9370e+01	
 9.9415e+01	
 9.9403e+01	
 9.9417e+01	
 9.9438e+01	
 9.9445e+01	
 9.9445e+01	
 9.9455e+01	
 9.9457e+01	
 9.9443e+01	
 9.9455e+01	
 9.9468e+01	
 9.9468e+01	
 9.9483e+01	
 9.9498e+01	
 9.9498e+01	
 9.9508e+01	
 9.9498e+01	
 9.9508e+01	
 9.9518e+01	
 9.9525e+01	
 9.9547e+01	
 9.9573e+01	
 9.9538e+01	
 9.9567e+01	
 9.9543e+01	
 9.9543e+01	
 9.9563e+01	
 9.9560e+01	
 9.9572e+01	
 9.9595e+01	
 9.9565e+01	
 9.9590e+01	
 9.9598e+01	
 9.9573e+01	
 9.9612e+01	
 9.9613e+01	
 9.9613e+01	
 9.9610e+01	
 9.9615e+01	
 9.9607e+01	
 9.9610e+01	
 9.9642e+01	
 9.9635e+01	
 9.9640e+01	
 9.9637e+01	
 9.9655e+01	
 9.9642e+01	
 9.9640e+01	
 9.9670e+01	
 9.9670e+01	
 9.9667e+01	
 9.9677e+01	
 9.9665e+01	
 9.9670e+01	
 9.9687e+01	
 9.9697e+01	
 9.9698e+01	
 9.9687e+01	
 9.9695e+01	
 9.9713e+01	
 9.9697e+01	
 9.9720e+01	
 9.9698e+01	
 9.9713e+01	
 9.9708e+01	
 9.9732e+01	
 9.9723e+01	
 9.9733e+01	
 9.9718e+01	
 9.9727e+01	
 9.9737e+01	
 9.9737e+01	
 9.9748e+01	
 9.9733e+01	
 9.9735e+01	
 9.9740e+01	
 9.9743e+01	
 9.9748e+01	
 9.9777e+01	
 9.9760e+01	
 9.9768e+01	
 9.9752e+01	
 9.9773e+01	
 9.9762e+01	
 9.9772e+01	
 9.9778e+01	
 9.9783e+01	
 9.9782e+01	
 9.9795e+01	
 9.9778e+01	
 9.9780e+01	
 9.9780e+01	
 9.9790e+01	
 9.9798e+01	
 9.9803e+01	
 9.9777e+01	
 9.9797e+01	
 9.9820e+01	
 9.9818e+01	
 9.9818e+01	
 9.9793e+01	
 9.9817e+01	
 9.9822e+01	
 9.9825e+01	
 9.9812e+01	
 9.9812e+01	
 9.9805e+01	
 9.9825e+01	
 9.9827e+01	
