% mean class accuracy (train set)	
 8.2288e+01	
 9.5070e+01	
 9.6731e+01	
 9.7437e+01	
 9.7871e+01	
 9.8168e+01	
 9.8386e+01	
 9.8561e+01	
 9.8707e+01	
 9.8835e+01	
 9.8938e+01	
 9.9035e+01	
 9.9106e+01	
 9.9165e+01	
 9.9239e+01	
 9.9290e+01	
 9.9338e+01	
 9.9384e+01	
 9.9425e+01	
 9.9462e+01	
 9.9492e+01	
 9.9522e+01	
 9.9551e+01	
 9.9578e+01	
 9.9599e+01	
 9.9622e+01	
 9.9648e+01	
 9.9668e+01	
 9.9689e+01	
 9.9706e+01	
 9.9719e+01	
 9.9729e+01	
 9.9749e+01	
 9.9767e+01	
 9.9779e+01	
 9.9785e+01	
 9.9800e+01	
 9.9807e+01	
 9.9818e+01	
 9.9828e+01	
 9.9833e+01	
 9.9843e+01	
 9.9851e+01	
 9.9857e+01	
 9.9866e+01	
 9.9870e+01	
 9.9875e+01	
 9.9887e+01	
 9.9890e+01	
 9.9893e+01	
 9.9896e+01	
 9.9907e+01	
 9.9907e+01	
 9.9913e+01	
 9.9916e+01	
 9.9924e+01	
 9.9924e+01	
 9.9922e+01	
 9.9926e+01	
 9.9928e+01	
 9.9935e+01	
 9.9935e+01	
 9.9938e+01	
 9.9941e+01	
 9.9942e+01	
 9.9945e+01	
 9.9946e+01	
 9.9949e+01	
 9.9951e+01	
 9.9953e+01	
 9.9954e+01	
 9.9953e+01	
 9.9957e+01	
 9.9958e+01	
 9.9960e+01	
 9.9963e+01	
 9.9961e+01	
 9.9963e+01	
 9.9965e+01	
 9.9969e+01	
 9.9966e+01	
 9.9966e+01	
 9.9967e+01	
 9.9970e+01	
 9.9973e+01	
 9.9970e+01	
 9.9973e+01	
 9.9973e+01	
 9.9975e+01	
 9.9974e+01	
 9.9977e+01	
 9.9975e+01	
 9.9976e+01	
 9.9976e+01	
 9.9980e+01	
 9.9979e+01	
 9.9981e+01	
 9.9982e+01	
 9.9980e+01	
 9.9982e+01	
 9.9981e+01	
 9.9983e+01	
 9.9981e+01	
 9.9983e+01	
 9.9982e+01	
 9.9983e+01	
 9.9984e+01	
 9.9984e+01	
 9.9985e+01	
 9.9986e+01	
 9.9986e+01	
 9.9986e+01	
 9.9984e+01	
 9.9987e+01	
 9.9985e+01	
 9.9986e+01	
 9.9987e+01	
 9.9987e+01	
 9.9989e+01	
 9.9986e+01	
 9.9989e+01	
 9.9989e+01	
 9.9988e+01	
 9.9989e+01	
 9.9990e+01	
 9.9990e+01	
 9.9989e+01	
 9.9991e+01	
 9.9991e+01	
 9.9990e+01	
 9.9991e+01	
 9.9991e+01	
 9.9992e+01	
 9.9992e+01	
 9.9991e+01	
 9.9992e+01	
 9.9993e+01	
 9.9994e+01	
 9.9993e+01	
 9.9993e+01	
 9.9991e+01	
 9.9993e+01	
 9.9993e+01	
 9.9993e+01	
 9.9993e+01	
 9.9993e+01	
 9.9994e+01	
 9.9995e+01	
 9.9993e+01	
 9.9994e+01	
 9.9993e+01	
 9.9994e+01	
 9.9993e+01	
 9.9993e+01	
 9.9994e+01	
 9.9995e+01	
 9.9995e+01	
 9.9994e+01	
 9.9994e+01	
 9.9995e+01	
 9.9994e+01	
 9.9994e+01	
 9.9994e+01	
 9.9995e+01	
 9.9995e+01	
 9.9996e+01	
 9.9996e+01	
 9.9996e+01	
 9.9996e+01	
 9.9996e+01	
 9.9994e+01	
 9.9996e+01	
 9.9995e+01	
 9.9996e+01	
 9.9995e+01	
 9.9996e+01	
 9.9996e+01	
 9.9995e+01	
 9.9997e+01	
 9.9995e+01	
 9.9995e+01	
 9.9996e+01	
 9.9997e+01	
 9.9996e+01	
 9.9996e+01	
 9.9996e+01	
 9.9996e+01	
 9.9996e+01	
 9.9996e+01	
 9.9997e+01	
 9.9996e+01	
 9.9997e+01	
 9.9997e+01	
 9.9997e+01	
 9.9997e+01	
 9.9997e+01	
 9.9998e+01	
 9.9997e+01	
 9.9997e+01	
 9.9997e+01	
 9.9997e+01	
 9.9998e+01	
 9.9997e+01	
 9.9997e+01	
 9.9997e+01	
 9.9997e+01	
 9.9997e+01	
 9.9997e+01	
 9.9998e+01	
 9.9997e+01	
 9.9997e+01	
 9.9997e+01	
 9.9997e+01	
 9.9998e+01	
 9.9997e+01	
 9.9997e+01	
 9.9998e+01	
 9.9998e+01	
 9.9998e+01	
 9.9997e+01	
 9.9998e+01	
 9.9997e+01	
 9.9998e+01	
 9.9998e+01	
 9.9998e+01	
 9.9997e+01	
 9.9998e+01	
 9.9998e+01	
 9.9998e+01	
 9.9998e+01	
 9.9998e+01	
 9.9997e+01	
 9.9998e+01	
 9.9998e+01	
 9.9998e+01	
 9.9998e+01	
 9.9998e+01	
 9.9998e+01	
 9.9998e+01	
 9.9998e+01	
 9.9998e+01	
 9.9999e+01	
 9.9998e+01	
 9.9997e+01	
 9.9998e+01	
 9.9998e+01	
 9.9998e+01	
 9.9998e+01	
 9.9999e+01	
 9.9998e+01	
