% mean class accuracy (train set)	
 4.9703e+01	
 8.1089e+01	
 8.4890e+01	
 8.6432e+01	
 8.7085e+01	
 8.7462e+01	
 8.7704e+01	
 8.7908e+01	
 8.8054e+01	
 8.8176e+01	
 8.8291e+01	
 8.8372e+01	
 8.8476e+01	
 8.8541e+01	
 8.8613e+01	
 8.8668e+01	
 8.8733e+01	
 8.8782e+01	
 8.8825e+01	
 8.8857e+01	
 8.8888e+01	
 8.8942e+01	
 8.8983e+01	
 8.9000e+01	
 8.9028e+01	
 8.9063e+01	
 8.9086e+01	
 8.9119e+01	
 8.9141e+01	
 8.9167e+01	
 8.9198e+01	
 9.7152e+01	
 9.8692e+01	
 9.8737e+01	
 9.8802e+01	
 9.8821e+01	
 9.8850e+01	
 9.8881e+01	
 9.8909e+01	
 9.8937e+01	
 9.8964e+01	
 9.8987e+01	
 9.9005e+01	
 9.9025e+01	
 9.9050e+01	
 9.9071e+01	
 9.9090e+01	
 9.9099e+01	
 9.9133e+01	
 9.9143e+01	
 9.9162e+01	
 9.9173e+01	
 9.9192e+01	
 9.9210e+01	
 9.9223e+01	
 9.9240e+01	
 9.9251e+01	
 9.9253e+01	
 9.9275e+01	
 9.9285e+01	
 9.9298e+01	
 9.9315e+01	
 9.9329e+01	
 9.9334e+01	
 9.9356e+01	
 9.9355e+01	
 9.9372e+01	
 9.9378e+01	
 9.9390e+01	
 9.9410e+01	
 9.9405e+01	
 9.9419e+01	
 9.9419e+01	
 9.9444e+01	
 9.9441e+01	
 9.9455e+01	
 9.9464e+01	
 9.9470e+01	
 9.9484e+01	
 9.9482e+01	
 9.9480e+01	
 9.9501e+01	
 9.9501e+01	
 9.9515e+01	
 9.9515e+01	
 9.9529e+01	
 9.9533e+01	
 9.9546e+01	
 9.9548e+01	
 9.9549e+01	
 9.9560e+01	
 9.9569e+01	
 9.9569e+01	
 9.9571e+01	
 9.9572e+01	
 9.9585e+01	
 9.9591e+01	
 9.9593e+01	
 9.9602e+01	
 9.9602e+01	
 9.9606e+01	
 9.9611e+01	
 9.9620e+01	
 9.9627e+01	
 9.9633e+01	
 9.9626e+01	
 9.9637e+01	
 9.9642e+01	
 9.9642e+01	
 9.9652e+01	
 9.9650e+01	
 9.9658e+01	
 9.9666e+01	
 9.9659e+01	
 9.9670e+01	
 9.9671e+01	
 9.9678e+01	
 9.9676e+01	
 9.9688e+01	
 9.9686e+01	
 9.9688e+01	
 9.9690e+01	
 9.9700e+01	
 9.9701e+01	
 9.9707e+01	
 9.9707e+01	
 9.9715e+01	
 9.9720e+01	
 9.9716e+01	
 9.9722e+01	
 9.9724e+01	
 9.9727e+01	
 9.9726e+01	
 9.9734e+01	
 9.9736e+01	
 9.9737e+01	
 9.9745e+01	
 9.9742e+01	
 9.9747e+01	
 9.9754e+01	
 9.9755e+01	
 9.9761e+01	
 9.9762e+01	
 9.9759e+01	
 9.9759e+01	
 9.9770e+01	
 9.9768e+01	
 9.9774e+01	
 9.9779e+01	
 9.9774e+01	
 9.9776e+01	
 9.9785e+01	
 9.9775e+01	
 9.9786e+01	
 9.9787e+01	
 9.9792e+01	
 9.9792e+01	
 9.9795e+01	
 9.9799e+01	
 9.9801e+01	
 9.9801e+01	
 9.9804e+01	
 9.9810e+01	
 9.9809e+01	
 9.9815e+01	
 9.9816e+01	
 9.9815e+01	
 9.9822e+01	
 9.9824e+01	
 9.9823e+01	
 9.9822e+01	
 9.9821e+01	
 9.9827e+01	
 9.9824e+01	
 9.9828e+01	
 9.9836e+01	
 9.9836e+01	
 9.9838e+01	
 9.9836e+01	
 9.9836e+01	
 9.9836e+01	
 9.9841e+01	
 9.9844e+01	
 9.9845e+01	
 9.9850e+01	
 9.9850e+01	
 9.9855e+01	
 9.9854e+01	
 9.9858e+01	
 9.9853e+01	
 9.9856e+01	
 9.9858e+01	
 9.9861e+01	
 9.9863e+01	
 9.9864e+01	
 9.9867e+01	
 9.9864e+01	
 9.9870e+01	
 9.9871e+01	
 9.9869e+01	
 9.9875e+01	
 9.9873e+01	
 9.9878e+01	
 9.9879e+01	
 9.9875e+01	
 9.9879e+01	
 9.9877e+01	
 9.9884e+01	
 9.9884e+01	
 9.9887e+01	
 9.9886e+01	
 9.9887e+01	
 9.9890e+01	
 9.9886e+01	
 9.9890e+01	
 9.9890e+01	
 9.9893e+01	
 9.9892e+01	
 9.9897e+01	
 9.9896e+01	
 9.9895e+01	
 9.9900e+01	
 9.9902e+01	
 9.9900e+01	
 9.9905e+01	
 9.9900e+01	
 9.9906e+01	
 9.9907e+01	
 9.9907e+01	
 9.9906e+01	
 9.9908e+01	
 9.9908e+01	
 9.9908e+01	
 9.9910e+01	
 9.9908e+01	
 9.9912e+01	
 9.9912e+01	
 9.9916e+01	
 9.9916e+01	
 9.9917e+01	
 9.9920e+01	
 9.9919e+01	
 9.9920e+01	
 9.9918e+01	
 9.9921e+01	
 9.9921e+01	
 9.9925e+01	
 9.9928e+01	
 9.9927e+01	
 9.9926e+01	
