% mean class accuracy (train set)	
 1.2958e+01	
 2.6485e+01	
 3.7958e+01	
 3.9967e+01	
 4.6778e+01	
 6.2222e+01	
 6.8125e+01	
 7.0088e+01	
 7.1132e+01	
 7.1747e+01	
 7.2262e+01	
 7.2580e+01	
 7.2865e+01	
 7.3152e+01	
 7.3422e+01	
 7.3717e+01	
 8.6383e+01	
 9.1433e+01	
 9.1873e+01	
 9.2248e+01	
 9.2507e+01	
 9.2825e+01	
 9.3143e+01	
 9.3403e+01	
 9.3687e+01	
 9.3890e+01	
 9.4043e+01	
 9.4323e+01	
 9.4470e+01	
 9.4657e+01	
 9.4842e+01	
 9.5035e+01	
 9.5145e+01	
 9.5340e+01	
 9.5480e+01	
 9.5622e+01	
 9.5727e+01	
 9.5843e+01	
 9.5948e+01	
 9.6067e+01	
 9.6145e+01	
 9.6282e+01	
 9.6262e+01	
 9.6417e+01	
 9.6488e+01	
 9.6602e+01	
 9.6602e+01	
 9.6690e+01	
 9.6733e+01	
 9.6810e+01	
 9.6905e+01	
 9.6912e+01	
 9.7023e+01	
 9.7027e+01	
 9.7132e+01	
 9.7137e+01	
 9.7203e+01	
 9.7275e+01	
 9.7260e+01	
 9.7357e+01	
 9.7357e+01	
 9.7358e+01	
 9.7440e+01	
 9.7417e+01	
 9.7537e+01	
 9.7533e+01	
 9.7548e+01	
 9.7593e+01	
 9.7637e+01	
 9.7677e+01	
 9.7680e+01	
 9.7717e+01	
 9.7745e+01	
 9.7787e+01	
 9.7787e+01	
 9.7828e+01	
 9.7853e+01	
 9.7872e+01	
 9.7918e+01	
 9.7942e+01	
 9.7897e+01	
 9.7962e+01	
 9.7945e+01	
 9.8048e+01	
 9.7982e+01	
 9.8018e+01	
 9.8060e+01	
 9.8100e+01	
 9.8095e+01	
 9.8115e+01	
 9.8138e+01	
 9.8170e+01	
 9.8180e+01	
 9.8227e+01	
 9.8207e+01	
 9.8225e+01	
 9.8262e+01	
 9.8223e+01	
 9.8312e+01	
 9.8288e+01	
 9.8272e+01	
 9.8293e+01	
 9.8337e+01	
 9.8347e+01	
 9.8375e+01	
 9.8350e+01	
 9.8417e+01	
 9.8403e+01	
 9.8393e+01	
 9.8435e+01	
 9.8427e+01	
 9.8448e+01	
 9.8463e+01	
 9.8480e+01	
 9.8493e+01	
 9.8490e+01	
 9.8523e+01	
 9.8485e+01	
 9.8548e+01	
 9.8542e+01	
 9.8552e+01	
 9.8600e+01	
 9.8568e+01	
 9.8617e+01	
 9.8608e+01	
 9.8622e+01	
 9.8615e+01	
 9.8608e+01	
 9.8627e+01	
 9.8613e+01	
 9.8653e+01	
 9.8683e+01	
 9.8707e+01	
 9.8690e+01	
 9.8728e+01	
 9.8727e+01	
 9.8738e+01	
 9.8742e+01	
 9.8718e+01	
 9.8732e+01	
 9.8782e+01	
 9.8765e+01	
 9.8785e+01	
 9.8805e+01	
 9.8795e+01	
 9.8830e+01	
 9.8808e+01	
 9.8817e+01	
 9.8823e+01	
 9.8828e+01	
 9.8842e+01	
 9.8855e+01	
 9.8863e+01	
 9.8883e+01	
 9.8880e+01	
 9.8902e+01	
 9.8900e+01	
 9.8927e+01	
 9.8917e+01	
 9.8913e+01	
 9.8937e+01	
 9.8955e+01	
 9.8938e+01	
 9.8952e+01	
 9.8937e+01	
 9.8947e+01	
 9.9017e+01	
 9.8977e+01	
 9.8985e+01	
 9.9013e+01	
 9.8983e+01	
 9.9005e+01	
 9.9002e+01	
 9.9023e+01	
 9.9057e+01	
 9.9028e+01	
 9.9015e+01	
 9.9063e+01	
 9.9035e+01	
 9.9067e+01	
 9.9087e+01	
 9.9082e+01	
 9.9090e+01	
 9.9108e+01	
 9.9113e+01	
 9.9125e+01	
 9.9112e+01	
 9.9118e+01	
 9.9105e+01	
 9.9117e+01	
 9.9138e+01	
 9.9147e+01	
 9.9167e+01	
 9.9165e+01	
 9.9167e+01	
 9.9168e+01	
 9.9190e+01	
 9.9177e+01	
 9.9205e+01	
 9.9193e+01	
 9.9182e+01	
 9.9218e+01	
 9.9220e+01	
 9.9212e+01	
 9.9220e+01	
 9.9207e+01	
 9.9245e+01	
 9.9252e+01	
 9.9248e+01	
 9.9262e+01	
 9.9267e+01	
 9.9247e+01	
 9.9270e+01	
 9.9272e+01	
 9.9292e+01	
 9.9305e+01	
 9.9283e+01	
 9.9325e+01	
 9.9290e+01	
 9.9305e+01	
 9.9328e+01	
 9.9343e+01	
 9.9308e+01	
 9.9343e+01	
 9.9325e+01	
 9.9332e+01	
 9.9380e+01	
 9.9370e+01	
 9.9357e+01	
 9.9365e+01	
 9.9377e+01	
 9.9347e+01	
 9.9392e+01	
 9.9378e+01	
 9.9410e+01	
 9.9388e+01	
 9.9395e+01	
 9.9412e+01	
 9.9400e+01	
 9.9410e+01	
 9.9427e+01	
 9.9393e+01	
 9.9433e+01	
 9.9435e+01	
 9.9422e+01	
 9.9430e+01	
 9.9433e+01	
 9.9435e+01	
 9.9445e+01	
 9.9448e+01	
