% mean class accuracy (train set)	
 6.1198e+01	
 8.2920e+01	
 8.9797e+01	
 9.2445e+01	
 9.3850e+01	
 9.4852e+01	
 9.5447e+01	
 9.5953e+01	
 9.6293e+01	
 9.6545e+01	
 9.6797e+01	
 9.7020e+01	
 9.7200e+01	
 9.7303e+01	
 9.7483e+01	
 9.7642e+01	
 9.7758e+01	
 9.7835e+01	
 9.7910e+01	
 9.8002e+01	
 9.8090e+01	
 9.8123e+01	
 9.8177e+01	
 9.8302e+01	
 9.8345e+01	
 9.8388e+01	
 9.8427e+01	
 9.8507e+01	
 9.8580e+01	
 9.8583e+01	
 9.8625e+01	
 9.8702e+01	
 9.8707e+01	
 9.8747e+01	
 9.8788e+01	
 9.8793e+01	
 9.8867e+01	
 9.8898e+01	
 9.8910e+01	
 9.8965e+01	
 9.8988e+01	
 9.9075e+01	
 9.9020e+01	
 9.9072e+01	
 9.9083e+01	
 9.9128e+01	
 9.9147e+01	
 9.9155e+01	
 9.9207e+01	
 9.9248e+01	
 9.9248e+01	
 9.9253e+01	
 9.9255e+01	
 9.9292e+01	
 9.9308e+01	
 9.9330e+01	
 9.9343e+01	
 9.9357e+01	
 9.9383e+01	
 9.9380e+01	
 9.9398e+01	
 9.9407e+01	
 9.9462e+01	
 9.9458e+01	
 9.9452e+01	
 9.9485e+01	
 9.9507e+01	
 9.9538e+01	
 9.9498e+01	
 9.9523e+01	
 9.9590e+01	
 9.9553e+01	
 9.9553e+01	
 9.9602e+01	
 9.9582e+01	
 9.9592e+01	
 9.9558e+01	
 9.9618e+01	
 9.9630e+01	
 9.9670e+01	
 9.9672e+01	
 9.9662e+01	
 9.9708e+01	
 9.9680e+01	
 9.9708e+01	
 9.9683e+01	
 9.9705e+01	
 9.9728e+01	
 9.9733e+01	
 9.9720e+01	
 9.9762e+01	
 9.9733e+01	
 9.9735e+01	
 9.9732e+01	
 9.9770e+01	
 9.9758e+01	
 9.9773e+01	
 9.9797e+01	
 9.9795e+01	
 9.9800e+01	
 9.9800e+01	
 9.9798e+01	
 9.9812e+01	
 9.9803e+01	
 9.9833e+01	
 9.9810e+01	
 9.9808e+01	
 9.9830e+01	
 9.9830e+01	
 9.9822e+01	
 9.9828e+01	
 9.9845e+01	
 9.9840e+01	
 9.9847e+01	
 9.9858e+01	
 9.9865e+01	
 9.9863e+01	
 9.9868e+01	
 9.9847e+01	
 9.9863e+01	
 9.9880e+01	
 9.9887e+01	
 9.9893e+01	
 9.9903e+01	
 9.9887e+01	
 9.9883e+01	
 9.9908e+01	
 9.9888e+01	
 9.9903e+01	
 9.9905e+01	
 9.9895e+01	
 9.9907e+01	
 9.9908e+01	
 9.9912e+01	
 9.9917e+01	
 9.9923e+01	
 9.9912e+01	
 9.9915e+01	
 9.9918e+01	
 9.9927e+01	
 9.9925e+01	
 9.9920e+01	
 9.9928e+01	
 9.9925e+01	
 9.9923e+01	
 9.9942e+01	
 9.9933e+01	
 9.9938e+01	
 9.9933e+01	
 9.9935e+01	
 9.9947e+01	
 9.9937e+01	
 9.9942e+01	
 9.9933e+01	
 9.9938e+01	
 9.9942e+01	
 9.9942e+01	
 9.9950e+01	
 9.9943e+01	
 9.9950e+01	
 9.9948e+01	
 9.9942e+01	
 9.9940e+01	
 9.9940e+01	
 9.9953e+01	
 9.9947e+01	
 9.9950e+01	
 9.9950e+01	
 9.9960e+01	
 9.9948e+01	
 9.9962e+01	
 9.9957e+01	
 9.9945e+01	
 9.9960e+01	
 9.9958e+01	
 9.9962e+01	
 9.9952e+01	
 9.9967e+01	
 9.9957e+01	
 9.9975e+01	
 9.9968e+01	
 9.9968e+01	
 9.9967e+01	
 9.9960e+01	
 9.9973e+01	
 9.9973e+01	
 9.9967e+01	
 9.9968e+01	
 9.9963e+01	
 9.9963e+01	
 9.9963e+01	
 9.9963e+01	
 9.9963e+01	
 9.9972e+01	
 9.9968e+01	
 9.9972e+01	
 9.9970e+01	
 9.9975e+01	
 9.9978e+01	
 9.9972e+01	
 9.9965e+01	
 9.9978e+01	
 9.9980e+01	
 9.9978e+01	
 9.9982e+01	
 9.9983e+01	
 9.9975e+01	
 9.9977e+01	
 9.9975e+01	
 9.9973e+01	
 9.9978e+01	
 9.9980e+01	
 9.9980e+01	
 9.9980e+01	
 9.9982e+01	
 9.9980e+01	
 9.9983e+01	
 9.9987e+01	
 9.9978e+01	
 9.9973e+01	
 9.9987e+01	
 9.9988e+01	
 9.9978e+01	
 9.9987e+01	
 9.9990e+01	
 9.9985e+01	
 9.9988e+01	
 9.9987e+01	
 9.9983e+01	
 9.9987e+01	
 9.9977e+01	
 9.9983e+01	
 9.9987e+01	
 9.9988e+01	
 9.9987e+01	
 9.9987e+01	
 9.9980e+01	
 9.9990e+01	
 9.9982e+01	
 9.9982e+01	
 9.9980e+01	
 9.9985e+01	
 9.9985e+01	
 9.9988e+01	
 9.9983e+01	
 9.9982e+01	
 9.9985e+01	
 9.9990e+01	
 9.9985e+01	
 9.9988e+01	
