% mean class accuracy (train set)	
 4.3513e+01	
 7.8233e+01	
 8.1448e+01	
 8.3103e+01	
 9.2960e+01	
 9.4108e+01	
 9.4928e+01	
 9.5447e+01	
 9.5962e+01	
 9.6277e+01	
 9.6593e+01	
 9.6862e+01	
 9.7062e+01	
 9.7283e+01	
 9.7425e+01	
 9.7583e+01	
 9.7710e+01	
 9.7828e+01	
 9.7922e+01	
 9.8015e+01	
 9.8097e+01	
 9.8167e+01	
 9.8248e+01	
 9.8283e+01	
 9.8362e+01	
 9.8478e+01	
 9.8482e+01	
 9.8602e+01	
 9.8640e+01	
 9.8690e+01	
 9.8750e+01	
 9.8728e+01	
 9.8788e+01	
 9.8862e+01	
 9.8857e+01	
 9.8920e+01	
 9.8925e+01	
 9.9022e+01	
 9.9032e+01	
 9.9067e+01	
 9.9080e+01	
 9.9132e+01	
 9.9145e+01	
 9.9162e+01	
 9.9210e+01	
 9.9207e+01	
 9.9217e+01	
 9.9295e+01	
 9.9315e+01	
 9.9323e+01	
 9.9365e+01	
 9.9368e+01	
 9.9385e+01	
 9.9373e+01	
 9.9458e+01	
 9.9462e+01	
 9.9450e+01	
 9.9473e+01	
 9.9513e+01	
 9.9503e+01	
 9.9542e+01	
 9.9567e+01	
 9.9573e+01	
 9.9558e+01	
 9.9622e+01	
 9.9608e+01	
 9.9638e+01	
 9.9670e+01	
 9.9670e+01	
 9.9682e+01	
 9.9692e+01	
 9.9675e+01	
 9.9707e+01	
 9.9708e+01	
 9.9735e+01	
 9.9753e+01	
 9.9725e+01	
 9.9742e+01	
 9.9763e+01	
 9.9762e+01	
 9.9765e+01	
 9.9785e+01	
 9.9803e+01	
 9.9798e+01	
 9.9813e+01	
 9.9792e+01	
 9.9832e+01	
 9.9798e+01	
 9.9853e+01	
 9.9845e+01	
 9.9838e+01	
 9.9847e+01	
 9.9852e+01	
 9.9852e+01	
 9.9858e+01	
 9.9877e+01	
 9.9877e+01	
 9.9883e+01	
 9.9885e+01	
 9.9888e+01	
 9.9887e+01	
 9.9905e+01	
 9.9892e+01	
 9.9915e+01	
 9.9917e+01	
 9.9913e+01	
 9.9910e+01	
 9.9905e+01	
 9.9933e+01	
 9.9918e+01	
 9.9920e+01	
 9.9930e+01	
 9.9917e+01	
 9.9938e+01	
 9.9937e+01	
 9.9930e+01	
 9.9937e+01	
 9.9945e+01	
 9.9942e+01	
 9.9942e+01	
 9.9937e+01	
 9.9953e+01	
 9.9947e+01	
 9.9950e+01	
 9.9960e+01	
 9.9967e+01	
 9.9955e+01	
 9.9953e+01	
 9.9967e+01	
 9.9962e+01	
 9.9957e+01	
 9.9968e+01	
 9.9975e+01	
 9.9963e+01	
 9.9953e+01	
 9.9968e+01	
 9.9982e+01	
 9.9972e+01	
 9.9967e+01	
 9.9975e+01	
 9.9968e+01	
 9.9972e+01	
 9.9977e+01	
 9.9978e+01	
 9.9975e+01	
 9.9982e+01	
 9.9980e+01	
 9.9983e+01	
 9.9987e+01	
 9.9980e+01	
 9.9978e+01	
 9.9982e+01	
 9.9980e+01	
 9.9985e+01	
 9.9987e+01	
 9.9987e+01	
 9.9983e+01	
 9.9988e+01	
 9.9988e+01	
 9.9985e+01	
 9.9988e+01	
 9.9993e+01	
 9.9990e+01	
 9.9990e+01	
 9.9990e+01	
 9.9990e+01	
 9.9992e+01	
 9.9992e+01	
 9.9982e+01	
 9.9993e+01	
 9.9995e+01	
 9.9995e+01	
 9.9992e+01	
 9.9993e+01	
 9.9995e+01	
 9.9992e+01	
 9.9992e+01	
 9.9993e+01	
 9.9992e+01	
 9.9995e+01	
 9.9993e+01	
 9.9992e+01	
 9.9992e+01	
 9.9995e+01	
 9.9997e+01	
 9.9997e+01	
 9.9997e+01	
 9.9995e+01	
 9.9995e+01	
 9.9995e+01	
 9.9995e+01	
 9.9997e+01	
 9.9992e+01	
 9.9997e+01	
 9.9995e+01	
 9.9997e+01	
 9.9997e+01	
 9.9997e+01	
 9.9997e+01	
 9.9995e+01	
 9.9997e+01	
 9.9997e+01	
 9.9997e+01	
 9.9997e+01	
 9.9995e+01	
 9.9997e+01	
 9.9995e+01	
 9.9997e+01	
 9.9997e+01	
 9.9997e+01	
 9.9997e+01	
 9.9995e+01	
 9.9997e+01	
 9.9997e+01	
 9.9997e+01	
 9.9997e+01	
 9.9997e+01	
 9.9997e+01	
 9.9997e+01	
 9.9997e+01	
 9.9997e+01	
 9.9997e+01	
 9.9997e+01	
 9.9997e+01	
 9.9997e+01	
 9.9997e+01	
 9.9997e+01	
 9.9997e+01	
 9.9997e+01	
 9.9997e+01	
 9.9997e+01	
 9.9997e+01	
 9.9997e+01	
 9.9997e+01	
 9.9997e+01	
 9.9997e+01	
 9.9997e+01	
 9.9997e+01	
 9.9997e+01	
 9.9997e+01	
 9.9997e+01	
 9.9997e+01	
 9.9997e+01	
 9.9997e+01	
 9.9997e+01	
 9.9997e+01	
 9.9997e+01	
 9.9997e+01	
 9.9997e+01	
 9.9997e+01	
