% mean class accuracy (train set)	
 7.8219e+01	
 9.3685e+01	
 9.5869e+01	
 9.6737e+01	
 9.7229e+01	
 9.7575e+01	
 9.7817e+01	
 9.8015e+01	
 9.8189e+01	
 9.8301e+01	
 9.8411e+01	
 9.8505e+01	
 9.8602e+01	
 9.8666e+01	
 9.8729e+01	
 9.8795e+01	
 9.8843e+01	
 9.8889e+01	
 9.8941e+01	
 9.8983e+01	
 9.9021e+01	
 9.9053e+01	
 9.9094e+01	
 9.9125e+01	
 9.9153e+01	
 9.9183e+01	
 9.9208e+01	
 9.9225e+01	
 9.9248e+01	
 9.9275e+01	
 9.9299e+01	
 9.9311e+01	
 9.9335e+01	
 9.9358e+01	
 9.9365e+01	
 9.9389e+01	
 9.9401e+01	
 9.9410e+01	
 9.9434e+01	
 9.9434e+01	
 9.9456e+01	
 9.9466e+01	
 9.9483e+01	
 9.9489e+01	
 9.9507e+01	
 9.9517e+01	
 9.9520e+01	
 9.9535e+01	
 9.9542e+01	
 9.9556e+01	
 9.9559e+01	
 9.9577e+01	
 9.9586e+01	
 9.9588e+01	
 9.9603e+01	
 9.9613e+01	
 9.9616e+01	
 9.9622e+01	
 9.9637e+01	
 9.9636e+01	
 9.9641e+01	
 9.9650e+01	
 9.9660e+01	
 9.9663e+01	
 9.9669e+01	
 9.9679e+01	
 9.9683e+01	
 9.9686e+01	
 9.9693e+01	
 9.9695e+01	
 9.9702e+01	
 9.9713e+01	
 9.9714e+01	
 9.9720e+01	
 9.9720e+01	
 9.9731e+01	
 9.9732e+01	
 9.9733e+01	
 9.9742e+01	
 9.9742e+01	
 9.9740e+01	
 9.9756e+01	
 9.9760e+01	
 9.9758e+01	
 9.9769e+01	
 9.9765e+01	
 9.9768e+01	
 9.9775e+01	
 9.9781e+01	
 9.9783e+01	
 9.9787e+01	
 9.9790e+01	
 9.9791e+01	
 9.9798e+01	
 9.9803e+01	
 9.9801e+01	
 9.9806e+01	
 9.9805e+01	
 9.9812e+01	
 9.9810e+01	
 9.9822e+01	
 9.9822e+01	
 9.9817e+01	
 9.9825e+01	
 9.9824e+01	
 9.9832e+01	
 9.9829e+01	
 9.9828e+01	
 9.9835e+01	
 9.9837e+01	
 9.9841e+01	
 9.9842e+01	
 9.9846e+01	
 9.9848e+01	
 9.9849e+01	
 9.9854e+01	
 9.9858e+01	
 9.9857e+01	
 9.9860e+01	
 9.9862e+01	
 9.9865e+01	
 9.9865e+01	
 9.9871e+01	
 9.9866e+01	
 9.9874e+01	
 9.9878e+01	
 9.9876e+01	
 9.9874e+01	
 9.9877e+01	
 9.9884e+01	
 9.9887e+01	
 9.9879e+01	
 9.9886e+01	
 9.9889e+01	
 9.9895e+01	
 9.9891e+01	
 9.9892e+01	
 9.9897e+01	
 9.9897e+01	
 9.9900e+01	
 9.9899e+01	
 9.9901e+01	
 9.9900e+01	
 9.9902e+01	
 9.9902e+01	
 9.9903e+01	
 9.9907e+01	
 9.9903e+01	
 9.9909e+01	
 9.9902e+01	
 9.9915e+01	
 9.9911e+01	
 9.9914e+01	
 9.9915e+01	
 9.9915e+01	
 9.9917e+01	
 9.9914e+01	
 9.9917e+01	
 9.9919e+01	
 9.9921e+01	
 9.9921e+01	
 9.9927e+01	
 9.9926e+01	
 9.9924e+01	
 9.9925e+01	
 9.9927e+01	
 9.9928e+01	
 9.9931e+01	
 9.9929e+01	
 9.9928e+01	
 9.9932e+01	
 9.9932e+01	
 9.9933e+01	
 9.9930e+01	
 9.9936e+01	
 9.9936e+01	
 9.9932e+01	
 9.9935e+01	
 9.9940e+01	
 9.9940e+01	
 9.9942e+01	
 9.9939e+01	
 9.9941e+01	
 9.9944e+01	
 9.9947e+01	
 9.9948e+01	
 9.9943e+01	
 9.9945e+01	
 9.9947e+01	
 9.9947e+01	
 9.9949e+01	
 9.9951e+01	
 9.9949e+01	
 9.9947e+01	
 9.9949e+01	
 9.9950e+01	
 9.9951e+01	
 9.9951e+01	
 9.9951e+01	
 9.9953e+01	
 9.9955e+01	
 9.9955e+01	
 9.9957e+01	
 9.9957e+01	
 9.9956e+01	
 9.9958e+01	
 9.9957e+01	
 9.9960e+01	
 9.9962e+01	
 9.9953e+01	
 9.9960e+01	
 9.9958e+01	
 9.9960e+01	
 9.9960e+01	
 9.9965e+01	
 9.9960e+01	
 9.9963e+01	
 9.9964e+01	
 9.9963e+01	
 9.9965e+01	
 9.9963e+01	
 9.9963e+01	
 9.9967e+01	
 9.9968e+01	
 9.9964e+01	
 9.9967e+01	
 9.9967e+01	
 9.9969e+01	
 9.9967e+01	
 9.9969e+01	
 9.9970e+01	
 9.9971e+01	
 9.9971e+01	
 9.9969e+01	
 9.9968e+01	
 9.9970e+01	
 9.9971e+01	
 9.9970e+01	
 9.9972e+01	
 9.9972e+01	
 9.9971e+01	
 9.9974e+01	
 9.9973e+01	
 9.9973e+01	
 9.9974e+01	
 9.9974e+01	
 9.9971e+01	
 9.9975e+01	
 9.9974e+01	
 9.9977e+01	
