% mean class accuracy (train set)	
 4.0357e+01	
 8.7540e+01	
 9.2440e+01	
 9.4418e+01	
 9.5503e+01	
 9.6601e+01	
 9.7186e+01	
 9.7521e+01	
 9.7770e+01	
 9.7957e+01	
 9.8116e+01	
 9.8260e+01	
 9.8370e+01	
 9.8476e+01	
 9.8559e+01	
 9.8650e+01	
 9.8734e+01	
 9.8802e+01	
 9.8874e+01	
 9.8927e+01	
 9.8987e+01	
 9.9023e+01	
 9.9065e+01	
 9.9123e+01	
 9.9163e+01	
 9.9213e+01	
 9.9240e+01	
 9.9271e+01	
 9.9302e+01	
 9.9338e+01	
 9.9367e+01	
 9.9393e+01	
 9.9416e+01	
 9.9441e+01	
 9.9476e+01	
 9.9487e+01	
 9.9513e+01	
 9.9532e+01	
 9.9556e+01	
 9.9568e+01	
 9.9587e+01	
 9.9610e+01	
 9.9628e+01	
 9.9641e+01	
 9.9659e+01	
 9.9672e+01	
 9.9688e+01	
 9.9699e+01	
 9.9717e+01	
 9.9730e+01	
 9.9740e+01	
 9.9748e+01	
 9.9757e+01	
 9.9766e+01	
 9.9770e+01	
 9.9784e+01	
 9.9797e+01	
 9.9801e+01	
 9.9808e+01	
 9.9818e+01	
 9.9825e+01	
 9.9831e+01	
 9.9836e+01	
 9.9840e+01	
 9.9853e+01	
 9.9858e+01	
 9.9860e+01	
 9.9863e+01	
 9.9867e+01	
 9.9874e+01	
 9.9878e+01	
 9.9880e+01	
 9.9886e+01	
 9.9896e+01	
 9.9897e+01	
 9.9901e+01	
 9.9903e+01	
 9.9907e+01	
 9.9908e+01	
 9.9911e+01	
 9.9915e+01	
 9.9920e+01	
 9.9924e+01	
 9.9919e+01	
 9.9925e+01	
 9.9930e+01	
 9.9932e+01	
 9.9934e+01	
 9.9935e+01	
 9.9936e+01	
 9.9942e+01	
 9.9942e+01	
 9.9944e+01	
 9.9941e+01	
 9.9946e+01	
 9.9949e+01	
 9.9951e+01	
 9.9949e+01	
 9.9955e+01	
 9.9955e+01	
 9.9955e+01	
 9.9957e+01	
 9.9960e+01	
 9.9961e+01	
 9.9961e+01	
 9.9962e+01	
 9.9962e+01	
 9.9965e+01	
 9.9965e+01	
 9.9967e+01	
 9.9967e+01	
 9.9969e+01	
 9.9968e+01	
 9.9969e+01	
 9.9969e+01	
 9.9971e+01	
 9.9973e+01	
 9.9972e+01	
 9.9975e+01	
 9.9976e+01	
 9.9973e+01	
 9.9975e+01	
 9.9977e+01	
 9.9977e+01	
 9.9977e+01	
 9.9978e+01	
 9.9980e+01	
 9.9980e+01	
 9.9978e+01	
 9.9977e+01	
 9.9980e+01	
 9.9979e+01	
 9.9981e+01	
 9.9980e+01	
 9.9982e+01	
 9.9983e+01	
 9.9981e+01	
 9.9982e+01	
 9.9982e+01	
 9.9983e+01	
 9.9983e+01	
 9.9984e+01	
 9.9984e+01	
 9.9983e+01	
 9.9985e+01	
 9.9983e+01	
 9.9985e+01	
 9.9986e+01	
 9.9986e+01	
 9.9985e+01	
 9.9986e+01	
 9.9985e+01	
 9.9985e+01	
 9.9988e+01	
 9.9986e+01	
 9.9986e+01	
 9.9987e+01	
 9.9987e+01	
 9.9988e+01	
 9.9988e+01	
 9.9987e+01	
 9.9988e+01	
 9.9989e+01	
 9.9987e+01	
 9.9988e+01	
 9.9988e+01	
 9.9988e+01	
 9.9988e+01	
 9.9988e+01	
 9.9988e+01	
 9.9989e+01	
 9.9988e+01	
 9.9990e+01	
 9.9989e+01	
 9.9989e+01	
 9.9990e+01	
 9.9990e+01	
 9.9989e+01	
 9.9990e+01	
 9.9990e+01	
 9.9989e+01	
 9.9989e+01	
 9.9990e+01	
 9.9990e+01	
 9.9991e+01	
 9.9990e+01	
 9.9991e+01	
 9.9991e+01	
 9.9990e+01	
 9.9991e+01	
 9.9991e+01	
 9.9991e+01	
 9.9991e+01	
 9.9992e+01	
 9.9991e+01	
 9.9991e+01	
 9.9991e+01	
 9.9991e+01	
 9.9991e+01	
 9.9991e+01	
 9.9992e+01	
 9.9992e+01	
 9.9991e+01	
 9.9992e+01	
 9.9992e+01	
 9.9991e+01	
 9.9992e+01	
 9.9991e+01	
 9.9992e+01	
 9.9992e+01	
 9.9992e+01	
 9.9992e+01	
 9.9992e+01	
 9.9992e+01	
 9.9992e+01	
 9.9992e+01	
 9.9992e+01	
 9.9992e+01	
 9.9993e+01	
 9.9992e+01	
 9.9992e+01	
 9.9992e+01	
 9.9992e+01	
 9.9993e+01	
 9.9992e+01	
 9.9992e+01	
 9.9993e+01	
 9.9993e+01	
 9.9993e+01	
 9.9993e+01	
 9.9993e+01	
 9.9993e+01	
 9.9993e+01	
 9.9992e+01	
 9.9993e+01	
 9.9993e+01	
 9.9993e+01	
 9.9993e+01	
 9.9993e+01	
 9.9992e+01	
 9.9993e+01	
 9.9993e+01	
 9.9993e+01	
 9.9993e+01	
 9.9993e+01	
 9.9993e+01	
 9.9993e+01	
 9.9993e+01	
 9.9993e+01	
 9.9993e+01	
