% mean class accuracy (train set)	
 9.5597e+01	
 9.8716e+01	
 9.9139e+01	
 9.9354e+01	
 9.9515e+01	
 9.9607e+01	
 9.9681e+01	
 9.9738e+01	
 9.9771e+01	
 9.9805e+01	
 9.9830e+01	
 9.9856e+01	
 9.9869e+01	
 9.9879e+01	
 9.9896e+01	
 9.9906e+01	
 9.9908e+01	
 9.9925e+01	
 9.9924e+01	
 9.9938e+01	
 9.9934e+01	
 9.9941e+01	
 9.9947e+01	
 9.9950e+01	
 9.9952e+01	
 9.9954e+01	
 9.9964e+01	
 9.9961e+01	
 9.9964e+01	
 9.9963e+01	
 9.9969e+01	
 9.9973e+01	
 9.9969e+01	
 9.9970e+01	
 9.9970e+01	
 9.9976e+01	
 9.9978e+01	
 9.9972e+01	
 9.9976e+01	
 9.9978e+01	
 9.9979e+01	
 9.9977e+01	
 9.9982e+01	
 9.9980e+01	
 9.9986e+01	
 9.9981e+01	
 9.9983e+01	
 9.9984e+01	
 9.9983e+01	
 9.9988e+01	
 9.9988e+01	
 9.9987e+01	
 9.9986e+01	
 9.9988e+01	
 9.9987e+01	
 9.9990e+01	
 9.9987e+01	
 9.9987e+01	
 9.9989e+01	
 9.9988e+01	
 9.9990e+01	
 9.9990e+01	
 9.9988e+01	
 9.9990e+01	
 9.9989e+01	
 9.9992e+01	
 9.9989e+01	
 9.9994e+01	
 9.9992e+01	
 9.9993e+01	
 9.9992e+01	
 9.9993e+01	
 9.9991e+01	
 9.9993e+01	
 9.9992e+01	
 9.9991e+01	
 9.9992e+01	
 9.9990e+01	
 9.9993e+01	
 9.9994e+01	
 9.9993e+01	
 9.9994e+01	
 9.9993e+01	
 9.9993e+01	
 9.9993e+01	
 9.9993e+01	
 9.9993e+01	
 9.9992e+01	
 9.9994e+01	
 9.9995e+01	
 9.9994e+01	
 9.9994e+01	
 9.9994e+01	
 9.9996e+01	
 9.9996e+01	
 9.9994e+01	
 9.9993e+01	
 9.9994e+01	
 9.9995e+01	
 9.9995e+01	
 9.9997e+01	
 9.9995e+01	
 9.9996e+01	
 9.9994e+01	
 9.9995e+01	
 9.9996e+01	
 9.9995e+01	
 9.9996e+01	
 9.9994e+01	
 9.9995e+01	
 9.9995e+01	
 9.9995e+01	
 9.9996e+01	
 9.9996e+01	
 9.9996e+01	
 9.9997e+01	
 9.9996e+01	
 9.9995e+01	
 9.9996e+01	
 9.9997e+01	
 9.9996e+01	
 9.9997e+01	
 9.9995e+01	
 9.9996e+01	
 9.9996e+01	
 9.9995e+01	
 9.9995e+01	
 9.9997e+01	
 9.9995e+01	
 9.9995e+01	
 9.9997e+01	
 9.9997e+01	
 9.9998e+01	
 9.9998e+01	
 9.9997e+01	
 9.9997e+01	
 9.9998e+01	
 9.9998e+01	
 9.9998e+01	
 9.9998e+01	
 9.9997e+01	
 9.9998e+01	
 9.9998e+01	
 9.9997e+01	
 9.9997e+01	
 9.9997e+01	
 9.9997e+01	
 9.9998e+01	
 9.9997e+01	
 9.9998e+01	
 9.9997e+01	
 9.9998e+01	
 9.9997e+01	
 9.9997e+01	
 9.9997e+01	
 9.9999e+01	
 9.9998e+01	
 9.9997e+01	
 9.9997e+01	
 9.9997e+01	
 9.9998e+01	
 9.9997e+01	
 9.9996e+01	
 9.9997e+01	
 9.9996e+01	
 9.9998e+01	
 9.9997e+01	
 9.9997e+01	
 9.9997e+01	
 9.9998e+01	
 9.9998e+01	
 9.9997e+01	
 9.9997e+01	
 9.9997e+01	
 9.9998e+01	
 9.9998e+01	
 9.9998e+01	
 9.9997e+01	
 9.9998e+01	
 9.9997e+01	
 9.9997e+01	
 9.9998e+01	
 9.9998e+01	
 9.9998e+01	
 9.9997e+01	
 9.9999e+01	
 9.9997e+01	
 9.9997e+01	
 9.9998e+01	
 9.9997e+01	
 9.9998e+01	
 9.9998e+01	
 9.9998e+01	
 9.9998e+01	
 9.9998e+01	
 9.9998e+01	
 9.9997e+01	
 9.9998e+01	
 9.9998e+01	
 9.9999e+01	
 9.9998e+01	
 9.9998e+01	
 9.9999e+01	
 9.9998e+01	
 9.9998e+01	
 9.9998e+01	
 9.9998e+01	
 9.9998e+01	
 9.9998e+01	
 9.9999e+01	
 9.9999e+01	
 9.9998e+01	
 9.9998e+01	
 9.9998e+01	
 9.9998e+01	
 9.9998e+01	
 9.9997e+01	
 9.9999e+01	
 9.9997e+01	
 9.9998e+01	
 9.9998e+01	
 9.9998e+01	
 9.9998e+01	
 9.9998e+01	
 9.9999e+01	
 9.9998e+01	
 9.9998e+01	
 9.9998e+01	
 9.9998e+01	
 9.9998e+01	
 9.9998e+01	
 9.9999e+01	
 9.9998e+01	
 9.9998e+01	
 9.9998e+01	
 9.9999e+01	
 9.9998e+01	
 9.9998e+01	
 9.9999e+01	
 9.9999e+01	
 9.9999e+01	
 9.9998e+01	
 9.9999e+01	
 9.9998e+01	
 9.9998e+01	
 9.9999e+01	
 9.9998e+01	
 9.9999e+01	
 9.9998e+01	
 9.9999e+01	
