% mean class accuracy (train set)	
 5.2711e+01	
 7.6635e+01	
 8.0408e+01	
 8.2672e+01	
 8.4191e+01	
 8.5187e+01	
 8.5883e+01	
 8.6387e+01	
 8.6768e+01	
 8.7097e+01	
 8.7345e+01	
 8.7583e+01	
 8.7766e+01	
 8.7929e+01	
 8.8077e+01	
 8.8215e+01	
 8.8318e+01	
 8.8414e+01	
 8.8515e+01	
 8.8590e+01	
 8.8689e+01	
 8.8749e+01	
 8.8801e+01	
 8.8877e+01	
 8.8921e+01	
 8.8976e+01	
 8.9023e+01	
 8.9074e+01	
 8.9118e+01	
 8.9160e+01	
 8.9198e+01	
 8.9224e+01	
 8.9249e+01	
 8.9294e+01	
 8.9309e+01	
 8.9351e+01	
 8.9374e+01	
 8.9409e+01	
 8.9434e+01	
 8.9464e+01	
 8.9480e+01	
 8.9503e+01	
 8.9529e+01	
 8.9527e+01	
 8.9563e+01	
 8.9586e+01	
 8.9613e+01	
 8.9619e+01	
 8.9638e+01	
 8.9664e+01	
 8.9678e+01	
 8.9693e+01	
 8.9710e+01	
 8.9724e+01	
 8.9731e+01	
 8.9754e+01	
 8.9768e+01	
 8.9785e+01	
 8.9794e+01	
 8.9809e+01	
 8.9814e+01	
 8.9835e+01	
 8.9844e+01	
 8.9858e+01	
 8.9865e+01	
 8.9876e+01	
 8.9895e+01	
 8.9901e+01	
 8.9909e+01	
 8.9920e+01	
 8.9943e+01	
 8.9942e+01	
 8.9961e+01	
 8.9962e+01	
 8.9974e+01	
 8.9982e+01	
 9.0000e+01	
 8.9996e+01	
 9.0002e+01	
 9.0016e+01	
 9.0024e+01	
 9.0037e+01	
 9.0038e+01	
 9.0043e+01	
 9.0055e+01	
 9.0066e+01	
 9.0076e+01	
 9.0069e+01	
 9.0084e+01	
 9.0093e+01	
 9.0103e+01	
 9.0114e+01	
 9.0110e+01	
 9.0116e+01	
 9.0134e+01	
 9.0145e+01	
 9.0134e+01	
 9.0150e+01	
 9.0152e+01	
 9.0158e+01	
 9.0169e+01	
 9.0179e+01	
 9.0178e+01	
 9.0183e+01	
 9.0192e+01	
 9.0190e+01	
 9.0198e+01	
 9.0207e+01	
 9.0220e+01	
 9.0222e+01	
 9.0226e+01	
 9.0233e+01	
 9.0228e+01	
 9.0251e+01	
 9.0244e+01	
 9.0254e+01	
 9.0257e+01	
 9.0265e+01	
 9.0272e+01	
 9.0265e+01	
 9.0278e+01	
 9.0288e+01	
 9.0293e+01	
 9.0295e+01	
 9.0302e+01	
 9.0301e+01	
 9.0304e+01	
 9.0310e+01	
 9.0317e+01	
 9.0324e+01	
 9.0318e+01	
 9.0338e+01	
 9.0323e+01	
 9.0336e+01	
 9.0346e+01	
 9.0339e+01	
 9.0348e+01	
 9.0365e+01	
 9.0354e+01	
 9.0365e+01	
 9.5698e+01	
 9.9154e+01	
 9.9188e+01	
 9.9206e+01	
 9.9219e+01	
 9.9222e+01	
 9.9243e+01	
 9.9252e+01	
 9.9250e+01	
 9.9259e+01	
 9.9263e+01	
 9.9278e+01	
 9.9285e+01	
 9.9283e+01	
 9.9294e+01	
 9.9293e+01	
 9.9303e+01	
 9.9307e+01	
 9.9317e+01	
 9.9322e+01	
 9.9324e+01	
 9.9326e+01	
 9.9342e+01	
 9.9340e+01	
 9.9346e+01	
 9.9350e+01	
 9.9359e+01	
 9.9351e+01	
 9.9358e+01	
 9.9358e+01	
 9.9367e+01	
 9.9381e+01	
 9.9379e+01	
 9.9382e+01	
 9.9384e+01	
 9.9386e+01	
 9.9390e+01	
 9.9404e+01	
 9.9398e+01	
 9.9397e+01	
 9.9405e+01	
 9.9407e+01	
 9.9425e+01	
 9.9425e+01	
 9.9420e+01	
 9.9427e+01	
 9.9431e+01	
 9.9430e+01	
 9.9438e+01	
 9.9441e+01	
 9.9450e+01	
 9.9446e+01	
 9.9449e+01	
 9.9458e+01	
 9.9462e+01	
 9.9456e+01	
 9.9466e+01	
 9.9462e+01	
 9.9469e+01	
 9.9482e+01	
 9.9477e+01	
 9.9479e+01	
 9.9476e+01	
 9.9481e+01	
 9.9490e+01	
 9.9496e+01	
 9.9493e+01	
 9.9500e+01	
 9.9507e+01	
 9.9507e+01	
 9.9509e+01	
 9.9512e+01	
 9.9514e+01	
 9.9519e+01	
 9.9516e+01	
 9.9520e+01	
 9.9514e+01	
 9.9527e+01	
 9.9526e+01	
 9.9540e+01	
 9.9533e+01	
 9.9537e+01	
 9.9542e+01	
 9.9548e+01	
 9.9549e+01	
 9.9552e+01	
 9.9561e+01	
 9.9557e+01	
 9.9559e+01	
 9.9562e+01	
 9.9564e+01	
 9.9566e+01	
 9.9568e+01	
 9.9572e+01	
 9.9581e+01	
 9.9576e+01	
 9.9573e+01	
 9.9577e+01	
 9.9589e+01	
 9.9592e+01	
 9.9586e+01	
 9.9597e+01	
 9.9600e+01	
 9.9602e+01	
 9.9601e+01	
 9.9602e+01	
 9.9597e+01	
 9.9603e+01	
 9.9604e+01	
 9.9612e+01	
