% mean class accuracy (train set)	
 8.4923e+01	
 9.5655e+01	
 9.6860e+01	
 9.7411e+01	
 9.7768e+01	
 9.8014e+01	
 9.8194e+01	
 9.8341e+01	
 9.8443e+01	
 9.8561e+01	
 9.8646e+01	
 9.8713e+01	
 9.8783e+01	
 9.8837e+01	
 9.8895e+01	
 9.8935e+01	
 9.8998e+01	
 9.9022e+01	
 9.9065e+01	
 9.9097e+01	
 9.9129e+01	
 9.9163e+01	
 9.9207e+01	
 9.9209e+01	
 9.9238e+01	
 9.9267e+01	
 9.9293e+01	
 9.9311e+01	
 9.9335e+01	
 9.9346e+01	
 9.9373e+01	
 9.9387e+01	
 9.9403e+01	
 9.9415e+01	
 9.9430e+01	
 9.9445e+01	
 9.9467e+01	
 9.9476e+01	
 9.9496e+01	
 9.9506e+01	
 9.9507e+01	
 9.9524e+01	
 9.9531e+01	
 9.9543e+01	
 9.9554e+01	
 9.9563e+01	
 9.9584e+01	
 9.9585e+01	
 9.9601e+01	
 9.9602e+01	
 9.9597e+01	
 9.9617e+01	
 9.9621e+01	
 9.9629e+01	
 9.9642e+01	
 9.9646e+01	
 9.9661e+01	
 9.9656e+01	
 9.9670e+01	
 9.9682e+01	
 9.9678e+01	
 9.9687e+01	
 9.9693e+01	
 9.9691e+01	
 9.9699e+01	
 9.9703e+01	
 9.9713e+01	
 9.9724e+01	
 9.9725e+01	
 9.9735e+01	
 9.9731e+01	
 9.9738e+01	
 9.9741e+01	
 9.9745e+01	
 9.9756e+01	
 9.9755e+01	
 9.9761e+01	
 9.9762e+01	
 9.9764e+01	
 9.9768e+01	
 9.9782e+01	
 9.9780e+01	
 9.9787e+01	
 9.9788e+01	
 9.9795e+01	
 9.9787e+01	
 9.9795e+01	
 9.9804e+01	
 9.9802e+01	
 9.9805e+01	
 9.9811e+01	
 9.9817e+01	
 9.9813e+01	
 9.9818e+01	
 9.9818e+01	
 9.9826e+01	
 9.9822e+01	
 9.9834e+01	
 9.9836e+01	
 9.9834e+01	
 9.9842e+01	
 9.9838e+01	
 9.9841e+01	
 9.9842e+01	
 9.9848e+01	
 9.9849e+01	
 9.9852e+01	
 9.9856e+01	
 9.9860e+01	
 9.9860e+01	
 9.9862e+01	
 9.9863e+01	
 9.9867e+01	
 9.9872e+01	
 9.9869e+01	
 9.9868e+01	
 9.9869e+01	
 9.9877e+01	
 9.9874e+01	
 9.9878e+01	
 9.9887e+01	
 9.9880e+01	
 9.9886e+01	
 9.9885e+01	
 9.9887e+01	
 9.9891e+01	
 9.9887e+01	
 9.9895e+01	
 9.9890e+01	
 9.9886e+01	
 9.9895e+01	
 9.9898e+01	
 9.9900e+01	
 9.9902e+01	
 9.9903e+01	
 9.9901e+01	
 9.9905e+01	
 9.9907e+01	
 9.9909e+01	
 9.9909e+01	
 9.9902e+01	
 9.9908e+01	
 9.9910e+01	
 9.9916e+01	
 9.9909e+01	
 9.9913e+01	
 9.9915e+01	
 9.9918e+01	
 9.9918e+01	
 9.9920e+01	
 9.9927e+01	
 9.9924e+01	
 9.9919e+01	
 9.9928e+01	
 9.9928e+01	
 9.9931e+01	
 9.9925e+01	
 9.9929e+01	
 9.9928e+01	
 9.9931e+01	
 9.9922e+01	
 9.9932e+01	
 9.9930e+01	
 9.9935e+01	
 9.9939e+01	
 9.9937e+01	
 9.9937e+01	
 9.9940e+01	
 9.9935e+01	
 9.9945e+01	
 9.9942e+01	
 9.9939e+01	
 9.9938e+01	
 9.9942e+01	
 9.9942e+01	
 9.9945e+01	
 9.9941e+01	
 9.9940e+01	
 9.9946e+01	
 9.9942e+01	
 9.9947e+01	
 9.9941e+01	
 9.9947e+01	
 9.9951e+01	
 9.9946e+01	
 9.9950e+01	
 9.9953e+01	
 9.9950e+01	
 9.9954e+01	
 9.9947e+01	
 9.9954e+01	
 9.9952e+01	
 9.9952e+01	
 9.9951e+01	
 9.9956e+01	
 9.9953e+01	
 9.9956e+01	
 9.9953e+01	
 9.9958e+01	
 9.9962e+01	
 9.9956e+01	
 9.9960e+01	
 9.9959e+01	
 9.9958e+01	
 9.9956e+01	
 9.9959e+01	
 9.9962e+01	
 9.9961e+01	
 9.9961e+01	
 9.9962e+01	
 9.9963e+01	
 9.9964e+01	
 9.9959e+01	
 9.9965e+01	
 9.9965e+01	
 9.9961e+01	
 9.9969e+01	
 9.9964e+01	
 9.9963e+01	
 9.9961e+01	
 9.9964e+01	
 9.9966e+01	
 9.9965e+01	
 9.9965e+01	
 9.9967e+01	
 9.9971e+01	
 9.9967e+01	
 9.9969e+01	
 9.9970e+01	
 9.9967e+01	
 9.9972e+01	
 9.9968e+01	
 9.9970e+01	
 9.9971e+01	
 9.9968e+01	
 9.9972e+01	
 9.9971e+01	
 9.9971e+01	
 9.9973e+01	
 9.9970e+01	
 9.9975e+01	
 9.9975e+01	
 9.9971e+01	
 9.9975e+01	
 9.9972e+01	
 9.9974e+01	
 9.9974e+01	
 9.9975e+01	
 9.9977e+01	
 9.9974e+01	
