% mean class accuracy (train set)	
 6.1324e+01	
 9.3747e+01	
 9.6164e+01	
 9.7072e+01	
 9.7543e+01	
 9.7866e+01	
 9.8101e+01	
 9.8278e+01	
 9.8422e+01	
 9.8557e+01	
 9.8631e+01	
 9.8727e+01	
 9.8804e+01	
 9.8870e+01	
 9.8920e+01	
 9.8979e+01	
 9.9026e+01	
 9.9067e+01	
 9.9112e+01	
 9.9164e+01	
 9.9193e+01	
 9.9224e+01	
 9.9268e+01	
 9.9280e+01	
 9.9305e+01	
 9.9332e+01	
 9.9357e+01	
 9.9382e+01	
 9.9412e+01	
 9.9424e+01	
 9.9447e+01	
 9.9468e+01	
 9.9472e+01	
 9.9491e+01	
 9.9509e+01	
 9.9521e+01	
 9.9531e+01	
 9.9545e+01	
 9.9563e+01	
 9.9579e+01	
 9.9593e+01	
 9.9598e+01	
 9.9612e+01	
 9.9625e+01	
 9.9633e+01	
 9.9636e+01	
 9.9654e+01	
 9.9662e+01	
 9.9667e+01	
 9.9682e+01	
 9.9690e+01	
 9.9693e+01	
 9.9705e+01	
 9.9711e+01	
 9.9719e+01	
 9.9726e+01	
 9.9738e+01	
 9.9736e+01	
 9.9749e+01	
 9.9757e+01	
 9.9768e+01	
 9.9769e+01	
 9.9775e+01	
 9.9789e+01	
 9.9790e+01	
 9.9791e+01	
 9.9800e+01	
 9.9800e+01	
 9.9812e+01	
 9.9819e+01	
 9.9824e+01	
 9.9825e+01	
 9.9827e+01	
 9.9836e+01	
 9.9842e+01	
 9.9842e+01	
 9.9847e+01	
 9.9849e+01	
 9.9855e+01	
 9.9862e+01	
 9.9863e+01	
 9.9865e+01	
 9.9873e+01	
 9.9880e+01	
 9.9879e+01	
 9.9880e+01	
 9.9889e+01	
 9.9887e+01	
 9.9888e+01	
 9.9897e+01	
 9.9900e+01	
 9.9896e+01	
 9.9900e+01	
 9.9908e+01	
 9.9907e+01	
 9.9910e+01	
 9.9912e+01	
 9.9917e+01	
 9.9920e+01	
 9.9924e+01	
 9.9925e+01	
 9.9926e+01	
 9.9930e+01	
 9.9928e+01	
 9.9934e+01	
 9.9931e+01	
 9.9937e+01	
 9.9939e+01	
 9.9942e+01	
 9.9940e+01	
 9.9943e+01	
 9.9947e+01	
 9.9946e+01	
 9.9948e+01	
 9.9946e+01	
 9.9952e+01	
 9.9951e+01	
 9.9956e+01	
 9.9957e+01	
 9.9957e+01	
 9.9959e+01	
 9.9961e+01	
 9.9963e+01	
 9.9958e+01	
 9.9963e+01	
 9.9965e+01	
 9.9964e+01	
 9.9965e+01	
 9.9967e+01	
 9.9967e+01	
 9.9968e+01	
 9.9971e+01	
 9.9973e+01	
 9.9973e+01	
 9.9973e+01	
 9.9974e+01	
 9.9974e+01	
 9.9975e+01	
 9.9975e+01	
 9.9978e+01	
 9.9978e+01	
 9.9978e+01	
 9.9976e+01	
 9.9980e+01	
 9.9979e+01	
 9.9983e+01	
 9.9979e+01	
 9.9984e+01	
 9.9983e+01	
 9.9982e+01	
 9.9984e+01	
 9.9984e+01	
 9.9985e+01	
 9.9985e+01	
 9.9986e+01	
 9.9987e+01	
 9.9987e+01	
 9.9988e+01	
 9.9987e+01	
 9.9988e+01	
 9.9987e+01	
 9.9986e+01	
 9.9988e+01	
 9.9989e+01	
 9.9989e+01	
 9.9989e+01	
 9.9989e+01	
 9.9990e+01	
 9.9992e+01	
 9.9989e+01	
 9.9990e+01	
 9.9991e+01	
 9.9991e+01	
 9.9993e+01	
 9.9991e+01	
 9.9991e+01	
 9.9992e+01	
 9.9993e+01	
 9.9993e+01	
 9.9993e+01	
 9.9993e+01	
 9.9992e+01	
 9.9992e+01	
 9.9993e+01	
 9.9994e+01	
 9.9995e+01	
 9.9993e+01	
 9.9994e+01	
 9.9993e+01	
 9.9994e+01	
 9.9994e+01	
 9.9995e+01	
 9.9994e+01	
 9.9994e+01	
 9.9995e+01	
 9.9994e+01	
 9.9995e+01	
 9.9995e+01	
 9.9995e+01	
 9.9994e+01	
 9.9995e+01	
 9.9995e+01	
 9.9995e+01	
 9.9995e+01	
 9.9995e+01	
 9.9996e+01	
 9.9996e+01	
 9.9995e+01	
 9.9995e+01	
 9.9996e+01	
 9.9996e+01	
 9.9995e+01	
 9.9996e+01	
 9.9995e+01	
 9.9996e+01	
 9.9996e+01	
 9.9996e+01	
 9.9997e+01	
 9.9996e+01	
 9.9996e+01	
 9.9996e+01	
 9.9997e+01	
 9.9996e+01	
 9.9997e+01	
 9.9997e+01	
 9.9997e+01	
 9.9996e+01	
 9.9997e+01	
 9.9997e+01	
 9.9997e+01	
 9.9997e+01	
 9.9997e+01	
 9.9997e+01	
 9.9997e+01	
 9.9997e+01	
 9.9997e+01	
 9.9997e+01	
 9.9997e+01	
 9.9997e+01	
 9.9997e+01	
 9.9997e+01	
 9.9996e+01	
 9.9997e+01	
 9.9997e+01	
 9.9997e+01	
 9.9997e+01	
 9.9997e+01	
 9.9997e+01	
 9.9997e+01	
 9.9997e+01	
