% mean class accuracy (train set)	
 9.0887e+01	
 9.7664e+01	
 9.8290e+01	
 9.8625e+01	
 9.8818e+01	
 9.8942e+01	
 9.9077e+01	
 9.9153e+01	
 9.9239e+01	
 9.9298e+01	
 9.9353e+01	
 9.9395e+01	
 9.9448e+01	
 9.9482e+01	
 9.9512e+01	
 9.9536e+01	
 9.9548e+01	
 9.9603e+01	
 9.9609e+01	
 9.9623e+01	
 9.9638e+01	
 9.9659e+01	
 9.9678e+01	
 9.9685e+01	
 9.9699e+01	
 9.9720e+01	
 9.9729e+01	
 9.9751e+01	
 9.9760e+01	
 9.9762e+01	
 9.9768e+01	
 9.9775e+01	
 9.9784e+01	
 9.9801e+01	
 9.9803e+01	
 9.9808e+01	
 9.9816e+01	
 9.9816e+01	
 9.9828e+01	
 9.9837e+01	
 9.9838e+01	
 9.9845e+01	
 9.9856e+01	
 9.9857e+01	
 9.9861e+01	
 9.9869e+01	
 9.9868e+01	
 9.9868e+01	
 9.9870e+01	
 9.9883e+01	
 9.9881e+01	
 9.9888e+01	
 9.9893e+01	
 9.9897e+01	
 9.9898e+01	
 9.9899e+01	
 9.9899e+01	
 9.9907e+01	
 9.9907e+01	
 9.9909e+01	
 9.9911e+01	
 9.9918e+01	
 9.9920e+01	
 9.9917e+01	
 9.9923e+01	
 9.9929e+01	
 9.9925e+01	
 9.9927e+01	
 9.9931e+01	
 9.9928e+01	
 9.9928e+01	
 9.9934e+01	
 9.9938e+01	
 9.9940e+01	
 9.9935e+01	
 9.9935e+01	
 9.9939e+01	
 9.9940e+01	
 9.9947e+01	
 9.9949e+01	
 9.9940e+01	
 9.9949e+01	
 9.9949e+01	
 9.9948e+01	
 9.9948e+01	
 9.9954e+01	
 9.9952e+01	
 9.9950e+01	
 9.9956e+01	
 9.9957e+01	
 9.9959e+01	
 9.9961e+01	
 9.9957e+01	
 9.9958e+01	
 9.9958e+01	
 9.9958e+01	
 9.9961e+01	
 9.9967e+01	
 9.9965e+01	
 9.9967e+01	
 9.9965e+01	
 9.9965e+01	
 9.9966e+01	
 9.9963e+01	
 9.9965e+01	
 9.9967e+01	
 9.9970e+01	
 9.9970e+01	
 9.9970e+01	
 9.9967e+01	
 9.9971e+01	
 9.9971e+01	
 9.9973e+01	
 9.9977e+01	
 9.9971e+01	
 9.9975e+01	
 9.9974e+01	
 9.9976e+01	
 9.9971e+01	
 9.9976e+01	
 9.9976e+01	
 9.9977e+01	
 9.9978e+01	
 9.9977e+01	
 9.9975e+01	
 9.9982e+01	
 9.9977e+01	
 9.9979e+01	
 9.9974e+01	
 9.9975e+01	
 9.9978e+01	
 9.9980e+01	
 9.9977e+01	
 9.9983e+01	
 9.9981e+01	
 9.9983e+01	
 9.9981e+01	
 9.9980e+01	
 9.9983e+01	
 9.9981e+01	
 9.9982e+01	
 9.9979e+01	
 9.9983e+01	
 9.9981e+01	
 9.9982e+01	
 9.9983e+01	
 9.9984e+01	
 9.9985e+01	
 9.9985e+01	
 9.9985e+01	
 9.9985e+01	
 9.9984e+01	
 9.9988e+01	
 9.9985e+01	
 9.9984e+01	
 9.9988e+01	
 9.9988e+01	
 9.9989e+01	
 9.9985e+01	
 9.9984e+01	
 9.9989e+01	
 9.9987e+01	
 9.9985e+01	
 9.9988e+01	
 9.9988e+01	
 9.9989e+01	
 9.9987e+01	
 9.9989e+01	
 9.9986e+01	
 9.9991e+01	
 9.9986e+01	
 9.9990e+01	
 9.9989e+01	
 9.9990e+01	
 9.9985e+01	
 9.9991e+01	
 9.9989e+01	
 9.9989e+01	
 9.9989e+01	
 9.9990e+01	
 9.9991e+01	
 9.9990e+01	
 9.9992e+01	
 9.9990e+01	
 9.9991e+01	
 9.9992e+01	
 9.9990e+01	
 9.9990e+01	
 9.9988e+01	
 9.9987e+01	
 9.9992e+01	
 9.9991e+01	
 9.9988e+01	
 9.9990e+01	
 9.9991e+01	
 9.9991e+01	
 9.9993e+01	
 9.9993e+01	
 9.9993e+01	
 9.9991e+01	
 9.9991e+01	
 9.9990e+01	
 9.9990e+01	
 9.9992e+01	
 9.9993e+01	
 9.9992e+01	
 9.9992e+01	
 9.9994e+01	
 9.9992e+01	
 9.9993e+01	
 9.9992e+01	
 9.9992e+01	
 9.9992e+01	
 9.9993e+01	
 9.9992e+01	
 9.9992e+01	
 9.9992e+01	
 9.9993e+01	
 9.9993e+01	
 9.9995e+01	
 9.9992e+01	
 9.9992e+01	
 9.9994e+01	
 9.9991e+01	
 9.9994e+01	
 9.9995e+01	
 9.9994e+01	
 9.9993e+01	
 9.9994e+01	
 9.9995e+01	
 9.9993e+01	
 9.9994e+01	
 9.9993e+01	
 9.9995e+01	
 9.9996e+01	
 9.9995e+01	
 9.9995e+01	
 9.9993e+01	
 9.9993e+01	
 9.9994e+01	
 9.9994e+01	
 9.9995e+01	
 9.9993e+01	
 9.9994e+01	
 9.9993e+01	
 9.9995e+01	
 9.9995e+01	
 9.9996e+01	
 9.9994e+01	
 9.9994e+01	
