% mean class accuracy (train set)	
 8.6441e+01	
 9.7276e+01	
 9.8154e+01	
 9.8593e+01	
 9.8859e+01	
 9.9063e+01	
 9.9202e+01	
 9.9325e+01	
 9.9425e+01	
 9.9501e+01	
 9.9568e+01	
 9.9617e+01	
 9.9654e+01	
 9.9689e+01	
 9.9728e+01	
 9.9753e+01	
 9.9779e+01	
 9.9797e+01	
 9.9815e+01	
 9.9833e+01	
 9.9851e+01	
 9.9862e+01	
 9.9874e+01	
 9.9877e+01	
 9.9887e+01	
 9.9898e+01	
 9.9906e+01	
 9.9906e+01	
 9.9919e+01	
 9.9925e+01	
 9.9930e+01	
 9.9934e+01	
 9.9937e+01	
 9.9941e+01	
 9.9945e+01	
 9.9948e+01	
 9.9951e+01	
 9.9952e+01	
 9.9957e+01	
 9.9960e+01	
 9.9962e+01	
 9.9964e+01	
 9.9963e+01	
 9.9969e+01	
 9.9971e+01	
 9.9969e+01	
 9.9972e+01	
 9.9977e+01	
 9.9975e+01	
 9.9978e+01	
 9.9979e+01	
 9.9978e+01	
 9.9980e+01	
 9.9981e+01	
 9.9982e+01	
 9.9982e+01	
 9.9985e+01	
 9.9984e+01	
 9.9985e+01	
 9.9985e+01	
 9.9987e+01	
 9.9984e+01	
 9.9988e+01	
 9.9985e+01	
 9.9989e+01	
 9.9989e+01	
 9.9988e+01	
 9.9989e+01	
 9.9988e+01	
 9.9990e+01	
 9.9991e+01	
 9.9992e+01	
 9.9992e+01	
 9.9992e+01	
 9.9992e+01	
 9.9993e+01	
 9.9993e+01	
 9.9993e+01	
 9.9993e+01	
 9.9992e+01	
 9.9994e+01	
 9.9993e+01	
 9.9993e+01	
 9.9995e+01	
 9.9992e+01	
 9.9995e+01	
 9.9996e+01	
 9.9995e+01	
 9.9995e+01	
 9.9996e+01	
 9.9994e+01	
 9.9996e+01	
 9.9996e+01	
 9.9996e+01	
 9.9996e+01	
 9.9995e+01	
 9.9997e+01	
 9.9997e+01	
 9.9995e+01	
 9.9997e+01	
 9.9996e+01	
 9.9998e+01	
 9.9997e+01	
 9.9998e+01	
 9.9997e+01	
 9.9997e+01	
 9.9997e+01	
 9.9997e+01	
 9.9997e+01	
 9.9997e+01	
 9.9998e+01	
 9.9997e+01	
 9.9998e+01	
 9.9998e+01	
 9.9999e+01	
 9.9998e+01	
 9.9998e+01	
 9.9998e+01	
 9.9999e+01	
 9.9998e+01	
 9.9998e+01	
 9.9998e+01	
 9.9997e+01	
 9.9999e+01	
 9.9998e+01	
 9.9998e+01	
 9.9999e+01	
 9.9998e+01	
 9.9999e+01	
 9.9998e+01	
 9.9999e+01	
 9.9999e+01	
 9.9998e+01	
 9.9999e+01	
 9.9998e+01	
 9.9997e+01	
 9.9999e+01	
 9.9998e+01	
 9.9998e+01	
 9.9998e+01	
 9.9999e+01	
 9.9998e+01	
 9.9999e+01	
 9.9999e+01	
 9.9998e+01	
 9.9999e+01	
 9.9999e+01	
 9.9999e+01	
 9.9999e+01	
 9.9999e+01	
 9.9999e+01	
 9.9999e+01	
 9.9999e+01	
 9.9999e+01	
 9.9999e+01	
 1.0000e+02	
 9.9999e+01	
 9.9999e+01	
 9.9999e+01	
 9.9999e+01	
 9.9999e+01	
 1.0000e+02	
 1.0000e+02	
 9.9999e+01	
 9.9999e+01	
 1.0000e+02	
 9.9999e+01	
 9.9999e+01	
 1.0000e+02	
 9.9999e+01	
 9.9999e+01	
 9.9999e+01	
 9.9999e+01	
 9.9999e+01	
 1.0000e+02	
 9.9999e+01	
 9.9999e+01	
 9.9999e+01	
 1.0000e+02	
 9.9999e+01	
 1.0000e+02	
 9.9999e+01	
 9.9999e+01	
 1.0000e+02	
 1.0000e+02	
 9.9999e+01	
 1.0000e+02	
 1.0000e+02	
 9.9999e+01	
 1.0000e+02	
 1.0000e+02	
 1.0000e+02	
 1.0000e+02	
 9.9999e+01	
 9.9999e+01	
 9.9999e+01	
 1.0000e+02	
 1.0000e+02	
 1.0000e+02	
 1.0000e+02	
 9.9999e+01	
 1.0000e+02	
 9.9999e+01	
 1.0000e+02	
 1.0000e+02	
 9.9999e+01	
 1.0000e+02	
 1.0000e+02	
 1.0000e+02	
 9.9999e+01	
 9.9999e+01	
 9.9999e+01	
 1.0000e+02	
 1.0000e+02	
 9.9999e+01	
 1.0000e+02	
 1.0000e+02	
 1.0000e+02	
 1.0000e+02	
 9.9999e+01	
 1.0000e+02	
 9.9999e+01	
 1.0000e+02	
 1.0000e+02	
 1.0000e+02	
 1.0000e+02	
 9.9999e+01	
 1.0000e+02	
 1.0000e+02	
 1.0000e+02	
 1.0000e+02	
 1.0000e+02	
 9.9999e+01	
 1.0000e+02	
 1.0000e+02	
 1.0000e+02	
 1.0000e+02	
 1.0000e+02	
 1.0000e+02	
 9.9999e+01	
 1.0000e+02	
 1.0000e+02	
 1.0000e+02	
 1.0000e+02	
 1.0000e+02	
 1.0000e+02	
 1.0000e+02	
 1.0000e+02	
 1.0000e+02	
 1.0000e+02	
