% mean class accuracy (train set)	
 6.1293e+01	
 7.6950e+01	
 8.1450e+01	
 8.4627e+01	
 8.8060e+01	
 9.1310e+01	
 9.3108e+01	
 9.4373e+01	
 9.5092e+01	
 9.5608e+01	
 9.6078e+01	
 9.6387e+01	
 9.6693e+01	
 9.6928e+01	
 9.7068e+01	
 9.7223e+01	
 9.7360e+01	
 9.7533e+01	
 9.7647e+01	
 9.7702e+01	
 9.7763e+01	
 9.7885e+01	
 9.7953e+01	
 9.8057e+01	
 9.8118e+01	
 9.8140e+01	
 9.8212e+01	
 9.8280e+01	
 9.8338e+01	
 9.8428e+01	
 9.8432e+01	
 9.8458e+01	
 9.8580e+01	
 9.8555e+01	
 9.8632e+01	
 9.8645e+01	
 9.8618e+01	
 9.8703e+01	
 9.8745e+01	
 9.8798e+01	
 9.8807e+01	
 9.8852e+01	
 9.8872e+01	
 9.8895e+01	
 9.8900e+01	
 9.8927e+01	
 9.8977e+01	
 9.8962e+01	
 9.9010e+01	
 9.9060e+01	
 9.9053e+01	
 9.9100e+01	
 9.9118e+01	
 9.9103e+01	
 9.9158e+01	
 9.9150e+01	
 9.9187e+01	
 9.9165e+01	
 9.9213e+01	
 9.9215e+01	
 9.9250e+01	
 9.9282e+01	
 9.9273e+01	
 9.9322e+01	
 9.9290e+01	
 9.9332e+01	
 9.9352e+01	
 9.9317e+01	
 9.9365e+01	
 9.9408e+01	
 9.9397e+01	
 9.9417e+01	
 9.9408e+01	
 9.9427e+01	
 9.9422e+01	
 9.9460e+01	
 9.9507e+01	
 9.9493e+01	
 9.9495e+01	
 9.9523e+01	
 9.9542e+01	
 9.9533e+01	
 9.9518e+01	
 9.9517e+01	
 9.9557e+01	
 9.9583e+01	
 9.9575e+01	
 9.9587e+01	
 9.9587e+01	
 9.9595e+01	
 9.9618e+01	
 9.9635e+01	
 9.9627e+01	
 9.9652e+01	
 9.9677e+01	
 9.9637e+01	
 9.9643e+01	
 9.9673e+01	
 9.9703e+01	
 9.9683e+01	
 9.9698e+01	
 9.9690e+01	
 9.9702e+01	
 9.9727e+01	
 9.9735e+01	
 9.9725e+01	
 9.9725e+01	
 9.9720e+01	
 9.9732e+01	
 9.9713e+01	
 9.9735e+01	
 9.9740e+01	
 9.9755e+01	
 9.9762e+01	
 9.9760e+01	
 9.9797e+01	
 9.9783e+01	
 9.9783e+01	
 9.9780e+01	
 9.9795e+01	
 9.9802e+01	
 9.9780e+01	
 9.9798e+01	
 9.9822e+01	
 9.9802e+01	
 9.9825e+01	
 9.9818e+01	
 9.9825e+01	
 9.9837e+01	
 9.9832e+01	
 9.9833e+01	
 9.9832e+01	
 9.9837e+01	
 9.9852e+01	
 9.9850e+01	
 9.9847e+01	
 9.9852e+01	
 9.9863e+01	
 9.9860e+01	
 9.9837e+01	
 9.9875e+01	
 9.9860e+01	
 9.9870e+01	
 9.9860e+01	
 9.9873e+01	
 9.9870e+01	
 9.9872e+01	
 9.9868e+01	
 9.9878e+01	
 9.9893e+01	
 9.9883e+01	
 9.9900e+01	
 9.9885e+01	
 9.9895e+01	
 9.9892e+01	
 9.9903e+01	
 9.9892e+01	
 9.9887e+01	
 9.9902e+01	
 9.9892e+01	
 9.9885e+01	
 9.9900e+01	
 9.9910e+01	
 9.9913e+01	
 9.9912e+01	
 9.9908e+01	
 9.9910e+01	
 9.9903e+01	
 9.9907e+01	
 9.9903e+01	
 9.9915e+01	
 9.9925e+01	
 9.9912e+01	
 9.9915e+01	
 9.9917e+01	
 9.9922e+01	
 9.9928e+01	
 9.9920e+01	
 9.9920e+01	
 9.9922e+01	
 9.9925e+01	
 9.9912e+01	
 9.9935e+01	
 9.9932e+01	
 9.9932e+01	
 9.9932e+01	
 9.9933e+01	
 9.9932e+01	
 9.9920e+01	
 9.9928e+01	
 9.9938e+01	
 9.9937e+01	
 9.9925e+01	
 9.9945e+01	
 9.9925e+01	
 9.9940e+01	
 9.9945e+01	
 9.9943e+01	
 9.9953e+01	
 9.9947e+01	
 9.9947e+01	
 9.9963e+01	
 9.9943e+01	
 9.9950e+01	
 9.9955e+01	
 9.9945e+01	
 9.9950e+01	
 9.9947e+01	
 9.9955e+01	
 9.9948e+01	
 9.9958e+01	
 9.9950e+01	
 9.9947e+01	
 9.9960e+01	
 9.9962e+01	
 9.9962e+01	
 9.9962e+01	
 9.9970e+01	
 9.9963e+01	
 9.9963e+01	
 9.9958e+01	
 9.9970e+01	
 9.9958e+01	
 9.9963e+01	
 9.9950e+01	
 9.9967e+01	
 9.9973e+01	
 9.9962e+01	
 9.9965e+01	
 9.9972e+01	
 9.9962e+01	
 9.9962e+01	
 9.9967e+01	
 9.9968e+01	
 9.9972e+01	
 9.9955e+01	
 9.9972e+01	
 9.9968e+01	
 9.9967e+01	
 9.9970e+01	
 9.9982e+01	
 9.9973e+01	
 9.9973e+01	
 9.9972e+01	
 9.9972e+01	
 9.9973e+01	
 9.9977e+01	
 9.9973e+01	
 9.9975e+01	
 9.9972e+01	
