% mean class accuracy (train set)	
 8.6369e+01	
 9.6390e+01	
 9.7332e+01	
 9.7783e+01	
 9.8100e+01	
 9.8305e+01	
 9.8454e+01	
 9.8587e+01	
 9.8687e+01	
 9.8781e+01	
 9.8856e+01	
 9.8908e+01	
 9.8989e+01	
 9.9033e+01	
 9.9082e+01	
 9.9119e+01	
 9.9162e+01	
 9.9203e+01	
 9.9230e+01	
 9.9265e+01	
 9.9294e+01	
 9.9327e+01	
 9.9347e+01	
 9.9370e+01	
 9.9386e+01	
 9.9395e+01	
 9.9433e+01	
 9.9446e+01	
 9.9470e+01	
 9.9486e+01	
 9.9504e+01	
 9.9503e+01	
 9.9537e+01	
 9.9539e+01	
 9.9560e+01	
 9.9567e+01	
 9.9595e+01	
 9.9599e+01	
 9.9606e+01	
 9.9622e+01	
 9.9631e+01	
 9.9634e+01	
 9.9649e+01	
 9.9654e+01	
 9.9664e+01	
 9.9676e+01	
 9.9686e+01	
 9.9695e+01	
 9.9690e+01	
 9.9708e+01	
 9.9706e+01	
 9.9715e+01	
 9.9723e+01	
 9.9729e+01	
 9.9735e+01	
 9.9748e+01	
 9.9752e+01	
 9.9753e+01	
 9.9766e+01	
 9.9757e+01	
 9.9782e+01	
 9.9782e+01	
 9.9782e+01	
 9.9785e+01	
 9.9793e+01	
 9.9795e+01	
 9.9799e+01	
 9.9812e+01	
 9.9811e+01	
 9.9809e+01	
 9.9814e+01	
 9.9816e+01	
 9.9827e+01	
 9.9831e+01	
 9.9832e+01	
 9.9832e+01	
 9.9835e+01	
 9.9842e+01	
 9.9838e+01	
 9.9853e+01	
 9.9849e+01	
 9.9858e+01	
 9.9852e+01	
 9.9867e+01	
 9.9867e+01	
 9.9867e+01	
 9.9872e+01	
 9.9871e+01	
 9.9873e+01	
 9.9881e+01	
 9.9877e+01	
 9.9886e+01	
 9.9882e+01	
 9.9886e+01	
 9.9882e+01	
 9.9887e+01	
 9.9887e+01	
 9.9895e+01	
 9.9889e+01	
 9.9899e+01	
 9.9902e+01	
 9.9898e+01	
 9.9903e+01	
 9.9902e+01	
 9.9906e+01	
 9.9908e+01	
 9.9905e+01	
 9.9914e+01	
 9.9913e+01	
 9.9920e+01	
 9.9913e+01	
 9.9920e+01	
 9.9914e+01	
 9.9920e+01	
 9.9924e+01	
 9.9920e+01	
 9.9925e+01	
 9.9923e+01	
 9.9924e+01	
 9.9929e+01	
 9.9926e+01	
 9.9931e+01	
 9.9925e+01	
 9.9935e+01	
 9.9930e+01	
 9.9935e+01	
 9.9941e+01	
 9.9937e+01	
 9.9940e+01	
 9.9943e+01	
 9.9936e+01	
 9.9940e+01	
 9.9940e+01	
 9.9944e+01	
 9.9950e+01	
 9.9943e+01	
 9.9940e+01	
 9.9946e+01	
 9.9947e+01	
 9.9948e+01	
 9.9948e+01	
 9.9949e+01	
 9.9954e+01	
 9.9957e+01	
 9.9952e+01	
 9.9954e+01	
 9.9956e+01	
 9.9953e+01	
 9.9953e+01	
 9.9956e+01	
 9.9957e+01	
 9.9957e+01	
 9.9960e+01	
 9.9960e+01	
 9.9957e+01	
 9.9961e+01	
 9.9963e+01	
 9.9962e+01	
 9.9963e+01	
 9.9960e+01	
 9.9963e+01	
 9.9961e+01	
 9.9964e+01	
 9.9968e+01	
 9.9962e+01	
 9.9966e+01	
 9.9968e+01	
 9.9963e+01	
 9.9970e+01	
 9.9966e+01	
 9.9970e+01	
 9.9970e+01	
 9.9971e+01	
 9.9969e+01	
 9.9970e+01	
 9.9972e+01	
 9.9970e+01	
 9.9970e+01	
 9.9971e+01	
 9.9968e+01	
 9.9972e+01	
 9.9975e+01	
 9.9970e+01	
 9.9975e+01	
 9.9972e+01	
 9.9974e+01	
 9.9974e+01	
 9.9974e+01	
 9.9974e+01	
 9.9975e+01	
 9.9974e+01	
 9.9977e+01	
 9.9976e+01	
 9.9975e+01	
 9.9977e+01	
 9.9979e+01	
 9.9975e+01	
 9.9977e+01	
 9.9981e+01	
 9.9978e+01	
 9.9981e+01	
 9.9978e+01	
 9.9980e+01	
 9.9977e+01	
 9.9980e+01	
 9.9978e+01	
 9.9978e+01	
 9.9980e+01	
 9.9980e+01	
 9.9982e+01	
 9.9979e+01	
 9.9983e+01	
 9.9981e+01	
 9.9981e+01	
 9.9981e+01	
 9.9984e+01	
 9.9981e+01	
 9.9980e+01	
 9.9985e+01	
 9.9984e+01	
 9.9981e+01	
 9.9986e+01	
 9.9980e+01	
 9.9985e+01	
 9.9988e+01	
 9.9984e+01	
 9.9982e+01	
 9.9984e+01	
 9.9985e+01	
 9.9983e+01	
 9.9983e+01	
 9.9985e+01	
 9.9985e+01	
 9.9985e+01	
 9.9987e+01	
 9.9985e+01	
 9.9985e+01	
 9.9987e+01	
 9.9986e+01	
 9.9987e+01	
 9.9986e+01	
 9.9988e+01	
 9.9989e+01	
 9.9988e+01	
 9.9987e+01	
 9.9987e+01	
 9.9987e+01	
 9.9986e+01	
 9.9986e+01	
 9.9988e+01	
