% mean class accuracy (train set)	
 9.3172e+01	
 9.8212e+01	
 9.8762e+01	
 9.9061e+01	
 9.9257e+01	
 9.9407e+01	
 9.9511e+01	
 9.9584e+01	
 9.9666e+01	
 9.9702e+01	
 9.9744e+01	
 9.9774e+01	
 9.9798e+01	
 9.9816e+01	
 9.9849e+01	
 9.9861e+01	
 9.9876e+01	
 9.9885e+01	
 9.9896e+01	
 9.9908e+01	
 9.9911e+01	
 9.9918e+01	
 9.9922e+01	
 9.9931e+01	
 9.9935e+01	
 9.9941e+01	
 9.9949e+01	
 9.9946e+01	
 9.9948e+01	
 9.9953e+01	
 9.9957e+01	
 9.9957e+01	
 9.9960e+01	
 9.9963e+01	
 9.9968e+01	
 9.9965e+01	
 9.9966e+01	
 9.9972e+01	
 9.9977e+01	
 9.9973e+01	
 9.9974e+01	
 9.9975e+01	
 9.9978e+01	
 9.9978e+01	
 9.9980e+01	
 9.9979e+01	
 9.9978e+01	
 9.9981e+01	
 9.9981e+01	
 9.9985e+01	
 9.9984e+01	
 9.9985e+01	
 9.9981e+01	
 9.9988e+01	
 9.9984e+01	
 9.9985e+01	
 9.9987e+01	
 9.9987e+01	
 9.9987e+01	
 9.9987e+01	
 9.9991e+01	
 9.9991e+01	
 9.9989e+01	
 9.9986e+01	
 9.9992e+01	
 9.9991e+01	
 9.9992e+01	
 9.9989e+01	
 9.9991e+01	
 9.9992e+01	
 9.9992e+01	
 9.9992e+01	
 9.9993e+01	
 9.9992e+01	
 9.9994e+01	
 9.9992e+01	
 9.9994e+01	
 9.9992e+01	
 9.9993e+01	
 9.9993e+01	
 9.9994e+01	
 9.9994e+01	
 9.9994e+01	
 9.9994e+01	
 9.9995e+01	
 9.9995e+01	
 9.9994e+01	
 9.9994e+01	
 9.9994e+01	
 9.9995e+01	
 9.9993e+01	
 9.9994e+01	
 9.9996e+01	
 9.9996e+01	
 9.9997e+01	
 9.9995e+01	
 9.9995e+01	
 9.9996e+01	
 9.9996e+01	
 9.9996e+01	
 9.9995e+01	
 9.9997e+01	
 9.9997e+01	
 9.9998e+01	
 9.9996e+01	
 9.9997e+01	
 9.9995e+01	
 9.9997e+01	
 9.9996e+01	
 9.9995e+01	
 9.9997e+01	
 9.9997e+01	
 9.9996e+01	
 9.9998e+01	
 9.9997e+01	
 9.9997e+01	
 9.9997e+01	
 9.9996e+01	
 9.9997e+01	
 9.9996e+01	
 9.9997e+01	
 9.9998e+01	
 9.9998e+01	
 9.9998e+01	
 9.9998e+01	
 9.9999e+01	
 9.9998e+01	
 9.9997e+01	
 9.9998e+01	
 9.9998e+01	
 9.9997e+01	
 9.9997e+01	
 9.9999e+01	
 9.9998e+01	
 9.9998e+01	
 9.9997e+01	
 9.9997e+01	
 9.9999e+01	
 9.9998e+01	
 9.9997e+01	
 9.9998e+01	
 9.9997e+01	
 9.9998e+01	
 9.9998e+01	
 9.9998e+01	
 9.9998e+01	
 9.9998e+01	
 9.9998e+01	
 9.9997e+01	
 9.9999e+01	
 9.9998e+01	
 9.9999e+01	
 9.9998e+01	
 9.9998e+01	
 9.9999e+01	
 9.9998e+01	
 9.9999e+01	
 9.9998e+01	
 9.9999e+01	
 9.9998e+01	
 9.9999e+01	
 9.9998e+01	
 9.9999e+01	
 9.9998e+01	
 9.9999e+01	
 9.9999e+01	
 9.9998e+01	
 9.9998e+01	
 9.9998e+01	
 9.9999e+01	
 9.9998e+01	
 9.9999e+01	
 9.9999e+01	
 9.9999e+01	
 9.9998e+01	
 9.9999e+01	
 9.9998e+01	
 9.9999e+01	
 9.9999e+01	
 9.9999e+01	
 9.9999e+01	
 9.9999e+01	
 9.9999e+01	
 9.9999e+01	
 9.9999e+01	
 9.9999e+01	
 9.9999e+01	
 9.9998e+01	
 1.0000e+02	
 9.9999e+01	
 1.0000e+02	
 9.9999e+01	
 9.9999e+01	
 9.9999e+01	
 9.9999e+01	
 1.0000e+02	
 1.0000e+02	
 9.9999e+01	
 9.9999e+01	
 9.9999e+01	
 9.9999e+01	
 1.0000e+02	
 9.9999e+01	
 9.9998e+01	
 9.9998e+01	
 9.9998e+01	
 9.9998e+01	
 1.0000e+02	
 1.0000e+02	
 9.9999e+01	
 9.9999e+01	
 9.9998e+01	
 9.9999e+01	
 9.9999e+01	
 9.9999e+01	
 1.0000e+02	
 9.9999e+01	
 9.9999e+01	
 9.9999e+01	
 1.0000e+02	
 9.9998e+01	
 1.0000e+02	
 9.9999e+01	
 9.9999e+01	
 9.9999e+01	
 9.9999e+01	
 9.9999e+01	
 9.9999e+01	
 9.9999e+01	
 9.9999e+01	
 1.0000e+02	
 1.0000e+02	
 9.9999e+01	
 9.9999e+01	
 9.9999e+01	
 1.0000e+02	
 9.9999e+01	
 9.9999e+01	
 9.9999e+01	
 1.0000e+02	
 1.0000e+02	
 1.0000e+02	
 9.9999e+01	
 9.9999e+01	
 1.0000e+02	
 1.0000e+02	
 9.9999e+01	
 9.9999e+01	
 1.0000e+02	
 9.9999e+01	
