% mean class accuracy (train set)	
 9.4731e+01	
 9.8038e+01	
 9.8491e+01	
 9.8746e+01	
 9.8904e+01	
 9.9021e+01	
 9.9125e+01	
 9.9213e+01	
 9.9280e+01	
 9.9339e+01	
 9.9397e+01	
 9.9425e+01	
 9.9452e+01	
 9.9487e+01	
 9.9517e+01	
 9.9559e+01	
 9.9572e+01	
 9.9603e+01	
 9.9625e+01	
 9.9643e+01	
 9.9656e+01	
 9.9665e+01	
 9.9697e+01	
 9.9690e+01	
 9.9719e+01	
 9.9728e+01	
 9.9741e+01	
 9.9740e+01	
 9.9751e+01	
 9.9767e+01	
 9.9770e+01	
 9.9772e+01	
 9.9796e+01	
 9.9800e+01	
 9.9801e+01	
 9.9811e+01	
 9.9811e+01	
 9.9830e+01	
 9.9824e+01	
 9.9838e+01	
 9.9838e+01	
 9.9848e+01	
 9.9853e+01	
 9.9856e+01	
 9.9862e+01	
 9.9855e+01	
 9.9865e+01	
 9.9873e+01	
 9.9869e+01	
 9.9881e+01	
 9.9893e+01	
 9.9895e+01	
 9.9892e+01	
 9.9888e+01	
 9.9899e+01	
 9.9887e+01	
 9.9900e+01	
 9.9896e+01	
 9.9910e+01	
 9.9908e+01	
 9.9907e+01	
 9.9918e+01	
 9.9912e+01	
 9.9919e+01	
 9.9920e+01	
 9.9923e+01	
 9.9920e+01	
 9.9926e+01	
 9.9923e+01	
 9.9927e+01	
 9.9928e+01	
 9.9930e+01	
 9.9934e+01	
 9.9932e+01	
 9.9935e+01	
 9.9937e+01	
 9.9938e+01	
 9.9942e+01	
 9.9939e+01	
 9.9941e+01	
 9.9945e+01	
 9.9950e+01	
 9.9944e+01	
 9.9943e+01	
 9.9946e+01	
 9.9948e+01	
 9.9952e+01	
 9.9950e+01	
 9.9952e+01	
 9.9947e+01	
 9.9951e+01	
 9.9953e+01	
 9.9955e+01	
 9.9956e+01	
 9.9953e+01	
 9.9961e+01	
 9.9958e+01	
 9.9962e+01	
 9.9958e+01	
 9.9956e+01	
 9.9959e+01	
 9.9967e+01	
 9.9963e+01	
 9.9957e+01	
 9.9963e+01	
 9.9959e+01	
 9.9964e+01	
 9.9967e+01	
 9.9965e+01	
 9.9964e+01	
 9.9967e+01	
 9.9969e+01	
 9.9968e+01	
 9.9965e+01	
 9.9966e+01	
 9.9966e+01	
 9.9971e+01	
 9.9969e+01	
 9.9972e+01	
 9.9971e+01	
 9.9973e+01	
 9.9970e+01	
 9.9975e+01	
 9.9974e+01	
 9.9971e+01	
 9.9972e+01	
 9.9972e+01	
 9.9973e+01	
 9.9971e+01	
 9.9970e+01	
 9.9971e+01	
 9.9972e+01	
 9.9973e+01	
 9.9973e+01	
 9.9973e+01	
 9.9972e+01	
 9.9976e+01	
 9.9975e+01	
 9.9976e+01	
 9.9976e+01	
 9.9980e+01	
 9.9979e+01	
 9.9974e+01	
 9.9979e+01	
 9.9974e+01	
 9.9978e+01	
 9.9979e+01	
 9.9976e+01	
 9.9978e+01	
 9.9982e+01	
 9.9981e+01	
 9.9976e+01	
 9.9980e+01	
 9.9982e+01	
 9.9980e+01	
 9.9980e+01	
 9.9983e+01	
 9.9980e+01	
 9.9984e+01	
 9.9983e+01	
 9.9977e+01	
 9.9982e+01	
 9.9978e+01	
 9.9983e+01	
 9.9981e+01	
 9.9980e+01	
 9.9983e+01	
 9.9981e+01	
 9.9983e+01	
 9.9984e+01	
 9.9987e+01	
 9.9984e+01	
 9.9984e+01	
 9.9980e+01	
 9.9980e+01	
 9.9984e+01	
 9.9982e+01	
 9.9983e+01	
 9.9984e+01	
 9.9982e+01	
 9.9985e+01	
 9.9987e+01	
 9.9983e+01	
 9.9985e+01	
 9.9983e+01	
 9.9985e+01	
 9.9984e+01	
 9.9984e+01	
 9.9986e+01	
 9.9983e+01	
 9.9987e+01	
 9.9986e+01	
 9.9988e+01	
 9.9987e+01	
 9.9986e+01	
 9.9986e+01	
 9.9983e+01	
 9.9988e+01	
 9.9986e+01	
 9.9985e+01	
 9.9989e+01	
 9.9988e+01	
 9.9986e+01	
 9.9985e+01	
 9.9986e+01	
 9.9987e+01	
 9.9988e+01	
 9.9989e+01	
 9.9985e+01	
 9.9990e+01	
 9.9986e+01	
 9.9987e+01	
 9.9987e+01	
 9.9987e+01	
 9.9989e+01	
 9.9990e+01	
 9.9987e+01	
 9.9987e+01	
 9.9989e+01	
 9.9992e+01	
 9.9991e+01	
 9.9990e+01	
 9.9989e+01	
 9.9990e+01	
 9.9987e+01	
 9.9990e+01	
 9.9990e+01	
 9.9988e+01	
 9.9988e+01	
 9.9991e+01	
 9.9988e+01	
 9.9987e+01	
 9.9990e+01	
 9.9990e+01	
 9.9988e+01	
 9.9990e+01	
 9.9989e+01	
 9.9990e+01	
 9.9988e+01	
 9.9992e+01	
 9.9990e+01	
 9.9994e+01	
 9.9990e+01	
 9.9992e+01	
 9.9992e+01	
 9.9988e+01	
 9.9991e+01	
 9.9990e+01	
 9.9990e+01	
 9.9989e+01	
