% mean class accuracy (train set)	
 3.4702e+01	
 5.5718e+01	
 6.6615e+01	
 7.6910e+01	
 8.2263e+01	
 8.5305e+01	
 8.7213e+01	
 8.8368e+01	
 8.9398e+01	
 9.0100e+01	
 9.0728e+01	
 9.1317e+01	
 9.1762e+01	
 9.2220e+01	
 9.3340e+01	
 9.3883e+01	
 9.4173e+01	
 9.4378e+01	
 9.4595e+01	
 9.4798e+01	
 9.4990e+01	
 9.5247e+01	
 9.5353e+01	
 9.5432e+01	
 9.5675e+01	
 9.5745e+01	
 9.5880e+01	
 9.5992e+01	
 9.6075e+01	
 9.6207e+01	
 9.6340e+01	
 9.6370e+01	
 9.6492e+01	
 9.6538e+01	
 9.6633e+01	
 9.6737e+01	
 9.6813e+01	
 9.6873e+01	
 9.6938e+01	
 9.6963e+01	
 9.7015e+01	
 9.7125e+01	
 9.7180e+01	
 9.7195e+01	
 9.7212e+01	
 9.7332e+01	
 9.7352e+01	
 9.7392e+01	
 9.7453e+01	
 9.7473e+01	
 9.7557e+01	
 9.7588e+01	
 9.7663e+01	
 9.7660e+01	
 9.7692e+01	
 9.7698e+01	
 9.7713e+01	
 9.7783e+01	
 9.7835e+01	
 9.7833e+01	
 9.7897e+01	
 9.7890e+01	
 9.7952e+01	
 9.7970e+01	
 9.8035e+01	
 9.8063e+01	
 9.8077e+01	
 9.8030e+01	
 9.8068e+01	
 9.8138e+01	
 9.8138e+01	
 9.8168e+01	
 9.8205e+01	
 9.8212e+01	
 9.8237e+01	
 9.8245e+01	
 9.8253e+01	
 9.8302e+01	
 9.8322e+01	
 9.8325e+01	
 9.8338e+01	
 9.8380e+01	
 9.8400e+01	
 9.8370e+01	
 9.8385e+01	
 9.8448e+01	
 9.8422e+01	
 9.8448e+01	
 9.8465e+01	
 9.8513e+01	
 9.8505e+01	
 9.8523e+01	
 9.8527e+01	
 9.8560e+01	
 9.8587e+01	
 9.8595e+01	
 9.8603e+01	
 9.8613e+01	
 9.8642e+01	
 9.8618e+01	
 9.8613e+01	
 9.8657e+01	
 9.8675e+01	
 9.8658e+01	
 9.8693e+01	
 9.8715e+01	
 9.8718e+01	
 9.8750e+01	
 9.8755e+01	
 9.8755e+01	
 9.8765e+01	
 9.8785e+01	
 9.8783e+01	
 9.8825e+01	
 9.8827e+01	
 9.8830e+01	
 9.8813e+01	
 9.8853e+01	
 9.8857e+01	
 9.8847e+01	
 9.8892e+01	
 9.8880e+01	
 9.8907e+01	
 9.8957e+01	
 9.8917e+01	
 9.8943e+01	
 9.8928e+01	
 9.8945e+01	
 9.8958e+01	
 9.8962e+01	
 9.8947e+01	
 9.8968e+01	
 9.8987e+01	
 9.8993e+01	
 9.8997e+01	
 9.9030e+01	
 9.9043e+01	
 9.9035e+01	
 9.9013e+01	
 9.9053e+01	
 9.9078e+01	
 9.9070e+01	
 9.9070e+01	
 9.9092e+01	
 9.9105e+01	
 9.9105e+01	
 9.9112e+01	
 9.9095e+01	
 9.9097e+01	
 9.9127e+01	
 9.9152e+01	
 9.9150e+01	
 9.9175e+01	
 9.9147e+01	
 9.9133e+01	
 9.9155e+01	
 9.9137e+01	
 9.9168e+01	
 9.9187e+01	
 9.9175e+01	
 9.9202e+01	
 9.9212e+01	
 9.9218e+01	
 9.9207e+01	
 9.9220e+01	
 9.9262e+01	
 9.9257e+01	
 9.9275e+01	
 9.9270e+01	
 9.9278e+01	
 9.9273e+01	
 9.9292e+01	
 9.9295e+01	
 9.9287e+01	
 9.9333e+01	
 9.9293e+01	
 9.9318e+01	
 9.9322e+01	
 9.9325e+01	
 9.9322e+01	
 9.9338e+01	
 9.9340e+01	
 9.9353e+01	
 9.9393e+01	
 9.9367e+01	
 9.9392e+01	
 9.9368e+01	
 9.9375e+01	
 9.9388e+01	
 9.9380e+01	
 9.9392e+01	
 9.9415e+01	
 9.9425e+01	
 9.9397e+01	
 9.9420e+01	
 9.9433e+01	
 9.9428e+01	
 9.9413e+01	
 9.9452e+01	
 9.9450e+01	
 9.9473e+01	
 9.9477e+01	
 9.9472e+01	
 9.9442e+01	
 9.9453e+01	
 9.9490e+01	
 9.9478e+01	
 9.9480e+01	
 9.9473e+01	
 9.9502e+01	
 9.9487e+01	
 9.9522e+01	
 9.9523e+01	
 9.9535e+01	
 9.9522e+01	
 9.9513e+01	
 9.9528e+01	
 9.9537e+01	
 9.9530e+01	
 9.9523e+01	
 9.9550e+01	
 9.9547e+01	
 9.9577e+01	
 9.9570e+01	
 9.9565e+01	
 9.9558e+01	
 9.9565e+01	
 9.9568e+01	
 9.9590e+01	
 9.9585e+01	
 9.9588e+01	
 9.9600e+01	
 9.9612e+01	
 9.9595e+01	
 9.9588e+01	
 9.9627e+01	
 9.9633e+01	
 9.9610e+01	
 9.9612e+01	
 9.9622e+01	
 9.9657e+01	
 9.9635e+01	
 9.9662e+01	
 9.9637e+01	
 9.9632e+01	
 9.9643e+01	
 9.9650e+01	
 9.9660e+01	
 9.9667e+01	
 9.9662e+01	
