% mean class accuracy (train set)	
 6.6718e+01	
 8.8835e+01	
 9.3370e+01	
 9.5347e+01	
 9.6262e+01	
 9.6787e+01	
 9.7173e+01	
 9.7578e+01	
 9.7665e+01	
 9.7855e+01	
 9.8073e+01	
 9.8140e+01	
 9.8305e+01	
 9.8445e+01	
 9.8485e+01	
 9.8543e+01	
 9.8603e+01	
 9.8680e+01	
 9.8785e+01	
 9.8778e+01	
 9.8898e+01	
 9.8893e+01	
 9.8938e+01	
 9.9027e+01	
 9.9033e+01	
 9.9088e+01	
 9.9165e+01	
 9.9168e+01	
 9.9218e+01	
 9.9293e+01	
 9.9255e+01	
 9.9303e+01	
 9.9330e+01	
 9.9343e+01	
 9.9367e+01	
 9.9420e+01	
 9.9422e+01	
 9.9452e+01	
 9.9493e+01	
 9.9532e+01	
 9.9543e+01	
 9.9540e+01	
 9.9540e+01	
 9.9598e+01	
 9.9587e+01	
 9.9608e+01	
 9.9642e+01	
 9.9667e+01	
 9.9627e+01	
 9.9658e+01	
 9.9670e+01	
 9.9693e+01	
 9.9737e+01	
 9.9717e+01	
 9.9720e+01	
 9.9727e+01	
 9.9740e+01	
 9.9780e+01	
 9.9773e+01	
 9.9807e+01	
 9.9777e+01	
 9.9807e+01	
 9.9798e+01	
 9.9808e+01	
 9.9825e+01	
 9.9845e+01	
 9.9840e+01	
 9.9842e+01	
 9.9835e+01	
 9.9868e+01	
 9.9850e+01	
 9.9850e+01	
 9.9835e+01	
 9.9877e+01	
 9.9858e+01	
 9.9878e+01	
 9.9892e+01	
 9.9880e+01	
 9.9882e+01	
 9.9890e+01	
 9.9905e+01	
 9.9900e+01	
 9.9903e+01	
 9.9897e+01	
 9.9922e+01	
 9.9920e+01	
 9.9907e+01	
 9.9915e+01	
 9.9915e+01	
 9.9908e+01	
 9.9920e+01	
 9.9932e+01	
 9.9932e+01	
 9.9923e+01	
 9.9918e+01	
 9.9937e+01	
 9.9938e+01	
 9.9940e+01	
 9.9928e+01	
 9.9930e+01	
 9.9955e+01	
 9.9948e+01	
 9.9942e+01	
 9.9940e+01	
 9.9933e+01	
 9.9955e+01	
 9.9952e+01	
 9.9960e+01	
 9.9957e+01	
 9.9957e+01	
 9.9952e+01	
 9.9955e+01	
 9.9955e+01	
 9.9965e+01	
 9.9968e+01	
 9.9965e+01	
 9.9963e+01	
 9.9967e+01	
 9.9955e+01	
 9.9967e+01	
 9.9963e+01	
 9.9955e+01	
 9.9980e+01	
 9.9968e+01	
 9.9970e+01	
 9.9965e+01	
 9.9977e+01	
 9.9972e+01	
 9.9973e+01	
 9.9980e+01	
 9.9975e+01	
 9.9977e+01	
 9.9962e+01	
 9.9978e+01	
 9.9972e+01	
 9.9975e+01	
 9.9985e+01	
 9.9968e+01	
 9.9977e+01	
 9.9977e+01	
 9.9980e+01	
 9.9982e+01	
 9.9990e+01	
 9.9977e+01	
 9.9970e+01	
 9.9987e+01	
 9.9982e+01	
 9.9973e+01	
 9.9968e+01	
 9.9978e+01	
 9.9982e+01	
 9.9985e+01	
 9.9985e+01	
 9.9988e+01	
 9.9983e+01	
 9.9987e+01	
 9.9983e+01	
 9.9982e+01	
 9.9985e+01	
 9.9987e+01	
 9.9985e+01	
 9.9983e+01	
 9.9983e+01	
 9.9988e+01	
 9.9987e+01	
 9.9988e+01	
 9.9985e+01	
 9.9988e+01	
 9.9982e+01	
 9.9975e+01	
 9.9980e+01	
 9.9993e+01	
 9.9992e+01	
 9.9993e+01	
 9.9987e+01	
 9.9990e+01	
 9.9992e+01	
 9.9988e+01	
 9.9992e+01	
 9.9990e+01	
 9.9997e+01	
 9.9993e+01	
 9.9997e+01	
 9.9987e+01	
 9.9990e+01	
 9.9992e+01	
 9.9990e+01	
 9.9990e+01	
 9.9992e+01	
 9.9997e+01	
 9.9987e+01	
 9.9990e+01	
 9.9987e+01	
 9.9983e+01	
 9.9983e+01	
 9.9992e+01	
 9.9990e+01	
 9.9990e+01	
 9.9995e+01	
 9.9992e+01	
 9.9985e+01	
 9.9992e+01	
 9.9995e+01	
 9.9995e+01	
 9.9987e+01	
 9.9992e+01	
 9.9993e+01	
 9.9997e+01	
 9.9993e+01	
 9.9993e+01	
 9.9993e+01	
 9.9992e+01	
 9.9990e+01	
 9.9995e+01	
 9.9983e+01	
 9.9995e+01	
 9.9995e+01	
 9.9992e+01	
 9.9993e+01	
 9.9988e+01	
 9.9990e+01	
 9.9993e+01	
 9.9987e+01	
 9.9993e+01	
 9.9993e+01	
 9.9992e+01	
 9.9995e+01	
 9.9995e+01	
 9.9997e+01	
 9.9990e+01	
 9.9998e+01	
 9.9998e+01	
 9.9997e+01	
 9.9997e+01	
 9.9993e+01	
 9.9997e+01	
 9.9997e+01	
 9.9992e+01	
 9.9997e+01	
 9.9998e+01	
 1.0000e+02	
 9.9995e+01	
 9.9988e+01	
 9.9998e+01	
 1.0000e+02	
 9.9997e+01	
 9.9998e+01	
 9.9997e+01	
 9.9998e+01	
 9.9997e+01	
