% mean class accuracy (train set)	
 8.5956e+01	
 9.7013e+01	
 9.8006e+01	
 9.8448e+01	
 9.8711e+01	
 9.8902e+01	
 9.9060e+01	
 9.9186e+01	
 9.9287e+01	
 9.9376e+01	
 9.9448e+01	
 9.9518e+01	
 9.9569e+01	
 9.9619e+01	
 9.9653e+01	
 9.9693e+01	
 9.9722e+01	
 9.9737e+01	
 9.9769e+01	
 9.9787e+01	
 9.9802e+01	
 9.9813e+01	
 9.9833e+01	
 9.9849e+01	
 9.9856e+01	
 9.9868e+01	
 9.9874e+01	
 9.9886e+01	
 9.9896e+01	
 9.9897e+01	
 9.9905e+01	
 9.9911e+01	
 9.9919e+01	
 9.9920e+01	
 9.9927e+01	
 9.9926e+01	
 9.9936e+01	
 9.9938e+01	
 9.9941e+01	
 9.9948e+01	
 9.9948e+01	
 9.9952e+01	
 9.9954e+01	
 9.9957e+01	
 9.9959e+01	
 9.9960e+01	
 9.9961e+01	
 9.9966e+01	
 9.9969e+01	
 9.9966e+01	
 9.9970e+01	
 9.9972e+01	
 9.9973e+01	
 9.9975e+01	
 9.9976e+01	
 9.9978e+01	
 9.9975e+01	
 9.9979e+01	
 9.9978e+01	
 9.9980e+01	
 9.9980e+01	
 9.9982e+01	
 9.9982e+01	
 9.9982e+01	
 9.9984e+01	
 9.9985e+01	
 9.9984e+01	
 9.9984e+01	
 9.9986e+01	
 9.9987e+01	
 9.9986e+01	
 9.9989e+01	
 9.9987e+01	
 9.9988e+01	
 9.9990e+01	
 9.9989e+01	
 9.9989e+01	
 9.9989e+01	
 9.9989e+01	
 9.9989e+01	
 9.9990e+01	
 9.9990e+01	
 9.9990e+01	
 9.9992e+01	
 9.9991e+01	
 9.9993e+01	
 9.9992e+01	
 9.9991e+01	
 9.9993e+01	
 9.9993e+01	
 9.9993e+01	
 9.9993e+01	
 9.9995e+01	
 9.9992e+01	
 9.9994e+01	
 9.9994e+01	
 9.9995e+01	
 9.9994e+01	
 9.9995e+01	
 9.9995e+01	
 9.9996e+01	
 9.9994e+01	
 9.9994e+01	
 9.9995e+01	
 9.9994e+01	
 9.9994e+01	
 9.9996e+01	
 9.9996e+01	
 9.9995e+01	
 9.9995e+01	
 9.9996e+01	
 9.9997e+01	
 9.9995e+01	
 9.9996e+01	
 9.9997e+01	
 9.9997e+01	
 9.9997e+01	
 9.9995e+01	
 9.9997e+01	
 9.9997e+01	
 9.9997e+01	
 9.9996e+01	
 9.9997e+01	
 9.9998e+01	
 9.9997e+01	
 9.9997e+01	
 9.9997e+01	
 9.9997e+01	
 9.9998e+01	
 9.9997e+01	
 9.9997e+01	
 9.9997e+01	
 9.9999e+01	
 9.9998e+01	
 9.9998e+01	
 9.9998e+01	
 9.9998e+01	
 9.9997e+01	
 9.9998e+01	
 9.9997e+01	
 9.9998e+01	
 9.9998e+01	
 9.9998e+01	
 9.9998e+01	
 9.9998e+01	
 9.9997e+01	
 9.9998e+01	
 9.9997e+01	
 9.9998e+01	
 9.9999e+01	
 9.9998e+01	
 9.9998e+01	
 9.9998e+01	
 9.9999e+01	
 9.9998e+01	
 9.9998e+01	
 9.9999e+01	
 9.9999e+01	
 9.9998e+01	
 9.9999e+01	
 9.9998e+01	
 9.9999e+01	
 9.9999e+01	
 9.9999e+01	
 9.9999e+01	
 9.9998e+01	
 9.9998e+01	
 9.9999e+01	
 9.9999e+01	
 9.9999e+01	
 9.9998e+01	
 9.9999e+01	
 9.9999e+01	
 9.9999e+01	
 9.9999e+01	
 9.9999e+01	
 9.9999e+01	
 9.9998e+01	
 9.9999e+01	
 9.9999e+01	
 9.9998e+01	
 9.9999e+01	
 9.9999e+01	
 9.9999e+01	
 9.9999e+01	
 9.9999e+01	
 1.0000e+02	
 9.9999e+01	
 9.9999e+01	
 9.9999e+01	
 9.9999e+01	
 9.9999e+01	
 9.9999e+01	
 9.9999e+01	
 1.0000e+02	
 9.9999e+01	
 1.0000e+02	
 9.9999e+01	
 1.0000e+02	
 9.9999e+01	
 1.0000e+02	
 9.9999e+01	
 9.9999e+01	
 9.9998e+01	
 9.9999e+01	
 9.9999e+01	
 9.9999e+01	
 9.9999e+01	
 9.9999e+01	
 9.9999e+01	
 9.9999e+01	
 9.9999e+01	
 9.9999e+01	
 1.0000e+02	
 1.0000e+02	
 9.9999e+01	
 9.9999e+01	
 1.0000e+02	
 9.9999e+01	
 9.9999e+01	
 1.0000e+02	
 9.9999e+01	
 9.9999e+01	
 1.0000e+02	
 1.0000e+02	
 1.0000e+02	
 9.9999e+01	
 1.0000e+02	
 1.0000e+02	
 1.0000e+02	
 1.0000e+02	
 9.9999e+01	
 1.0000e+02	
 1.0000e+02	
 1.0000e+02	
 1.0000e+02	
 1.0000e+02	
 1.0000e+02	
 1.0000e+02	
 1.0000e+02	
 9.9999e+01	
 1.0000e+02	
 1.0000e+02	
 1.0000e+02	
 1.0000e+02	
 1.0000e+02	
 1.0000e+02	
 9.9999e+01	
 9.9999e+01	
 9.9999e+01	
