% mean class accuracy (train set)	
 7.7898e+01	
 9.3384e+01	
 9.5555e+01	
 9.6395e+01	
 9.6873e+01	
 9.7221e+01	
 9.7501e+01	
 9.7686e+01	
 9.7848e+01	
 9.7993e+01	
 9.8100e+01	
 9.8206e+01	
 9.8290e+01	
 9.8361e+01	
 9.8445e+01	
 9.8502e+01	
 9.8571e+01	
 9.8607e+01	
 9.8665e+01	
 9.8701e+01	
 9.8745e+01	
 9.8795e+01	
 9.8822e+01	
 9.8854e+01	
 9.8895e+01	
 9.8920e+01	
 9.8947e+01	
 9.8970e+01	
 9.8990e+01	
 9.9023e+01	
 9.9046e+01	
 9.9068e+01	
 9.9090e+01	
 9.9101e+01	
 9.9127e+01	
 9.9137e+01	
 9.9161e+01	
 9.9184e+01	
 9.9200e+01	
 9.9213e+01	
 9.9234e+01	
 9.9253e+01	
 9.9260e+01	
 9.9280e+01	
 9.9295e+01	
 9.9308e+01	
 9.9323e+01	
 9.9324e+01	
 9.9350e+01	
 9.9353e+01	
 9.9364e+01	
 9.9376e+01	
 9.9397e+01	
 9.9397e+01	
 9.9414e+01	
 9.9420e+01	
 9.9432e+01	
 9.9438e+01	
 9.9446e+01	
 9.9461e+01	
 9.9467e+01	
 9.9474e+01	
 9.9494e+01	
 9.9491e+01	
 9.9492e+01	
 9.9513e+01	
 9.9511e+01	
 9.9529e+01	
 9.9537e+01	
 9.9537e+01	
 9.9555e+01	
 9.9552e+01	
 9.9556e+01	
 9.9563e+01	
 9.9569e+01	
 9.9583e+01	
 9.9586e+01	
 9.9601e+01	
 9.9597e+01	
 9.9610e+01	
 9.9612e+01	
 9.9618e+01	
 9.9625e+01	
 9.9630e+01	
 9.9638e+01	
 9.9634e+01	
 9.9641e+01	
 9.9651e+01	
 9.9653e+01	
 9.9653e+01	
 9.9666e+01	
 9.9669e+01	
 9.9671e+01	
 9.9675e+01	
 9.9680e+01	
 9.9681e+01	
 9.9699e+01	
 9.9697e+01	
 9.9693e+01	
 9.9708e+01	
 9.9709e+01	
 9.9710e+01	
 9.9718e+01	
 9.9714e+01	
 9.9720e+01	
 9.9728e+01	
 9.9725e+01	
 9.9731e+01	
 9.9732e+01	
 9.9737e+01	
 9.9741e+01	
 9.9741e+01	
 9.9749e+01	
 9.9755e+01	
 9.9754e+01	
 9.9763e+01	
 9.9763e+01	
 9.9758e+01	
 9.9768e+01	
 9.9775e+01	
 9.9771e+01	
 9.9775e+01	
 9.9778e+01	
 9.9781e+01	
 9.9783e+01	
 9.9783e+01	
 9.9787e+01	
 9.9795e+01	
 9.9790e+01	
 9.9794e+01	
 9.9789e+01	
 9.9798e+01	
 9.9801e+01	
 9.9804e+01	
 9.9810e+01	
 9.9809e+01	
 9.9813e+01	
 9.9813e+01	
 9.9812e+01	
 9.9818e+01	
 9.9818e+01	
 9.9818e+01	
 9.9826e+01	
 9.9824e+01	
 9.9830e+01	
 9.9825e+01	
 9.9830e+01	
 9.9835e+01	
 9.9837e+01	
 9.9844e+01	
 9.9841e+01	
 9.9838e+01	
 9.9846e+01	
 9.9853e+01	
 9.9847e+01	
 9.9853e+01	
 9.9848e+01	
 9.9853e+01	
 9.9852e+01	
 9.9859e+01	
 9.9862e+01	
 9.9864e+01	
 9.9862e+01	
 9.9864e+01	
 9.9863e+01	
 9.9867e+01	
 9.9873e+01	
 9.9872e+01	
 9.9870e+01	
 9.9874e+01	
 9.9876e+01	
 9.9874e+01	
 9.9877e+01	
 9.9876e+01	
 9.9879e+01	
 9.9884e+01	
 9.9884e+01	
 9.9880e+01	
 9.9887e+01	
 9.9886e+01	
 9.9887e+01	
 9.9887e+01	
 9.9883e+01	
 9.9892e+01	
 9.9890e+01	
 9.9898e+01	
 9.9894e+01	
 9.9897e+01	
 9.9894e+01	
 9.9897e+01	
 9.9895e+01	
 9.9894e+01	
 9.9897e+01	
 9.9902e+01	
 9.9904e+01	
 9.9905e+01	
 9.9902e+01	
 9.9904e+01	
 9.9905e+01	
 9.9907e+01	
 9.9903e+01	
 9.9913e+01	
 9.9914e+01	
 9.9909e+01	
 9.9913e+01	
 9.9915e+01	
 9.9912e+01	
 9.9916e+01	
 9.9916e+01	
 9.9919e+01	
 9.9917e+01	
 9.9914e+01	
 9.9919e+01	
 9.9924e+01	
 9.9920e+01	
 9.9919e+01	
 9.9927e+01	
 9.9927e+01	
 9.9929e+01	
 9.9925e+01	
 9.9925e+01	
 9.9926e+01	
 9.9925e+01	
 9.9930e+01	
 9.9927e+01	
 9.9932e+01	
 9.9931e+01	
 9.9931e+01	
 9.9932e+01	
 9.9931e+01	
 9.9934e+01	
 9.9932e+01	
 9.9934e+01	
 9.9934e+01	
 9.9935e+01	
 9.9938e+01	
 9.9935e+01	
 9.9938e+01	
 9.9936e+01	
 9.9939e+01	
 9.9939e+01	
 9.9940e+01	
 9.9939e+01	
 9.9940e+01	
 9.9939e+01	
 9.9945e+01	
 9.9944e+01	
 9.9942e+01	
 9.9942e+01	
 9.9945e+01	
