% mean class accuracy (train set)	
 8.2576e+01	
 9.5948e+01	
 9.7257e+01	
 9.7794e+01	
 9.8123e+01	
 9.8351e+01	
 9.8500e+01	
 9.8640e+01	
 9.8747e+01	
 9.8842e+01	
 9.8911e+01	
 9.8980e+01	
 9.9045e+01	
 9.9106e+01	
 9.9147e+01	
 9.9195e+01	
 9.9227e+01	
 9.9264e+01	
 9.9305e+01	
 9.9339e+01	
 9.9364e+01	
 9.9390e+01	
 9.9415e+01	
 9.9425e+01	
 9.9460e+01	
 9.9480e+01	
 9.9494e+01	
 9.9514e+01	
 9.9539e+01	
 9.9555e+01	
 9.9564e+01	
 9.9588e+01	
 9.9596e+01	
 9.9604e+01	
 9.9619e+01	
 9.9640e+01	
 9.9650e+01	
 9.9658e+01	
 9.9673e+01	
 9.9672e+01	
 9.9687e+01	
 9.9699e+01	
 9.9707e+01	
 9.9713e+01	
 9.9719e+01	
 9.9738e+01	
 9.9736e+01	
 9.9742e+01	
 9.9744e+01	
 9.9754e+01	
 9.9753e+01	
 9.9766e+01	
 9.9777e+01	
 9.9781e+01	
 9.9787e+01	
 9.9793e+01	
 9.9799e+01	
 9.9804e+01	
 9.9808e+01	
 9.9812e+01	
 9.9821e+01	
 9.9828e+01	
 9.9823e+01	
 9.9826e+01	
 9.9828e+01	
 9.9832e+01	
 9.9843e+01	
 9.9847e+01	
 9.9856e+01	
 9.9852e+01	
 9.9855e+01	
 9.9865e+01	
 9.9865e+01	
 9.9865e+01	
 9.9870e+01	
 9.9871e+01	
 9.9882e+01	
 9.9877e+01	
 9.9884e+01	
 9.9881e+01	
 9.9890e+01	
 9.9888e+01	
 9.9892e+01	
 9.9894e+01	
 9.9898e+01	
 9.9899e+01	
 9.9903e+01	
 9.9904e+01	
 9.9907e+01	
 9.9911e+01	
 9.9911e+01	
 9.9912e+01	
 9.9914e+01	
 9.9917e+01	
 9.9914e+01	
 9.9922e+01	
 9.9923e+01	
 9.9925e+01	
 9.9927e+01	
 9.9924e+01	
 9.9928e+01	
 9.9932e+01	
 9.9928e+01	
 9.9936e+01	
 9.9933e+01	
 9.9934e+01	
 9.9934e+01	
 9.9942e+01	
 9.9940e+01	
 9.9942e+01	
 9.9940e+01	
 9.9936e+01	
 9.9939e+01	
 9.9948e+01	
 9.9948e+01	
 9.9945e+01	
 9.9950e+01	
 9.9948e+01	
 9.9951e+01	
 9.9951e+01	
 9.9951e+01	
 9.9954e+01	
 9.9954e+01	
 9.9958e+01	
 9.9958e+01	
 9.9957e+01	
 9.9955e+01	
 9.9959e+01	
 9.9961e+01	
 9.9961e+01	
 9.9960e+01	
 9.9959e+01	
 9.9965e+01	
 9.9965e+01	
 9.9963e+01	
 9.9964e+01	
 9.9969e+01	
 9.9966e+01	
 9.9968e+01	
 9.9969e+01	
 9.9967e+01	
 9.9968e+01	
 9.9963e+01	
 9.9969e+01	
 9.9971e+01	
 9.9969e+01	
 9.9971e+01	
 9.9973e+01	
 9.9973e+01	
 9.9975e+01	
 9.9971e+01	
 9.9974e+01	
 9.9971e+01	
 9.9975e+01	
 9.9977e+01	
 9.9973e+01	
 9.9975e+01	
 9.9978e+01	
 9.9975e+01	
 9.9978e+01	
 9.9979e+01	
 9.9978e+01	
 9.9976e+01	
 9.9977e+01	
 9.9981e+01	
 9.9978e+01	
 9.9983e+01	
 9.9980e+01	
 9.9977e+01	
 9.9980e+01	
 9.9982e+01	
 9.9979e+01	
 9.9981e+01	
 9.9982e+01	
 9.9982e+01	
 9.9981e+01	
 9.9984e+01	
 9.9981e+01	
 9.9984e+01	
 9.9985e+01	
 9.9984e+01	
 9.9984e+01	
 9.9984e+01	
 9.9984e+01	
 9.9982e+01	
 9.9984e+01	
 9.9984e+01	
 9.9987e+01	
 9.9987e+01	
 9.9987e+01	
 9.9986e+01	
 9.9985e+01	
 9.9985e+01	
 9.9989e+01	
 9.9989e+01	
 9.9986e+01	
 9.9987e+01	
 9.9988e+01	
 9.9988e+01	
 9.9987e+01	
 9.9989e+01	
 9.9988e+01	
 9.9988e+01	
 9.9990e+01	
 9.9989e+01	
 9.9989e+01	
 9.9988e+01	
 9.9989e+01	
 9.9990e+01	
 9.9990e+01	
 9.9990e+01	
 9.9988e+01	
 9.9988e+01	
 9.9991e+01	
 9.9990e+01	
 9.9990e+01	
 9.9992e+01	
 9.9990e+01	
 9.9991e+01	
 9.9993e+01	
 9.9992e+01	
 9.9991e+01	
 9.9990e+01	
 9.9991e+01	
 9.9992e+01	
 9.9992e+01	
 9.9993e+01	
 9.9993e+01	
 9.9992e+01	
 9.9993e+01	
 9.9993e+01	
 9.9993e+01	
 9.9993e+01	
 9.9992e+01	
 9.9992e+01	
 9.9992e+01	
 9.9992e+01	
 9.9994e+01	
 9.9993e+01	
 9.9994e+01	
 9.9993e+01	
 9.9994e+01	
 9.9994e+01	
 9.9993e+01	
 9.9994e+01	
 9.9993e+01	
 9.9994e+01	
 9.9995e+01	
 9.9994e+01	
 9.9994e+01	
