% mean class accuracy (train set)	
 5.1183e+01	
 7.6827e+01	
 8.1777e+01	
 8.3808e+01	
 8.4816e+01	
 8.5497e+01	
 8.5964e+01	
 8.6325e+01	
 8.6618e+01	
 8.6822e+01	
 8.7045e+01	
 8.7207e+01	
 9.3909e+01	
 9.6380e+01	
 9.6681e+01	
 9.6898e+01	
 9.7032e+01	
 9.7171e+01	
 9.7312e+01	
 9.7428e+01	
 9.7535e+01	
 9.7605e+01	
 9.7697e+01	
 9.7770e+01	
 9.7848e+01	
 9.7908e+01	
 9.7967e+01	
 9.8023e+01	
 9.8072e+01	
 9.8123e+01	
 9.8173e+01	
 9.8211e+01	
 9.8257e+01	
 9.8282e+01	
 9.8325e+01	
 9.8371e+01	
 9.8391e+01	
 9.8430e+01	
 9.8453e+01	
 9.8470e+01	
 9.8509e+01	
 9.8538e+01	
 9.8563e+01	
 9.8579e+01	
 9.8612e+01	
 9.8632e+01	
 9.8653e+01	
 9.8665e+01	
 9.8692e+01	
 9.8713e+01	
 9.8742e+01	
 9.8755e+01	
 9.8776e+01	
 9.8796e+01	
 9.8808e+01	
 9.8825e+01	
 9.8849e+01	
 9.8856e+01	
 9.8881e+01	
 9.8889e+01	
 9.8912e+01	
 9.8911e+01	
 9.8938e+01	
 9.8946e+01	
 9.8957e+01	
 9.8978e+01	
 9.8987e+01	
 9.8998e+01	
 9.9013e+01	
 9.9026e+01	
 9.9043e+01	
 9.9052e+01	
 9.9054e+01	
 9.9067e+01	
 9.9092e+01	
 9.9099e+01	
 9.9101e+01	
 9.9118e+01	
 9.9130e+01	
 9.9131e+01	
 9.9136e+01	
 9.9153e+01	
 9.9162e+01	
 9.9175e+01	
 9.9172e+01	
 9.9184e+01	
 9.9197e+01	
 9.9206e+01	
 9.9220e+01	
 9.9224e+01	
 9.9230e+01	
 9.9237e+01	
 9.9245e+01	
 9.9249e+01	
 9.9261e+01	
 9.9272e+01	
 9.9279e+01	
 9.9284e+01	
 9.9299e+01	
 9.9291e+01	
 9.9312e+01	
 9.9318e+01	
 9.9321e+01	
 9.9321e+01	
 9.9332e+01	
 9.9352e+01	
 9.9345e+01	
 9.9351e+01	
 9.9356e+01	
 9.9358e+01	
 9.9368e+01	
 9.9370e+01	
 9.9378e+01	
 9.9385e+01	
 9.9395e+01	
 9.9394e+01	
 9.9402e+01	
 9.9411e+01	
 9.9417e+01	
 9.9429e+01	
 9.9425e+01	
 9.9422e+01	
 9.9437e+01	
 9.9439e+01	
 9.9437e+01	
 9.9446e+01	
 9.9447e+01	
 9.9463e+01	
 9.9474e+01	
 9.9457e+01	
 9.9471e+01	
 9.9475e+01	
 9.9490e+01	
 9.9491e+01	
 9.9486e+01	
 9.9491e+01	
 9.9506e+01	
 9.9503e+01	
 9.9510e+01	
 9.9512e+01	
 9.9514e+01	
 9.9523e+01	
 9.9524e+01	
 9.9526e+01	
 9.9541e+01	
 9.9535e+01	
 9.9543e+01	
 9.9545e+01	
 9.9555e+01	
 9.9555e+01	
 9.9557e+01	
 9.9564e+01	
 9.9566e+01	
 9.9574e+01	
 9.9574e+01	
 9.9585e+01	
 9.9578e+01	
 9.9583e+01	
 9.9590e+01	
 9.9588e+01	
 9.9594e+01	
 9.9597e+01	
 9.9603e+01	
 9.9608e+01	
 9.9600e+01	
 9.9612e+01	
 9.9614e+01	
 9.9619e+01	
 9.9617e+01	
 9.9615e+01	
 9.9622e+01	
 9.9635e+01	
 9.9628e+01	
 9.9636e+01	
 9.9640e+01	
 9.9640e+01	
 9.9640e+01	
 9.9645e+01	
 9.9647e+01	
 9.9650e+01	
 9.9660e+01	
 9.9665e+01	
 9.9663e+01	
 9.9670e+01	
 9.9670e+01	
 9.9672e+01	
 9.9675e+01	
 9.9677e+01	
 9.9681e+01	
 9.9686e+01	
 9.9681e+01	
 9.9687e+01	
 9.9690e+01	
 9.9692e+01	
 9.9691e+01	
 9.9697e+01	
 9.9697e+01	
 9.9702e+01	
 9.9706e+01	
 9.9705e+01	
 9.9711e+01	
 9.9711e+01	
 9.9712e+01	
 9.9715e+01	
 9.9718e+01	
 9.9720e+01	
 9.9720e+01	
 9.9725e+01	
 9.9733e+01	
 9.9730e+01	
 9.9735e+01	
 9.9731e+01	
 9.9737e+01	
 9.9729e+01	
 9.9739e+01	
 9.9740e+01	
 9.9744e+01	
 9.9742e+01	
 9.9747e+01	
 9.9750e+01	
 9.9744e+01	
 9.9755e+01	
 9.9753e+01	
 9.9757e+01	
 9.9755e+01	
 9.9759e+01	
 9.9759e+01	
 9.9763e+01	
 9.9771e+01	
 9.9775e+01	
 9.9772e+01	
 9.9770e+01	
 9.9770e+01	
 9.9776e+01	
 9.9777e+01	
 9.9775e+01	
 9.9785e+01	
 9.9782e+01	
 9.9780e+01	
 9.9786e+01	
 9.9785e+01	
 9.9786e+01	
 9.9789e+01	
 9.9792e+01	
 9.9791e+01	
 9.9793e+01	
 9.9798e+01	
 9.9793e+01	
 9.9803e+01	
 9.9802e+01	
