% mean class accuracy (train set)	
 2.6807e+01	
 6.0172e+01	
 8.3945e+01	
 8.9180e+01	
 9.0577e+01	
 9.1613e+01	
 9.2462e+01	
 9.3130e+01	
 9.3710e+01	
 9.4197e+01	
 9.4563e+01	
 9.4982e+01	
 9.5323e+01	
 9.5688e+01	
 9.5928e+01	
 9.6123e+01	
 9.6293e+01	
 9.6527e+01	
 9.6672e+01	
 9.6892e+01	
 9.6930e+01	
 9.7062e+01	
 9.7140e+01	
 9.7252e+01	
 9.7363e+01	
 9.7402e+01	
 9.7475e+01	
 9.7592e+01	
 9.7623e+01	
 9.7643e+01	
 9.7775e+01	
 9.7820e+01	
 9.7877e+01	
 9.7917e+01	
 9.7963e+01	
 9.8008e+01	
 9.8080e+01	
 9.8088e+01	
 9.8107e+01	
 9.8145e+01	
 9.8242e+01	
 9.8295e+01	
 9.8297e+01	
 9.8327e+01	
 9.8380e+01	
 9.8418e+01	
 9.8447e+01	
 9.8455e+01	
 9.8503e+01	
 9.8522e+01	
 9.8517e+01	
 9.8572e+01	
 9.8600e+01	
 9.8623e+01	
 9.8667e+01	
 9.8665e+01	
 9.8720e+01	
 9.8768e+01	
 9.8747e+01	
 9.8782e+01	
 9.8770e+01	
 9.8803e+01	
 9.8807e+01	
 9.8840e+01	
 9.8880e+01	
 9.8873e+01	
 9.8907e+01	
 9.8915e+01	
 9.8938e+01	
 9.8958e+01	
 9.8965e+01	
 9.8962e+01	
 9.9018e+01	
 9.9028e+01	
 9.9017e+01	
 9.9072e+01	
 9.9068e+01	
 9.9097e+01	
 9.9087e+01	
 9.9127e+01	
 9.9108e+01	
 9.9105e+01	
 9.9167e+01	
 9.9142e+01	
 9.9170e+01	
 9.9205e+01	
 9.9183e+01	
 9.9195e+01	
 9.9238e+01	
 9.9225e+01	
 9.9287e+01	
 9.9295e+01	
 9.9275e+01	
 9.9310e+01	
 9.9315e+01	
 9.9318e+01	
 9.9312e+01	
 9.9360e+01	
 9.9342e+01	
 9.9367e+01	
 9.9345e+01	
 9.9405e+01	
 9.9423e+01	
 9.9438e+01	
 9.9405e+01	
 9.9443e+01	
 9.9438e+01	
 9.9457e+01	
 9.9445e+01	
 9.9478e+01	
 9.9492e+01	
 9.9462e+01	
 9.9502e+01	
 9.9530e+01	
 9.9520e+01	
 9.9528e+01	
 9.9522e+01	
 9.9548e+01	
 9.9532e+01	
 9.9547e+01	
 9.9563e+01	
 9.9572e+01	
 9.9580e+01	
 9.9582e+01	
 9.9575e+01	
 9.9600e+01	
 9.9623e+01	
 9.9640e+01	
 9.9627e+01	
 9.9628e+01	
 9.9650e+01	
 9.9640e+01	
 9.9623e+01	
 9.9643e+01	
 9.9640e+01	
 9.9672e+01	
 9.9658e+01	
 9.9665e+01	
 9.9678e+01	
 9.9692e+01	
 9.9692e+01	
 9.9703e+01	
 9.9697e+01	
 9.9703e+01	
 9.9702e+01	
 9.9720e+01	
 9.9712e+01	
 9.9753e+01	
 9.9725e+01	
 9.9732e+01	
 9.9725e+01	
 9.9743e+01	
 9.9758e+01	
 9.9745e+01	
 9.9755e+01	
 9.9757e+01	
 9.9770e+01	
 9.9760e+01	
 9.9773e+01	
 9.9787e+01	
 9.9760e+01	
 9.9788e+01	
 9.9788e+01	
 9.9813e+01	
 9.9787e+01	
 9.9797e+01	
 9.9807e+01	
 9.9830e+01	
 9.9828e+01	
 9.9798e+01	
 9.9810e+01	
 9.9833e+01	
 9.9825e+01	
 9.9843e+01	
 9.9850e+01	
 9.9835e+01	
 9.9852e+01	
 9.9838e+01	
 9.9848e+01	
 9.9858e+01	
 9.9848e+01	
 9.9853e+01	
 9.9862e+01	
 9.9860e+01	
 9.9868e+01	
 9.9858e+01	
 9.9878e+01	
 9.9880e+01	
 9.9875e+01	
 9.9872e+01	
 9.9887e+01	
 9.9878e+01	
 9.9877e+01	
 9.9895e+01	
 9.9888e+01	
 9.9892e+01	
 9.9905e+01	
 9.9892e+01	
 9.9905e+01	
 9.9905e+01	
 9.9895e+01	
 9.9902e+01	
 9.9903e+01	
 9.9917e+01	
 9.9913e+01	
 9.9912e+01	
 9.9915e+01	
 9.9923e+01	
 9.9918e+01	
 9.9925e+01	
 9.9908e+01	
 9.9918e+01	
 9.9927e+01	
 9.9928e+01	
 9.9938e+01	
 9.9928e+01	
 9.9922e+01	
 9.9923e+01	
 9.9932e+01	
 9.9937e+01	
 9.9925e+01	
 9.9928e+01	
 9.9935e+01	
 9.9940e+01	
 9.9942e+01	
 9.9930e+01	
 9.9930e+01	
 9.9933e+01	
 9.9953e+01	
 9.9943e+01	
 9.9938e+01	
 9.9947e+01	
 9.9947e+01	
 9.9957e+01	
 9.9942e+01	
 9.9955e+01	
 9.9955e+01	
 9.9947e+01	
 9.9935e+01	
 9.9948e+01	
 9.9955e+01	
 9.9957e+01	
 9.9950e+01	
 9.9952e+01	
 9.9957e+01	
 9.9962e+01	
 9.9960e+01	
 9.9958e+01	
 9.9953e+01	
 9.9962e+01	
