% mean class accuracy (train set)	
 8.5852e+01	
 9.6743e+01	
 9.7767e+01	
 9.8287e+01	
 9.8607e+01	
 9.8835e+01	
 9.9032e+01	
 9.9154e+01	
 9.9273e+01	
 9.9363e+01	
 9.9442e+01	
 9.9513e+01	
 9.9572e+01	
 9.9610e+01	
 9.9670e+01	
 9.9697e+01	
 9.9732e+01	
 9.9759e+01	
 9.9784e+01	
 9.9803e+01	
 9.9857e+01	
 9.9887e+01	
 9.9907e+01	
 9.9927e+01	
 9.9933e+01	
 9.9944e+01	
 9.9952e+01	
 9.9958e+01	
 9.9960e+01	
 9.9967e+01	
 9.9969e+01	
 9.9973e+01	
 9.9977e+01	
 9.9977e+01	
 9.9980e+01	
 9.9982e+01	
 9.9983e+01	
 9.9985e+01	
 9.9985e+01	
 9.9986e+01	
 9.9986e+01	
 9.9986e+01	
 9.9987e+01	
 9.9987e+01	
 9.9988e+01	
 9.9987e+01	
 9.9988e+01	
 9.9988e+01	
 9.9988e+01	
 9.9989e+01	
 9.9989e+01	
 9.9990e+01	
 9.9990e+01	
 9.9989e+01	
 9.9990e+01	
 9.9990e+01	
 9.9989e+01	
 9.9989e+01	
 9.9990e+01	
 9.9990e+01	
 9.9990e+01	
 9.9990e+01	
 9.9990e+01	
 9.9990e+01	
 9.9990e+01	
 9.9990e+01	
 9.9990e+01	
 9.9990e+01	
 9.9990e+01	
 9.9990e+01	
 9.9990e+01	
 9.9990e+01	
 9.9990e+01	
 9.9990e+01	
 9.9990e+01	
 9.9990e+01	
 9.9990e+01	
 9.9990e+01	
 9.9990e+01	
 9.9990e+01	
 9.9990e+01	
 9.9990e+01	
 9.9990e+01	
 9.9990e+01	
 9.9990e+01	
 9.9990e+01	
 9.9990e+01	
 9.9990e+01	
 9.9990e+01	
 9.9990e+01	
 9.9990e+01	
 9.9990e+01	
 9.9990e+01	
 9.9990e+01	
 9.9990e+01	
 9.9990e+01	
 9.9990e+01	
 9.9990e+01	
 9.9990e+01	
 9.9990e+01	
 9.9990e+01	
 9.9990e+01	
 9.9990e+01	
 9.9990e+01	
 9.9990e+01	
 9.9990e+01	
 9.9990e+01	
 9.9990e+01	
 9.9990e+01	
 9.9990e+01	
 9.9990e+01	
 9.9990e+01	
 9.9990e+01	
 9.9990e+01	
 9.9990e+01	
 9.9990e+01	
 9.9990e+01	
 9.9990e+01	
 9.9990e+01	
 9.9990e+01	
 9.9990e+01	
 9.9990e+01	
 9.9990e+01	
 9.9990e+01	
 9.9990e+01	
 9.9990e+01	
 9.9990e+01	
 9.9990e+01	
 9.9990e+01	
 9.9990e+01	
 9.9990e+01	
 9.9990e+01	
 9.9990e+01	
 9.9990e+01	
 9.9990e+01	
 9.9990e+01	
 9.9990e+01	
 9.9990e+01	
 9.9990e+01	
 9.9990e+01	
 9.9990e+01	
 9.9990e+01	
 9.9990e+01	
 9.9990e+01	
 9.9990e+01	
 9.9990e+01	
 9.9990e+01	
 9.9990e+01	
 9.9990e+01	
 9.9990e+01	
 9.9990e+01	
 9.9990e+01	
 9.9990e+01	
 9.9990e+01	
 9.9990e+01	
 9.9990e+01	
 9.9990e+01	
 9.9990e+01	
 9.9990e+01	
 9.9990e+01	
 9.9990e+01	
 9.9990e+01	
 9.9990e+01	
 9.9990e+01	
 9.9990e+01	
 9.9990e+01	
 9.9990e+01	
 9.9990e+01	
 9.9990e+01	
 9.9990e+01	
 9.9990e+01	
 9.9990e+01	
 9.9990e+01	
 9.9990e+01	
 9.9990e+01	
 9.9990e+01	
 9.9990e+01	
 9.9990e+01	
 9.9990e+01	
 9.9990e+01	
 9.9990e+01	
 9.9990e+01	
 9.9990e+01	
 9.9990e+01	
 9.9990e+01	
 9.9990e+01	
 9.9990e+01	
 9.9990e+01	
 9.9990e+01	
 9.9990e+01	
 9.9990e+01	
 9.9990e+01	
 9.9990e+01	
 9.9990e+01	
 9.9990e+01	
 9.9990e+01	
 9.9990e+01	
 9.9990e+01	
 9.9990e+01	
 9.9990e+01	
 9.9990e+01	
 9.9990e+01	
 9.9990e+01	
 9.9990e+01	
 9.9990e+01	
 9.9990e+01	
 9.9990e+01	
 9.9990e+01	
 9.9990e+01	
 9.9990e+01	
 9.9990e+01	
 9.9990e+01	
 9.9990e+01	
 9.9990e+01	
 9.9990e+01	
 9.9990e+01	
 9.9990e+01	
 9.9990e+01	
 9.9990e+01	
 9.9990e+01	
 9.9990e+01	
 9.9990e+01	
 9.9990e+01	
 9.9990e+01	
 9.9990e+01	
 9.9990e+01	
 9.9990e+01	
 9.9990e+01	
 9.9990e+01	
 9.9990e+01	
 9.9990e+01	
 9.9990e+01	
 9.9990e+01	
 9.9990e+01	
 9.9990e+01	
 9.9990e+01	
 9.9990e+01	
 9.9990e+01	
 9.9990e+01	
 9.9990e+01	
 9.9990e+01	
 9.9990e+01	
 9.9990e+01	
 9.9990e+01	
 9.9990e+01	
 9.9990e+01	
 9.9990e+01	
 9.9990e+01	
 9.9990e+01	
 9.9990e+01	
