% mean class accuracy (train set)	
 8.3772e+01	
 9.5332e+01	
 9.6648e+01	
 9.7308e+01	
 9.7715e+01	
 9.8012e+01	
 9.8223e+01	
 9.8394e+01	
 9.8530e+01	
 9.8643e+01	
 9.8738e+01	
 9.8831e+01	
 9.8878e+01	
 9.8938e+01	
 9.9004e+01	
 9.9072e+01	
 9.9210e+01	
 9.9276e+01	
 9.9318e+01	
 9.9362e+01	
 9.9392e+01	
 9.9427e+01	
 9.9443e+01	
 9.9482e+01	
 9.9506e+01	
 9.9528e+01	
 9.9550e+01	
 9.9568e+01	
 9.9586e+01	
 9.9612e+01	
 9.9628e+01	
 9.9653e+01	
 9.9662e+01	
 9.9661e+01	
 9.9693e+01	
 9.9706e+01	
 9.9711e+01	
 9.9732e+01	
 9.9743e+01	
 9.9754e+01	
 9.9776e+01	
 9.9775e+01	
 9.9779e+01	
 9.9797e+01	
 9.9800e+01	
 9.9808e+01	
 9.9817e+01	
 9.9830e+01	
 9.9841e+01	
 9.9849e+01	
 9.9853e+01	
 9.9861e+01	
 9.9868e+01	
 9.9877e+01	
 9.9882e+01	
 9.9891e+01	
 9.9891e+01	
 9.9900e+01	
 9.9899e+01	
 9.9909e+01	
 9.9917e+01	
 9.9920e+01	
 9.9925e+01	
 9.9923e+01	
 9.9934e+01	
 9.9931e+01	
 9.9940e+01	
 9.9940e+01	
 9.9946e+01	
 9.9947e+01	
 9.9952e+01	
 9.9957e+01	
 9.9960e+01	
 9.9962e+01	
 9.9959e+01	
 9.9966e+01	
 9.9965e+01	
 9.9969e+01	
 9.9974e+01	
 9.9973e+01	
 9.9975e+01	
 9.9973e+01	
 9.9976e+01	
 9.9977e+01	
 9.9979e+01	
 9.9982e+01	
 9.9984e+01	
 9.9985e+01	
 9.9984e+01	
 9.9985e+01	
 9.9986e+01	
 9.9988e+01	
 9.9989e+01	
 9.9991e+01	
 9.9988e+01	
 9.9990e+01	
 9.9990e+01	
 9.9990e+01	
 9.9992e+01	
 9.9992e+01	
 9.9991e+01	
 9.9992e+01	
 9.9993e+01	
 9.9993e+01	
 9.9995e+01	
 9.9995e+01	
 9.9995e+01	
 9.9994e+01	
 9.9996e+01	
 9.9995e+01	
 9.9996e+01	
 9.9996e+01	
 9.9996e+01	
 9.9997e+01	
 9.9997e+01	
 9.9997e+01	
 9.9996e+01	
 9.9997e+01	
 9.9997e+01	
 9.9997e+01	
 9.9997e+01	
 9.9997e+01	
 9.9997e+01	
 9.9997e+01	
 9.9997e+01	
 9.9997e+01	
 9.9997e+01	
 9.9998e+01	
 9.9997e+01	
 9.9998e+01	
 9.9997e+01	
 9.9997e+01	
 9.9998e+01	
 9.9998e+01	
 9.9998e+01	
 9.9997e+01	
 9.9998e+01	
 9.9998e+01	
 9.9997e+01	
 9.9998e+01	
 9.9998e+01	
 9.9998e+01	
 9.9998e+01	
 9.9998e+01	
 9.9998e+01	
 9.9998e+01	
 9.9998e+01	
 9.9998e+01	
 9.9998e+01	
 9.9998e+01	
 9.9998e+01	
 9.9998e+01	
 9.9998e+01	
 9.9998e+01	
 9.9998e+01	
 9.9998e+01	
 9.9998e+01	
 9.9998e+01	
 9.9998e+01	
 9.9998e+01	
 9.9998e+01	
 9.9998e+01	
 9.9998e+01	
 9.9998e+01	
 9.9998e+01	
 9.9998e+01	
 9.9998e+01	
 9.9998e+01	
 9.9998e+01	
 9.9998e+01	
 9.9998e+01	
 9.9998e+01	
 9.9998e+01	
 9.9998e+01	
 9.9998e+01	
 9.9998e+01	
 9.9998e+01	
 9.9998e+01	
 9.9998e+01	
 9.9998e+01	
 9.9998e+01	
 9.9998e+01	
 9.9998e+01	
 9.9998e+01	
 9.9998e+01	
 9.9998e+01	
 9.9998e+01	
 9.9998e+01	
 9.9998e+01	
 9.9998e+01	
 9.9998e+01	
 9.9998e+01	
 9.9998e+01	
 9.9998e+01	
 9.9998e+01	
 9.9998e+01	
 9.9998e+01	
 9.9998e+01	
 9.9998e+01	
 9.9998e+01	
 9.9998e+01	
 9.9998e+01	
 9.9998e+01	
 9.9998e+01	
 9.9998e+01	
 9.9998e+01	
 9.9998e+01	
 9.9998e+01	
 9.9998e+01	
 9.9998e+01	
 9.9998e+01	
 9.9998e+01	
 9.9998e+01	
 9.9998e+01	
 9.9998e+01	
 9.9998e+01	
 9.9998e+01	
 9.9998e+01	
 9.9998e+01	
 9.9998e+01	
 9.9998e+01	
 9.9998e+01	
 9.9998e+01	
 9.9998e+01	
 9.9998e+01	
 9.9998e+01	
 9.9998e+01	
 9.9998e+01	
 9.9998e+01	
 9.9998e+01	
 9.9998e+01	
 9.9998e+01	
 9.9998e+01	
 9.9998e+01	
 9.9998e+01	
 9.9998e+01	
 9.9998e+01	
 9.9998e+01	
 9.9998e+01	
 9.9998e+01	
 9.9998e+01	
 9.9998e+01	
 9.9998e+01	
 9.9998e+01	
 9.9998e+01	
 9.9998e+01	
 9.9998e+01	
 9.9998e+01	
 9.9998e+01	
 9.9998e+01	
