% mean class accuracy (train set)	
 8.7857e+01	
 9.6566e+01	
 9.7529e+01	
 9.7989e+01	
 9.8299e+01	
 9.8495e+01	
 9.8658e+01	
 9.8786e+01	
 9.8887e+01	
 9.8967e+01	
 9.9040e+01	
 9.9105e+01	
 9.9166e+01	
 9.9219e+01	
 9.9262e+01	
 9.9308e+01	
 9.9336e+01	
 9.9372e+01	
 9.9407e+01	
 9.9439e+01	
 9.9445e+01	
 9.9473e+01	
 9.9497e+01	
 9.9530e+01	
 9.9530e+01	
 9.9551e+01	
 9.9581e+01	
 9.9595e+01	
 9.9599e+01	
 9.9625e+01	
 9.9638e+01	
 9.9644e+01	
 9.9660e+01	
 9.9670e+01	
 9.9684e+01	
 9.9694e+01	
 9.9706e+01	
 9.9714e+01	
 9.9721e+01	
 9.9732e+01	
 9.9740e+01	
 9.9746e+01	
 9.9751e+01	
 9.9760e+01	
 9.9770e+01	
 9.9777e+01	
 9.9783e+01	
 9.9796e+01	
 9.9795e+01	
 9.9801e+01	
 9.9802e+01	
 9.9806e+01	
 9.9813e+01	
 9.9824e+01	
 9.9831e+01	
 9.9835e+01	
 9.9839e+01	
 9.9843e+01	
 9.9843e+01	
 9.9847e+01	
 9.9845e+01	
 9.9860e+01	
 9.9853e+01	
 9.9865e+01	
 9.9867e+01	
 9.9867e+01	
 9.9868e+01	
 9.9880e+01	
 9.9886e+01	
 9.9887e+01	
 9.9881e+01	
 9.9887e+01	
 9.9891e+01	
 9.9896e+01	
 9.9895e+01	
 9.9898e+01	
 9.9902e+01	
 9.9904e+01	
 9.9910e+01	
 9.9909e+01	
 9.9916e+01	
 9.9911e+01	
 9.9916e+01	
 9.9912e+01	
 9.9917e+01	
 9.9918e+01	
 9.9922e+01	
 9.9923e+01	
 9.9924e+01	
 9.9925e+01	
 9.9927e+01	
 9.9932e+01	
 9.9930e+01	
 9.9930e+01	
 9.9932e+01	
 9.9938e+01	
 9.9938e+01	
 9.9936e+01	
 9.9940e+01	
 9.9937e+01	
 9.9938e+01	
 9.9945e+01	
 9.9946e+01	
 9.9941e+01	
 9.9946e+01	
 9.9947e+01	
 9.9947e+01	
 9.9949e+01	
 9.9946e+01	
 9.9947e+01	
 9.9951e+01	
 9.9951e+01	
 9.9958e+01	
 9.9958e+01	
 9.9956e+01	
 9.9953e+01	
 9.9959e+01	
 9.9957e+01	
 9.9959e+01	
 9.9961e+01	
 9.9963e+01	
 9.9957e+01	
 9.9961e+01	
 9.9962e+01	
 9.9964e+01	
 9.9963e+01	
 9.9963e+01	
 9.9963e+01	
 9.9964e+01	
 9.9966e+01	
 9.9967e+01	
 9.9967e+01	
 9.9967e+01	
 9.9969e+01	
 9.9969e+01	
 9.9969e+01	
 9.9970e+01	
 9.9967e+01	
 9.9970e+01	
 9.9973e+01	
 9.9973e+01	
 9.9971e+01	
 9.9973e+01	
 9.9973e+01	
 9.9971e+01	
 9.9977e+01	
 9.9975e+01	
 9.9975e+01	
 9.9975e+01	
 9.9972e+01	
 9.9976e+01	
 9.9974e+01	
 9.9980e+01	
 9.9976e+01	
 9.9978e+01	
 9.9978e+01	
 9.9978e+01	
 9.9979e+01	
 9.9978e+01	
 9.9979e+01	
 9.9981e+01	
 9.9980e+01	
 9.9979e+01	
 9.9983e+01	
 9.9982e+01	
 9.9983e+01	
 9.9982e+01	
 9.9982e+01	
 9.9982e+01	
 9.9984e+01	
 9.9984e+01	
 9.9982e+01	
 9.9982e+01	
 9.9985e+01	
 9.9981e+01	
 9.9985e+01	
 9.9985e+01	
 9.9982e+01	
 9.9987e+01	
 9.9985e+01	
 9.9986e+01	
 9.9984e+01	
 9.9988e+01	
 9.9985e+01	
 9.9986e+01	
 9.9987e+01	
 9.9986e+01	
 9.9985e+01	
 9.9990e+01	
 9.9985e+01	
 9.9987e+01	
 9.9987e+01	
 9.9985e+01	
 9.9989e+01	
 9.9989e+01	
 9.9986e+01	
 9.9990e+01	
 9.9987e+01	
 9.9989e+01	
 9.9989e+01	
 9.9988e+01	
 9.9990e+01	
 9.9989e+01	
 9.9989e+01	
 9.9987e+01	
 9.9989e+01	
 9.9990e+01	
 9.9990e+01	
 9.9992e+01	
 9.9990e+01	
 9.9986e+01	
 9.9989e+01	
 9.9988e+01	
 9.9989e+01	
 9.9991e+01	
 9.9988e+01	
 9.9991e+01	
 9.9991e+01	
 9.9993e+01	
 9.9992e+01	
 9.9990e+01	
 9.9992e+01	
 9.9992e+01	
 9.9991e+01	
 9.9992e+01	
 9.9992e+01	
 9.9992e+01	
 9.9993e+01	
 9.9993e+01	
 9.9991e+01	
 9.9993e+01	
 9.9991e+01	
 9.9992e+01	
 9.9991e+01	
 9.9992e+01	
 9.9995e+01	
 9.9992e+01	
 9.9991e+01	
 9.9993e+01	
 9.9994e+01	
 9.9992e+01	
 9.9993e+01	
 9.9993e+01	
 9.9994e+01	
 9.9994e+01	
 9.9993e+01	
 9.9994e+01	
 9.9992e+01	
 9.9995e+01	
 9.9994e+01	
