% mean class accuracy (train set)	
 5.9289e+01	
 7.6676e+01	
 7.9583e+01	
 8.1667e+01	
 8.4950e+01	
 9.2765e+01	
 9.3866e+01	
 9.4622e+01	
 9.5166e+01	
 9.5556e+01	
 9.5894e+01	
 9.6175e+01	
 9.6385e+01	
 9.6585e+01	
 9.6757e+01	
 9.6913e+01	
 9.7047e+01	
 9.7161e+01	
 9.7290e+01	
 9.7351e+01	
 9.7464e+01	
 9.7555e+01	
 9.7635e+01	
 9.7698e+01	
 9.7775e+01	
 9.7835e+01	
 9.7896e+01	
 9.7943e+01	
 9.8009e+01	
 9.8062e+01	
 9.8099e+01	
 9.8145e+01	
 9.8181e+01	
 9.8235e+01	
 9.8270e+01	
 9.8307e+01	
 9.8337e+01	
 9.8380e+01	
 9.8397e+01	
 9.8440e+01	
 9.8464e+01	
 9.8500e+01	
 9.8522e+01	
 9.8545e+01	
 9.8571e+01	
 9.8598e+01	
 9.8618e+01	
 9.8647e+01	
 9.8669e+01	
 9.8678e+01	
 9.8703e+01	
 9.8713e+01	
 9.8735e+01	
 9.8757e+01	
 9.8780e+01	
 9.8789e+01	
 9.8802e+01	
 9.8816e+01	
 9.8842e+01	
 9.8849e+01	
 9.8872e+01	
 9.8892e+01	
 9.8895e+01	
 9.8911e+01	
 9.8925e+01	
 9.8931e+01	
 9.8944e+01	
 9.8949e+01	
 9.8974e+01	
 9.8977e+01	
 9.8993e+01	
 9.8998e+01	
 9.9023e+01	
 9.9039e+01	
 9.9028e+01	
 9.9051e+01	
 9.9060e+01	
 9.9068e+01	
 9.9081e+01	
 9.9090e+01	
 9.9098e+01	
 9.9119e+01	
 9.9113e+01	
 9.9124e+01	
 9.9129e+01	
 9.9141e+01	
 9.9150e+01	
 9.9148e+01	
 9.9166e+01	
 9.9178e+01	
 9.9181e+01	
 9.9194e+01	
 9.9203e+01	
 9.9197e+01	
 9.9211e+01	
 9.9218e+01	
 9.9226e+01	
 9.9226e+01	
 9.9241e+01	
 9.9257e+01	
 9.9260e+01	
 9.9267e+01	
 9.9265e+01	
 9.9272e+01	
 9.9285e+01	
 9.9280e+01	
 9.9299e+01	
 9.9307e+01	
 9.9310e+01	
 9.9312e+01	
 9.9319e+01	
 9.9322e+01	
 9.9332e+01	
 9.9342e+01	
 9.9343e+01	
 9.9340e+01	
 9.9347e+01	
 9.9357e+01	
 9.9368e+01	
 9.9377e+01	
 9.9368e+01	
 9.9374e+01	
 9.9377e+01	
 9.9382e+01	
 9.9386e+01	
 9.9401e+01	
 9.9401e+01	
 9.9404e+01	
 9.9418e+01	
 9.9417e+01	
 9.9412e+01	
 9.9427e+01	
 9.9429e+01	
 9.9440e+01	
 9.9440e+01	
 9.9445e+01	
 9.9442e+01	
 9.9452e+01	
 9.9452e+01	
 9.9451e+01	
 9.9462e+01	
 9.9470e+01	
 9.9477e+01	
 9.9475e+01	
 9.9480e+01	
 9.9493e+01	
 9.9483e+01	
 9.9498e+01	
 9.9492e+01	
 9.9497e+01	
 9.9502e+01	
 9.9501e+01	
 9.9511e+01	
 9.9510e+01	
 9.9518e+01	
 9.9518e+01	
 9.9520e+01	
 9.9522e+01	
 9.9531e+01	
 9.9533e+01	
 9.9540e+01	
 9.9542e+01	
 9.9550e+01	
 9.9547e+01	
 9.9544e+01	
 9.9552e+01	
 9.9558e+01	
 9.9567e+01	
 9.9557e+01	
 9.9564e+01	
 9.9566e+01	
 9.9570e+01	
 9.9576e+01	
 9.9578e+01	
 9.9580e+01	
 9.9579e+01	
 9.9582e+01	
 9.9591e+01	
 9.9595e+01	
 9.9595e+01	
 9.9600e+01	
 9.9597e+01	
 9.9607e+01	
 9.9602e+01	
 9.9603e+01	
 9.9607e+01	
 9.9613e+01	
 9.9610e+01	
 9.9620e+01	
 9.9624e+01	
 9.9624e+01	
 9.9632e+01	
 9.9630e+01	
 9.9625e+01	
 9.9628e+01	
 9.9640e+01	
 9.9634e+01	
 9.9633e+01	
 9.9642e+01	
 9.9642e+01	
 9.9654e+01	
 9.9643e+01	
 9.9647e+01	
 9.9655e+01	
 9.9652e+01	
 9.9657e+01	
 9.9658e+01	
 9.9666e+01	
 9.9663e+01	
 9.9665e+01	
 9.9670e+01	
 9.9668e+01	
 9.9669e+01	
 9.9675e+01	
 9.9680e+01	
 9.9679e+01	
 9.9682e+01	
 9.9680e+01	
 9.9687e+01	
 9.9690e+01	
 9.9690e+01	
 9.9691e+01	
 9.9688e+01	
 9.9694e+01	
 9.9699e+01	
 9.9695e+01	
 9.9703e+01	
 9.9710e+01	
 9.9705e+01	
 9.9709e+01	
 9.9710e+01	
 9.9710e+01	
 9.9714e+01	
 9.9713e+01	
 9.9717e+01	
 9.9722e+01	
 9.9715e+01	
 9.9728e+01	
 9.9724e+01	
 9.9724e+01	
 9.9726e+01	
 9.9729e+01	
 9.9734e+01	
 9.9733e+01	
 9.9734e+01	
 9.9730e+01	
 9.9733e+01	
 9.9738e+01	
 9.9741e+01	
 9.9740e+01	
