% mean class accuracy (train set)	
 6.3137e+01	
 7.3536e+01	
 7.5291e+01	
 7.6170e+01	
 7.6675e+01	
 7.6998e+01	
 7.7247e+01	
 7.7426e+01	
 7.7559e+01	
 7.7657e+01	
 7.7760e+01	
 7.7846e+01	
 7.7914e+01	
 7.7978e+01	
 7.8034e+01	
 7.8077e+01	
 7.8128e+01	
 7.8167e+01	
 7.8203e+01	
 7.8246e+01	
 7.8280e+01	
 7.8307e+01	
 7.8334e+01	
 7.8360e+01	
 7.8387e+01	
 7.8404e+01	
 7.8427e+01	
 7.8446e+01	
 7.8469e+01	
 7.8484e+01	
 7.8493e+01	
 7.8509e+01	
 7.8523e+01	
 7.8535e+01	
 7.8545e+01	
 7.8552e+01	
 7.8574e+01	
 7.8571e+01	
 7.8580e+01	
 7.8594e+01	
 7.8606e+01	
 7.8610e+01	
 7.8619e+01	
 7.8623e+01	
 7.8632e+01	
 7.8638e+01	
 7.8646e+01	
 7.8652e+01	
 7.8661e+01	
 7.8658e+01	
 7.8666e+01	
 7.8671e+01	
 7.8675e+01	
 7.8680e+01	
 7.8687e+01	
 7.8695e+01	
 7.8695e+01	
 7.8696e+01	
 7.8705e+01	
 7.8706e+01	
 7.8709e+01	
 7.8714e+01	
 7.8715e+01	
 7.8719e+01	
 7.8721e+01	
 7.8719e+01	
 7.8724e+01	
 7.8723e+01	
 7.8729e+01	
 7.8734e+01	
 7.8736e+01	
 7.8738e+01	
 7.8738e+01	
 7.8738e+01	
 7.8744e+01	
 7.8745e+01	
 7.8747e+01	
 7.8749e+01	
 7.8749e+01	
 7.8752e+01	
 7.8751e+01	
 7.8753e+01	
 7.8756e+01	
 7.8757e+01	
 7.8757e+01	
 7.8757e+01	
 7.8759e+01	
 7.8762e+01	
 7.8762e+01	
 7.8760e+01	
 7.8763e+01	
 7.8763e+01	
 7.8766e+01	
 7.8765e+01	
 7.8764e+01	
 7.8766e+01	
 7.8767e+01	
 7.8767e+01	
 7.8770e+01	
 7.8769e+01	
 7.8769e+01	
 7.8768e+01	
 7.8771e+01	
 7.8770e+01	
 7.8773e+01	
 7.8772e+01	
 7.8772e+01	
 7.8773e+01	
 7.8773e+01	
 7.8774e+01	
 7.8776e+01	
 7.8774e+01	
 7.8776e+01	
 7.8776e+01	
 7.8777e+01	
 7.8776e+01	
 7.8775e+01	
 7.8777e+01	
 7.8776e+01	
 7.8777e+01	
 7.8777e+01	
 7.8778e+01	
 7.8778e+01	
 7.8778e+01	
 7.8778e+01	
 7.8777e+01	
 7.8779e+01	
 7.8778e+01	
 7.8779e+01	
 7.8778e+01	
 7.8780e+01	
 7.8779e+01	
 7.8780e+01	
 7.8779e+01	
 7.8780e+01	
 7.8779e+01	
 7.8779e+01	
 7.8780e+01	
 7.8779e+01	
 7.8780e+01	
 7.8779e+01	
 7.8781e+01	
 7.8780e+01	
 7.8780e+01	
 7.8781e+01	
 7.8781e+01	
 7.8781e+01	
 7.8780e+01	
 7.8780e+01	
 7.8780e+01	
 7.8780e+01	
 7.8780e+01	
 7.8781e+01	
 7.8780e+01	
 7.8780e+01	
 7.8781e+01	
 7.8781e+01	
 7.8781e+01	
 7.8781e+01	
 7.8781e+01	
 7.8781e+01	
 7.8780e+01	
 7.8781e+01	
 7.8782e+01	
 7.8781e+01	
 7.8781e+01	
 7.8781e+01	
 7.8782e+01	
 7.8781e+01	
 7.8781e+01	
 7.8781e+01	
 7.8782e+01	
 7.8782e+01	
 7.8781e+01	
 7.8782e+01	
 7.8782e+01	
 7.8782e+01	
 7.8782e+01	
 7.8782e+01	
 7.8782e+01	
 7.8781e+01	
 7.8782e+01	
 7.8782e+01	
 7.8782e+01	
 7.8782e+01	
 7.8782e+01	
 7.8782e+01	
 7.8782e+01	
 7.8782e+01	
 7.8782e+01	
 7.8782e+01	
 7.8782e+01	
 7.8782e+01	
 7.8782e+01	
 7.8782e+01	
 7.8782e+01	
 7.8782e+01	
 7.8782e+01	
 7.8782e+01	
 7.8782e+01	
 7.8782e+01	
 7.8782e+01	
 7.8782e+01	
 7.8782e+01	
 7.8782e+01	
 7.8782e+01	
 7.8782e+01	
 7.8782e+01	
 7.8782e+01	
 7.8782e+01	
 7.8782e+01	
 7.8782e+01	
 7.8782e+01	
 7.8782e+01	
 7.8782e+01	
 7.8782e+01	
 7.8782e+01	
 7.8782e+01	
 7.8782e+01	
 7.8782e+01	
 7.8782e+01	
 7.8782e+01	
 7.8782e+01	
 7.8782e+01	
 7.8782e+01	
 7.8782e+01	
 7.8782e+01	
 7.8782e+01	
 7.8782e+01	
 7.8782e+01	
 7.8782e+01	
 7.8782e+01	
 7.8782e+01	
 7.8782e+01	
 7.8782e+01	
 7.8782e+01	
 7.8782e+01	
 7.8782e+01	
 7.8782e+01	
 7.8782e+01	
 7.8782e+01	
 7.8782e+01	
 7.8782e+01	
 7.8782e+01	
 7.8782e+01	
 7.8782e+01	
 7.8782e+01	
 7.8782e+01	
 7.8782e+01	
 7.8782e+01	
