% mean class accuracy (train set)	
 1.4630e+01	
 1.8230e+01	
 2.0012e+01	
 2.1107e+01	
 2.1805e+01	
 2.2123e+01	
 2.9207e+01	
 3.2855e+01	
 3.4545e+01	
 3.5927e+01	
 3.6683e+01	
 3.7162e+01	
 3.7478e+01	
 3.7697e+01	
 3.7817e+01	
 3.7870e+01	
 3.7913e+01	
 3.7953e+01	
 3.7977e+01	
 3.8010e+01	
 3.8048e+01	
 3.8058e+01	
 3.8083e+01	
 3.8095e+01	
 3.8105e+01	
 3.8150e+01	
 3.8148e+01	
 3.8163e+01	
 3.8185e+01	
 3.8213e+01	
 3.8230e+01	
 3.8267e+01	
 3.8238e+01	
 3.8288e+01	
 3.8313e+01	
 3.8320e+01	
 3.8353e+01	
 3.8368e+01	
 3.8408e+01	
 3.8417e+01	
 3.8470e+01	
 3.8475e+01	
 3.8507e+01	
 3.8532e+01	
 3.8548e+01	
 3.8560e+01	
 3.8562e+01	
 3.8587e+01	
 3.8605e+01	
 3.8625e+01	
 3.8638e+01	
 3.8655e+01	
 3.8655e+01	
 3.8675e+01	
 3.8705e+01	
 3.8712e+01	
 3.8745e+01	
 3.8742e+01	
 3.8797e+01	
 3.8802e+01	
 3.8815e+01	
 3.8828e+01	
 3.8838e+01	
 3.8845e+01	
 3.8882e+01	
 3.8885e+01	
 3.8910e+01	
 3.8917e+01	
 3.8928e+01	
 3.8938e+01	
 3.8955e+01	
 3.8952e+01	
 3.8968e+01	
 3.8983e+01	
 3.8980e+01	
 3.8988e+01	
 3.9002e+01	
 3.9010e+01	
 3.9025e+01	
 3.9025e+01	
 3.9045e+01	
 3.9055e+01	
 3.9055e+01	
 3.9067e+01	
 3.9068e+01	
 3.9082e+01	
 3.9095e+01	
 3.9078e+01	
 3.9100e+01	
 3.9098e+01	
 3.9105e+01	
 3.9110e+01	
 3.9132e+01	
 3.9133e+01	
 3.9135e+01	
 3.9155e+01	
 3.9152e+01	
 3.9157e+01	
 3.9162e+01	
 3.9175e+01	
 3.9193e+01	
 3.9177e+01	
 3.9185e+01	
 3.9182e+01	
 3.9187e+01	
 3.9195e+01	
 3.9208e+01	
 3.9213e+01	
 3.9227e+01	
 3.9217e+01	
 3.9232e+01	
 3.9243e+01	
 3.9228e+01	
 3.9243e+01	
 3.9242e+01	
 3.9252e+01	
 3.9247e+01	
 3.9243e+01	
 3.9260e+01	
 3.9260e+01	
 3.9258e+01	
 3.9270e+01	
 3.9268e+01	
 3.9277e+01	
 3.9272e+01	
 3.9278e+01	
 3.9293e+01	
 3.9288e+01	
 3.9285e+01	
 3.9295e+01	
 3.9305e+01	
 3.9308e+01	
 3.9312e+01	
 3.9297e+01	
 3.9318e+01	
 3.9323e+01	
 3.9313e+01	
 3.9320e+01	
 3.9317e+01	
 3.9335e+01	
 3.9338e+01	
 3.9340e+01	
 3.9345e+01	
 3.9342e+01	
 3.9365e+01	
 3.9345e+01	
 3.9360e+01	
 3.9360e+01	
 3.9375e+01	
 3.9368e+01	
 3.9370e+01	
 3.9373e+01	
 3.9375e+01	
 3.9377e+01	
 3.9392e+01	
 3.9377e+01	
 3.9385e+01	
 3.9397e+01	
 3.9398e+01	
 3.9397e+01	
 3.9397e+01	
 3.9407e+01	
 3.9398e+01	
 3.9400e+01	
 3.9402e+01	
 3.9418e+01	
 3.9405e+01	
 3.9413e+01	
 3.9423e+01	
 3.9422e+01	
 3.9433e+01	
 3.9423e+01	
 3.9447e+01	
 3.9430e+01	
 3.9423e+01	
 3.9428e+01	
 3.9437e+01	
 3.9440e+01	
 3.9442e+01	
 3.9452e+01	
 3.9447e+01	
 3.9453e+01	
 3.9453e+01	
 3.9467e+01	
 3.9453e+01	
 3.9462e+01	
 3.9463e+01	
 3.9457e+01	
 3.9455e+01	
 3.9467e+01	
 3.9468e+01	
 3.9467e+01	
 3.9472e+01	
 3.9467e+01	
 3.9470e+01	
 3.9485e+01	
 3.9478e+01	
 3.9482e+01	
 3.9473e+01	
 3.9498e+01	
 3.9490e+01	
 3.9478e+01	
 3.9492e+01	
 3.9483e+01	
 3.9487e+01	
 3.9493e+01	
 3.9495e+01	
 3.9498e+01	
 3.9493e+01	
 3.9488e+01	
 3.9497e+01	
 3.9502e+01	
 3.9492e+01	
 3.9498e+01	
 3.9517e+01	
 3.9500e+01	
 3.9500e+01	
 3.9512e+01	
 3.9508e+01	
 3.9518e+01	
 3.9510e+01	
 3.9527e+01	
 3.9528e+01	
 3.9520e+01	
 3.9527e+01	
 3.9522e+01	
 3.9513e+01	
 3.9527e+01	
 3.9538e+01	
 3.9527e+01	
 3.9535e+01	
 3.9537e+01	
 3.9542e+01	
 3.9538e+01	
 3.9535e+01	
 3.9543e+01	
 3.9547e+01	
 3.9552e+01	
 3.9545e+01	
 3.9548e+01	
 3.9552e+01	
 3.9552e+01	
 3.9553e+01	
 3.9553e+01	
 3.9548e+01	
 3.9550e+01	
 3.9557e+01	
 3.9552e+01	
 3.9567e+01	
 3.9562e+01	
