% mean class accuracy (train set)	
 7.7545e+01	
 9.3367e+01	
 9.5760e+01	
 9.6767e+01	
 9.7285e+01	
 9.7600e+01	
 9.7955e+01	
 9.8172e+01	
 9.8217e+01	
 9.8435e+01	
 9.8575e+01	
 9.8652e+01	
 9.8808e+01	
 9.8835e+01	
 9.8942e+01	
 9.8987e+01	
 9.9075e+01	
 9.9088e+01	
 9.9153e+01	
 9.9243e+01	
 9.9275e+01	
 9.9318e+01	
 9.9365e+01	
 9.9375e+01	
 9.9410e+01	
 9.9437e+01	
 9.9475e+01	
 9.9518e+01	
 9.9542e+01	
 9.9585e+01	
 9.9552e+01	
 9.9585e+01	
 9.9642e+01	
 9.9630e+01	
 9.9658e+01	
 9.9678e+01	
 9.9687e+01	
 9.9720e+01	
 9.9697e+01	
 9.9713e+01	
 9.9705e+01	
 9.9792e+01	
 9.9765e+01	
 9.9782e+01	
 9.9775e+01	
 9.9803e+01	
 9.9817e+01	
 9.9850e+01	
 9.9790e+01	
 9.9820e+01	
 9.9837e+01	
 9.9850e+01	
 9.9848e+01	
 9.9857e+01	
 9.9852e+01	
 9.9852e+01	
 9.9878e+01	
 9.9870e+01	
 9.9840e+01	
 9.9877e+01	
 9.9875e+01	
 9.9908e+01	
 9.9877e+01	
 9.9910e+01	
 9.9905e+01	
 9.9905e+01	
 9.9903e+01	
 9.9905e+01	
 9.9897e+01	
 9.9913e+01	
 9.9920e+01	
 9.9928e+01	
 9.9897e+01	
 9.9918e+01	
 9.9913e+01	
 9.9942e+01	
 9.9920e+01	
 9.9927e+01	
 9.9925e+01	
 9.9945e+01	
 9.9930e+01	
 9.9933e+01	
 9.9930e+01	
 9.9942e+01	
 9.9952e+01	
 9.9937e+01	
 9.9932e+01	
 9.9937e+01	
 9.9940e+01	
 9.9945e+01	
 9.9955e+01	
 9.9942e+01	
 9.9953e+01	
 9.9957e+01	
 9.9958e+01	
 9.9948e+01	
 9.9950e+01	
 9.9948e+01	
 9.9942e+01	
 9.9963e+01	
 9.9957e+01	
 9.9968e+01	
 9.9973e+01	
 9.9950e+01	
 9.9965e+01	
 9.9970e+01	
 9.9960e+01	
 9.9952e+01	
 9.9972e+01	
 9.9963e+01	
 9.9958e+01	
 9.9970e+01	
 9.9970e+01	
 9.9972e+01	
 9.9968e+01	
 9.9958e+01	
 9.9968e+01	
 9.9967e+01	
 9.9953e+01	
 9.9980e+01	
 9.9968e+01	
 9.9973e+01	
 9.9977e+01	
 9.9970e+01	
 9.9980e+01	
 9.9983e+01	
 9.9975e+01	
 9.9963e+01	
 9.9983e+01	
 9.9978e+01	
 9.9985e+01	
 9.9975e+01	
 9.9970e+01	
 9.9980e+01	
 9.9978e+01	
 9.9957e+01	
 9.9977e+01	
 9.9977e+01	
 9.9982e+01	
 9.9967e+01	
 9.9975e+01	
 9.9963e+01	
 9.9982e+01	
 9.9980e+01	
 9.9990e+01	
 9.9978e+01	
 9.9973e+01	
 9.9973e+01	
 9.9970e+01	
 9.9977e+01	
 9.9977e+01	
 9.9980e+01	
 9.9982e+01	
 9.9988e+01	
 9.9990e+01	
 9.9977e+01	
 9.9983e+01	
 9.9973e+01	
 9.9978e+01	
 9.9987e+01	
 9.9990e+01	
 9.9975e+01	
 9.9987e+01	
 9.9983e+01	
 9.9992e+01	
 9.9983e+01	
 9.9988e+01	
 9.9985e+01	
 9.9972e+01	
 9.9983e+01	
 9.9985e+01	
 9.9988e+01	
 9.9982e+01	
 9.9990e+01	
 9.9988e+01	
 9.9985e+01	
 9.9990e+01	
 9.9988e+01	
 9.9990e+01	
 9.9982e+01	
 9.9975e+01	
 9.9995e+01	
 9.9988e+01	
 9.9983e+01	
 9.9980e+01	
 9.9990e+01	
 9.9992e+01	
 9.9980e+01	
 9.9990e+01	
 9.9988e+01	
 9.9983e+01	
 9.9987e+01	
 9.9982e+01	
 9.9988e+01	
 9.9992e+01	
 9.9987e+01	
 9.9988e+01	
 9.9992e+01	
 9.9985e+01	
 9.9985e+01	
 9.9992e+01	
 9.9983e+01	
 9.9987e+01	
 9.9983e+01	
 9.9993e+01	
 9.9990e+01	
 9.9985e+01	
 9.9988e+01	
 9.9985e+01	
 9.9990e+01	
 9.9990e+01	
 9.9980e+01	
 9.9993e+01	
 9.9992e+01	
 9.9990e+01	
 9.9993e+01	
 9.9988e+01	
 9.9993e+01	
 9.9992e+01	
 9.9992e+01	
 9.9993e+01	
 9.9987e+01	
 9.9990e+01	
 9.9987e+01	
 9.9988e+01	
 9.9995e+01	
 9.9990e+01	
 9.9985e+01	
 9.9997e+01	
 9.9992e+01	
 9.9995e+01	
 9.9993e+01	
 9.9988e+01	
 9.9985e+01	
 9.9988e+01	
 9.9993e+01	
 9.9993e+01	
 9.9985e+01	
 9.9998e+01	
 9.9992e+01	
 9.9995e+01	
 9.9997e+01	
 9.9995e+01	
 9.9990e+01	
 9.9992e+01	
 9.9993e+01	
 9.9990e+01	
 9.9980e+01	
 9.9993e+01	
 9.9997e+01	
