% mean class accuracy (train set)	
 6.7482e+01	
 7.6550e+01	
 7.7916e+01	
 8.1035e+01	
 8.8426e+01	
 8.8727e+01	
 8.8935e+01	
 8.9106e+01	
 8.9237e+01	
 8.9356e+01	
 8.9426e+01	
 8.9518e+01	
 8.9590e+01	
 8.9642e+01	
 8.9697e+01	
 8.9734e+01	
 8.9780e+01	
 8.9814e+01	
 9.6273e+01	
 9.9427e+01	
 9.9490e+01	
 9.9533e+01	
 9.9571e+01	
 9.9611e+01	
 9.9640e+01	
 9.9665e+01	
 9.9696e+01	
 9.9712e+01	
 9.9733e+01	
 9.9752e+01	
 9.9772e+01	
 9.9785e+01	
 9.9804e+01	
 9.9817e+01	
 9.9830e+01	
 9.9838e+01	
 9.9846e+01	
 9.9864e+01	
 9.9863e+01	
 9.9869e+01	
 9.9880e+01	
 9.9891e+01	
 9.9900e+01	
 9.9903e+01	
 9.9903e+01	
 9.9914e+01	
 9.9918e+01	
 9.9919e+01	
 9.9926e+01	
 9.9929e+01	
 9.9933e+01	
 9.9934e+01	
 9.9936e+01	
 9.9938e+01	
 9.9945e+01	
 9.9947e+01	
 9.9950e+01	
 9.9950e+01	
 9.9952e+01	
 9.9954e+01	
 9.9958e+01	
 9.9958e+01	
 9.9959e+01	
 9.9960e+01	
 9.9964e+01	
 9.9962e+01	
 9.9967e+01	
 9.9964e+01	
 9.9967e+01	
 9.9966e+01	
 9.9968e+01	
 9.9969e+01	
 9.9969e+01	
 9.9971e+01	
 9.9971e+01	
 9.9972e+01	
 9.9972e+01	
 9.9971e+01	
 9.9973e+01	
 9.9973e+01	
 9.9974e+01	
 9.9974e+01	
 9.9975e+01	
 9.9975e+01	
 9.9975e+01	
 9.9973e+01	
 9.9976e+01	
 9.9974e+01	
 9.9976e+01	
 9.9977e+01	
 9.9976e+01	
 9.9977e+01	
 9.9978e+01	
 9.9978e+01	
 9.9978e+01	
 9.9976e+01	
 9.9978e+01	
 9.9977e+01	
 9.9978e+01	
 9.9978e+01	
 9.9978e+01	
 9.9977e+01	
 9.9978e+01	
 9.9979e+01	
 9.9979e+01	
 9.9979e+01	
 9.9979e+01	
 9.9979e+01	
 9.9980e+01	
 9.9979e+01	
 9.9979e+01	
 9.9979e+01	
 9.9980e+01	
 9.9980e+01	
 9.9979e+01	
 9.9979e+01	
 9.9980e+01	
 9.9980e+01	
 9.9979e+01	
 9.9980e+01	
 9.9980e+01	
 9.9979e+01	
 9.9980e+01	
 9.9980e+01	
 9.9980e+01	
 9.9980e+01	
 9.9980e+01	
 9.9980e+01	
 9.9980e+01	
 9.9980e+01	
 9.9980e+01	
 9.9980e+01	
 9.9980e+01	
 9.9980e+01	
 9.9980e+01	
 9.9980e+01	
 9.9980e+01	
 9.9980e+01	
 9.9980e+01	
 9.9980e+01	
 9.9980e+01	
 9.9980e+01	
 9.9980e+01	
 9.9980e+01	
 9.9980e+01	
 9.9980e+01	
 9.9980e+01	
 9.9980e+01	
 9.9980e+01	
 9.9980e+01	
 9.9980e+01	
 9.9980e+01	
 9.9980e+01	
 9.9980e+01	
 9.9980e+01	
 9.9980e+01	
 9.9980e+01	
 9.9980e+01	
 9.9980e+01	
 9.9980e+01	
 9.9980e+01	
 9.9980e+01	
 9.9980e+01	
 9.9980e+01	
 9.9980e+01	
 9.9980e+01	
 9.9980e+01	
 9.9980e+01	
 9.9980e+01	
 9.9980e+01	
 9.9980e+01	
 9.9980e+01	
 9.9980e+01	
 9.9980e+01	
 9.9980e+01	
 9.9980e+01	
 9.9980e+01	
 9.9980e+01	
 9.9980e+01	
 9.9980e+01	
 9.9980e+01	
 9.9980e+01	
 9.9980e+01	
 9.9980e+01	
 9.9980e+01	
 9.9980e+01	
 9.9980e+01	
 9.9980e+01	
 9.9980e+01	
 9.9980e+01	
 9.9980e+01	
 9.9980e+01	
 9.9980e+01	
 9.9980e+01	
 9.9980e+01	
 9.9980e+01	
 9.9980e+01	
 9.9980e+01	
 9.9980e+01	
 9.9980e+01	
 9.9980e+01	
 9.9980e+01	
 9.9980e+01	
 9.9980e+01	
 9.9980e+01	
 9.9980e+01	
 9.9980e+01	
 9.9980e+01	
 9.9980e+01	
 9.9980e+01	
 9.9980e+01	
 9.9980e+01	
 9.9980e+01	
 9.9980e+01	
 9.9980e+01	
 9.9980e+01	
 9.9980e+01	
 9.9980e+01	
 9.9980e+01	
 9.9980e+01	
 9.9980e+01	
 9.9980e+01	
 9.9980e+01	
 9.9980e+01	
 9.9980e+01	
 9.9980e+01	
 9.9980e+01	
 9.9980e+01	
 9.9980e+01	
 9.9980e+01	
 9.9980e+01	
 9.9980e+01	
 9.9980e+01	
 9.9980e+01	
 9.9980e+01	
 9.9980e+01	
 9.9980e+01	
 9.9980e+01	
 9.9980e+01	
 9.9980e+01	
 9.9980e+01	
 9.9980e+01	
 9.9980e+01	
 9.9980e+01	
 9.9980e+01	
 9.9980e+01	
 9.9980e+01	
 9.9980e+01	
 9.9980e+01	
 9.9980e+01	
