% mean class accuracy (train set)	
 7.8820e+01	
 9.0677e+01	
 9.7512e+01	
 9.8050e+01	
 9.8372e+01	
 9.8601e+01	
 9.8757e+01	
 9.8889e+01	
 9.8989e+01	
 9.9082e+01	
 9.9143e+01	
 9.9224e+01	
 9.9278e+01	
 9.9318e+01	
 9.9367e+01	
 9.9402e+01	
 9.9439e+01	
 9.9467e+01	
 9.9501e+01	
 9.9526e+01	
 9.9555e+01	
 9.9587e+01	
 9.9602e+01	
 9.9616e+01	
 9.9642e+01	
 9.9652e+01	
 9.9672e+01	
 9.9694e+01	
 9.9701e+01	
 9.9712e+01	
 9.9732e+01	
 9.9741e+01	
 9.9760e+01	
 9.9772e+01	
 9.9779e+01	
 9.9791e+01	
 9.9798e+01	
 9.9810e+01	
 9.9818e+01	
 9.9828e+01	
 9.9841e+01	
 9.9844e+01	
 9.9853e+01	
 9.9855e+01	
 9.9862e+01	
 9.9874e+01	
 9.9875e+01	
 9.9890e+01	
 9.9889e+01	
 9.9892e+01	
 9.9902e+01	
 9.9911e+01	
 9.9910e+01	
 9.9910e+01	
 9.9921e+01	
 9.9920e+01	
 9.9927e+01	
 9.9932e+01	
 9.9937e+01	
 9.9939e+01	
 9.9941e+01	
 9.9947e+01	
 9.9948e+01	
 9.9949e+01	
 9.9954e+01	
 9.9956e+01	
 9.9956e+01	
 9.9957e+01	
 9.9960e+01	
 9.9969e+01	
 9.9971e+01	
 9.9967e+01	
 9.9968e+01	
 9.9973e+01	
 9.9973e+01	
 9.9977e+01	
 9.9978e+01	
 9.9979e+01	
 9.9975e+01	
 9.9978e+01	
 9.9981e+01	
 9.9982e+01	
 9.9982e+01	
 9.9988e+01	
 9.9983e+01	
 9.9985e+01	
 9.9986e+01	
 9.9988e+01	
 9.9987e+01	
 9.9989e+01	
 9.9988e+01	
 9.9990e+01	
 9.9990e+01	
 9.9990e+01	
 9.9990e+01	
 9.9992e+01	
 9.9991e+01	
 9.9990e+01	
 9.9991e+01	
 9.9993e+01	
 9.9993e+01	
 9.9993e+01	
 9.9993e+01	
 9.9994e+01	
 9.9993e+01	
 9.9993e+01	
 9.9994e+01	
 9.9995e+01	
 9.9996e+01	
 9.9996e+01	
 9.9994e+01	
 9.9995e+01	
 9.9996e+01	
 9.9995e+01	
 9.9995e+01	
 9.9995e+01	
 9.9995e+01	
 9.9996e+01	
 9.9996e+01	
 9.9996e+01	
 9.9995e+01	
 9.9996e+01	
 9.9996e+01	
 9.9996e+01	
 9.9997e+01	
 9.9997e+01	
 9.9996e+01	
 9.9996e+01	
 9.9997e+01	
 9.9996e+01	
 9.9996e+01	
 9.9997e+01	
 9.9996e+01	
 9.9997e+01	
 9.9997e+01	
 9.9997e+01	
 9.9997e+01	
 9.9997e+01	
 9.9997e+01	
 9.9997e+01	
 9.9997e+01	
 9.9997e+01	
 9.9997e+01	
 9.9997e+01	
 9.9997e+01	
 9.9997e+01	
 9.9997e+01	
 9.9997e+01	
 9.9997e+01	
 9.9997e+01	
 9.9997e+01	
 9.9997e+01	
 9.9997e+01	
 9.9997e+01	
 9.9997e+01	
 9.9997e+01	
 9.9997e+01	
 9.9997e+01	
 9.9997e+01	
 9.9998e+01	
 9.9997e+01	
 9.9998e+01	
 9.9998e+01	
 9.9998e+01	
 9.9998e+01	
 9.9998e+01	
 9.9998e+01	
 9.9997e+01	
 9.9998e+01	
 9.9998e+01	
 9.9998e+01	
 9.9998e+01	
 9.9998e+01	
 9.9998e+01	
 9.9998e+01	
 9.9998e+01	
 9.9998e+01	
 9.9998e+01	
 9.9998e+01	
 9.9998e+01	
 9.9998e+01	
 9.9998e+01	
 9.9998e+01	
 9.9998e+01	
 9.9998e+01	
 9.9998e+01	
 9.9998e+01	
 9.9998e+01	
 9.9998e+01	
 9.9998e+01	
 9.9998e+01	
 9.9998e+01	
 9.9998e+01	
 9.9998e+01	
 9.9998e+01	
 9.9998e+01	
 9.9998e+01	
 9.9998e+01	
 9.9998e+01	
 9.9998e+01	
 9.9998e+01	
 9.9998e+01	
 9.9998e+01	
 9.9998e+01	
 9.9998e+01	
 9.9998e+01	
 9.9998e+01	
 9.9998e+01	
 9.9998e+01	
 9.9998e+01	
 9.9998e+01	
 9.9998e+01	
 9.9998e+01	
 9.9998e+01	
 9.9998e+01	
 9.9998e+01	
 9.9998e+01	
 9.9998e+01	
 9.9998e+01	
 9.9998e+01	
 9.9998e+01	
 9.9998e+01	
 9.9998e+01	
 9.9998e+01	
 9.9998e+01	
 9.9998e+01	
 9.9998e+01	
 9.9998e+01	
 9.9998e+01	
 9.9998e+01	
 9.9998e+01	
 9.9998e+01	
 9.9998e+01	
 9.9998e+01	
 9.9998e+01	
 9.9998e+01	
 9.9998e+01	
 9.9998e+01	
 9.9998e+01	
 9.9998e+01	
 9.9998e+01	
 9.9998e+01	
 9.9998e+01	
 9.9998e+01	
 9.9998e+01	
 9.9998e+01	
 9.9998e+01	
 9.9998e+01	
 9.9998e+01	
 9.9998e+01	
