% mean class accuracy (train set)	
 9.2276e+01	
 9.7533e+01	
 9.8128e+01	
 9.8425e+01	
 9.8624e+01	
 9.8768e+01	
 9.8880e+01	
 9.8978e+01	
 9.9037e+01	
 9.9112e+01	
 9.9182e+01	
 9.9215e+01	
 9.9276e+01	
 9.9305e+01	
 9.9331e+01	
 9.9367e+01	
 9.9407e+01	
 9.9417e+01	
 9.9442e+01	
 9.9470e+01	
 9.9490e+01	
 9.9504e+01	
 9.9528e+01	
 9.9546e+01	
 9.9569e+01	
 9.9576e+01	
 9.9592e+01	
 9.9615e+01	
 9.9620e+01	
 9.9636e+01	
 9.9650e+01	
 9.9664e+01	
 9.9680e+01	
 9.9672e+01	
 9.9685e+01	
 9.9690e+01	
 9.9708e+01	
 9.9712e+01	
 9.9733e+01	
 9.9731e+01	
 9.9742e+01	
 9.9744e+01	
 9.9751e+01	
 9.9764e+01	
 9.9770e+01	
 9.9767e+01	
 9.9788e+01	
 9.9787e+01	
 9.9786e+01	
 9.9797e+01	
 9.9806e+01	
 9.9808e+01	
 9.9813e+01	
 9.9807e+01	
 9.9816e+01	
 9.9826e+01	
 9.9831e+01	
 9.9833e+01	
 9.9836e+01	
 9.9844e+01	
 9.9846e+01	
 9.9847e+01	
 9.9850e+01	
 9.9852e+01	
 9.9859e+01	
 9.9866e+01	
 9.9868e+01	
 9.9871e+01	
 9.9880e+01	
 9.9869e+01	
 9.9883e+01	
 9.9884e+01	
 9.9880e+01	
 9.9888e+01	
 9.9885e+01	
 9.9896e+01	
 9.9890e+01	
 9.9897e+01	
 9.9902e+01	
 9.9902e+01	
 9.9903e+01	
 9.9907e+01	
 9.9906e+01	
 9.9910e+01	
 9.9911e+01	
 9.9910e+01	
 9.9918e+01	
 9.9921e+01	
 9.9918e+01	
 9.9921e+01	
 9.9922e+01	
 9.9924e+01	
 9.9922e+01	
 9.9929e+01	
 9.9928e+01	
 9.9929e+01	
 9.9929e+01	
 9.9935e+01	
 9.9929e+01	
 9.9928e+01	
 9.9935e+01	
 9.9934e+01	
 9.9940e+01	
 9.9940e+01	
 9.9939e+01	
 9.9939e+01	
 9.9942e+01	
 9.9940e+01	
 9.9944e+01	
 9.9945e+01	
 9.9942e+01	
 9.9947e+01	
 9.9950e+01	
 9.9951e+01	
 9.9952e+01	
 9.9952e+01	
 9.9952e+01	
 9.9953e+01	
 9.9953e+01	
 9.9950e+01	
 9.9958e+01	
 9.9956e+01	
 9.9955e+01	
 9.9955e+01	
 9.9959e+01	
 9.9959e+01	
 9.9958e+01	
 9.9954e+01	
 9.9956e+01	
 9.9960e+01	
 9.9961e+01	
 9.9966e+01	
 9.9962e+01	
 9.9965e+01	
 9.9961e+01	
 9.9965e+01	
 9.9966e+01	
 9.9963e+01	
 9.9968e+01	
 9.9970e+01	
 9.9963e+01	
 9.9967e+01	
 9.9968e+01	
 9.9967e+01	
 9.9969e+01	
 9.9968e+01	
 9.9969e+01	
 9.9971e+01	
 9.9968e+01	
 9.9971e+01	
 9.9973e+01	
 9.9972e+01	
 9.9968e+01	
 9.9972e+01	
 9.9972e+01	
 9.9975e+01	
 9.9973e+01	
 9.9974e+01	
 9.9974e+01	
 9.9971e+01	
 9.9975e+01	
 9.9975e+01	
 9.9973e+01	
 9.9977e+01	
 9.9976e+01	
 9.9975e+01	
 9.9979e+01	
 9.9979e+01	
 9.9976e+01	
 9.9975e+01	
 9.9975e+01	
 9.9977e+01	
 9.9976e+01	
 9.9978e+01	
 9.9977e+01	
 9.9982e+01	
 9.9981e+01	
 9.9980e+01	
 9.9978e+01	
 9.9981e+01	
 9.9978e+01	
 9.9981e+01	
 9.9983e+01	
 9.9980e+01	
 9.9982e+01	
 9.9981e+01	
 9.9982e+01	
 9.9982e+01	
 9.9981e+01	
 9.9982e+01	
 9.9982e+01	
 9.9981e+01	
 9.9982e+01	
 9.9979e+01	
 9.9985e+01	
 9.9983e+01	
 9.9985e+01	
 9.9984e+01	
 9.9983e+01	
 9.9983e+01	
 9.9986e+01	
 9.9982e+01	
 9.9982e+01	
 9.9982e+01	
 9.9985e+01	
 9.9982e+01	
 9.9984e+01	
 9.9985e+01	
 9.9986e+01	
 9.9986e+01	
 9.9985e+01	
 9.9983e+01	
 9.9985e+01	
 9.9987e+01	
 9.9984e+01	
 9.9987e+01	
 9.9988e+01	
 9.9988e+01	
 9.9987e+01	
 9.9988e+01	
 9.9988e+01	
 9.9990e+01	
 9.9988e+01	
 9.9987e+01	
 9.9985e+01	
 9.9986e+01	
 9.9984e+01	
 9.9989e+01	
 9.9988e+01	
 9.9988e+01	
 9.9985e+01	
 9.9991e+01	
 9.9990e+01	
 9.9991e+01	
 9.9987e+01	
 9.9989e+01	
 9.9988e+01	
 9.9991e+01	
 9.9991e+01	
 9.9991e+01	
 9.9991e+01	
 9.9992e+01	
 9.9989e+01	
 9.9989e+01	
 9.9989e+01	
 9.9988e+01	
 9.9990e+01	
 9.9993e+01	
 9.9992e+01	
 9.9990e+01	
