% mean class accuracy (train set)	
 7.0085e+01	
 9.0210e+01	
 9.3922e+01	
 9.5496e+01	
 9.6302e+01	
 9.6812e+01	
 9.7159e+01	
 9.7425e+01	
 9.7612e+01	
 9.7820e+01	
 9.7948e+01	
 9.8074e+01	
 9.8174e+01	
 9.8277e+01	
 9.8365e+01	
 9.8434e+01	
 9.8508e+01	
 9.8576e+01	
 9.8628e+01	
 9.8681e+01	
 9.8716e+01	
 9.8764e+01	
 9.8804e+01	
 9.8845e+01	
 9.8894e+01	
 9.8926e+01	
 9.8952e+01	
 9.8989e+01	
 9.9003e+01	
 9.9028e+01	
 9.9063e+01	
 9.9087e+01	
 9.9099e+01	
 9.9119e+01	
 9.9159e+01	
 9.9161e+01	
 9.9191e+01	
 9.9200e+01	
 9.9222e+01	
 9.9246e+01	
 9.9257e+01	
 9.9274e+01	
 9.9292e+01	
 9.9303e+01	
 9.9318e+01	
 9.9336e+01	
 9.9341e+01	
 9.9361e+01	
 9.9373e+01	
 9.9381e+01	
 9.9384e+01	
 9.9403e+01	
 9.9406e+01	
 9.9435e+01	
 9.9432e+01	
 9.9449e+01	
 9.9457e+01	
 9.9454e+01	
 9.9474e+01	
 9.9482e+01	
 9.9490e+01	
 9.9506e+01	
 9.9521e+01	
 9.9524e+01	
 9.9538e+01	
 9.9537e+01	
 9.9547e+01	
 9.9554e+01	
 9.9557e+01	
 9.9566e+01	
 9.9581e+01	
 9.9577e+01	
 9.9591e+01	
 9.9593e+01	
 9.9613e+01	
 9.9610e+01	
 9.9613e+01	
 9.9619e+01	
 9.9629e+01	
 9.9629e+01	
 9.9639e+01	
 9.9643e+01	
 9.9647e+01	
 9.9656e+01	
 9.9661e+01	
 9.9666e+01	
 9.9669e+01	
 9.9669e+01	
 9.9682e+01	
 9.9687e+01	
 9.9690e+01	
 9.9700e+01	
 9.9704e+01	
 9.9705e+01	
 9.9709e+01	
 9.9714e+01	
 9.9720e+01	
 9.9721e+01	
 9.9724e+01	
 9.9732e+01	
 9.9732e+01	
 9.9736e+01	
 9.9742e+01	
 9.9747e+01	
 9.9752e+01	
 9.9754e+01	
 9.9759e+01	
 9.9757e+01	
 9.9765e+01	
 9.9775e+01	
 9.9770e+01	
 9.9770e+01	
 9.9780e+01	
 9.9780e+01	
 9.9783e+01	
 9.9785e+01	
 9.9796e+01	
 9.9792e+01	
 9.9798e+01	
 9.9799e+01	
 9.9799e+01	
 9.9804e+01	
 9.9809e+01	
 9.9812e+01	
 9.9815e+01	
 9.9818e+01	
 9.9818e+01	
 9.9816e+01	
 9.9826e+01	
 9.9833e+01	
 9.9829e+01	
 9.9829e+01	
 9.9833e+01	
 9.9839e+01	
 9.9838e+01	
 9.9839e+01	
 9.9849e+01	
 9.9851e+01	
 9.9851e+01	
 9.9854e+01	
 9.9852e+01	
 9.9857e+01	
 9.9859e+01	
 9.9863e+01	
 9.9861e+01	
 9.9864e+01	
 9.9867e+01	
 9.9870e+01	
 9.9874e+01	
 9.9878e+01	
 9.9873e+01	
 9.9873e+01	
 9.9883e+01	
 9.9876e+01	
 9.9887e+01	
 9.9883e+01	
 9.9888e+01	
 9.9891e+01	
 9.9888e+01	
 9.9886e+01	
 9.9891e+01	
 9.9895e+01	
 9.9896e+01	
 9.9896e+01	
 9.9897e+01	
 9.9897e+01	
 9.9902e+01	
 9.9902e+01	
 9.9907e+01	
 9.9906e+01	
 9.9907e+01	
 9.9907e+01	
 9.9916e+01	
 9.9907e+01	
 9.9914e+01	
 9.9918e+01	
 9.9918e+01	
 9.9918e+01	
 9.9920e+01	
 9.9924e+01	
 9.9922e+01	
 9.9921e+01	
 9.9927e+01	
 9.9922e+01	
 9.9925e+01	
 9.9926e+01	
 9.9926e+01	
 9.9928e+01	
 9.9929e+01	
 9.9930e+01	
 9.9934e+01	
 9.9935e+01	
 9.9935e+01	
 9.9935e+01	
 9.9934e+01	
 9.9937e+01	
 9.9938e+01	
 9.9939e+01	
 9.9937e+01	
 9.9938e+01	
 9.9942e+01	
 9.9945e+01	
 9.9948e+01	
 9.9945e+01	
 9.9945e+01	
 9.9943e+01	
 9.9947e+01	
 9.9949e+01	
 9.9953e+01	
 9.9952e+01	
 9.9953e+01	
 9.9951e+01	
 9.9955e+01	
 9.9952e+01	
 9.9954e+01	
 9.9956e+01	
 9.9956e+01	
 9.9957e+01	
 9.9953e+01	
 9.9957e+01	
 9.9954e+01	
 9.9953e+01	
 9.9957e+01	
 9.9964e+01	
 9.9960e+01	
 9.9963e+01	
 9.9959e+01	
 9.9962e+01	
 9.9963e+01	
 9.9964e+01	
 9.9965e+01	
 9.9964e+01	
 9.9969e+01	
 9.9968e+01	
 9.9968e+01	
 9.9968e+01	
 9.9967e+01	
 9.9968e+01	
 9.9967e+01	
 9.9967e+01	
 9.9969e+01	
 9.9968e+01	
 9.9968e+01	
 9.9972e+01	
 9.9971e+01	
 9.9971e+01	
 9.9972e+01	
 9.9972e+01	
 9.9973e+01	
 9.9973e+01	
