% mean class accuracy (train set)	
 5.4898e+01	
 7.2358e+01	
 7.3859e+01	
 7.4868e+01	
 7.5688e+01	
 7.6323e+01	
 7.6832e+01	
 7.7261e+01	
 7.7584e+01	
 7.7867e+01	
 7.8089e+01	
 8.6367e+01	
 8.7810e+01	
 8.8020e+01	
 8.8165e+01	
 8.8295e+01	
 8.8406e+01	
 8.8486e+01	
 8.8571e+01	
 8.8631e+01	
 8.8705e+01	
 8.8772e+01	
 8.8818e+01	
 8.8872e+01	
 8.8930e+01	
 9.4765e+01	
 9.8335e+01	
 9.8418e+01	
 9.8486e+01	
 9.8538e+01	
 9.8584e+01	
 9.8638e+01	
 9.8684e+01	
 9.8727e+01	
 9.8760e+01	
 9.8795e+01	
 9.8827e+01	
 9.8861e+01	
 9.8896e+01	
 9.8922e+01	
 9.8954e+01	
 9.8988e+01	
 9.9013e+01	
 9.9031e+01	
 9.9054e+01	
 9.9086e+01	
 9.9116e+01	
 9.9124e+01	
 9.9153e+01	
 9.9175e+01	
 9.9196e+01	
 9.9204e+01	
 9.9225e+01	
 9.9248e+01	
 9.9268e+01	
 9.9278e+01	
 9.9309e+01	
 9.9317e+01	
 9.9331e+01	
 9.9352e+01	
 9.9360e+01	
 9.9378e+01	
 9.9392e+01	
 9.9404e+01	
 9.9425e+01	
 9.9431e+01	
 9.9443e+01	
 9.9467e+01	
 9.9470e+01	
 9.9479e+01	
 9.9493e+01	
 9.9503e+01	
 9.9516e+01	
 9.9530e+01	
 9.9539e+01	
 9.9546e+01	
 9.9558e+01	
 9.9570e+01	
 9.9570e+01	
 9.9577e+01	
 9.9587e+01	
 9.9597e+01	
 9.9607e+01	
 9.9616e+01	
 9.9624e+01	
 9.9637e+01	
 9.9639e+01	
 9.9643e+01	
 9.9656e+01	
 9.9653e+01	
 9.9670e+01	
 9.9672e+01	
 9.9682e+01	
 9.9686e+01	
 9.9687e+01	
 9.9694e+01	
 9.9696e+01	
 9.9710e+01	
 9.9716e+01	
 9.9719e+01	
 9.9726e+01	
 9.9728e+01	
 9.9736e+01	
 9.9738e+01	
 9.9747e+01	
 9.9748e+01	
 9.9753e+01	
 9.9759e+01	
 9.9762e+01	
 9.9769e+01	
 9.9764e+01	
 9.9772e+01	
 9.9777e+01	
 9.9779e+01	
 9.9787e+01	
 9.9791e+01	
 9.9790e+01	
 9.9799e+01	
 9.9799e+01	
 9.9810e+01	
 9.9805e+01	
 9.9811e+01	
 9.9812e+01	
 9.9822e+01	
 9.9819e+01	
 9.9828e+01	
 9.9830e+01	
 9.9825e+01	
 9.9832e+01	
 9.9838e+01	
 9.9839e+01	
 9.9843e+01	
 9.9840e+01	
 9.9849e+01	
 9.9853e+01	
 9.9851e+01	
 9.9857e+01	
 9.9862e+01	
 9.9858e+01	
 9.9864e+01	
 9.9865e+01	
 9.9865e+01	
 9.9872e+01	
 9.9872e+01	
 9.9875e+01	
 9.9880e+01	
 9.9882e+01	
 9.9884e+01	
 9.9885e+01	
 9.9888e+01	
 9.9887e+01	
 9.9890e+01	
 9.9895e+01	
 9.9897e+01	
 9.9897e+01	
 9.9897e+01	
 9.9905e+01	
 9.9899e+01	
 9.9902e+01	
 9.9906e+01	
 9.9903e+01	
 9.9910e+01	
 9.9908e+01	
 9.9913e+01	
 9.9912e+01	
 9.9914e+01	
 9.9915e+01	
 9.9915e+01	
 9.9918e+01	
 9.9923e+01	
 9.9922e+01	
 9.9924e+01	
 9.9926e+01	
 9.9921e+01	
 9.9926e+01	
 9.9930e+01	
 9.9928e+01	
 9.9930e+01	
 9.9926e+01	
 9.9932e+01	
 9.9933e+01	
 9.9932e+01	
 9.9936e+01	
 9.9938e+01	
 9.9936e+01	
 9.9939e+01	
 9.9938e+01	
 9.9940e+01	
 9.9943e+01	
 9.9943e+01	
 9.9946e+01	
 9.9944e+01	
 9.9945e+01	
 9.9945e+01	
 9.9946e+01	
 9.9947e+01	
 9.9948e+01	
 9.9949e+01	
 9.9948e+01	
 9.9953e+01	
 9.9952e+01	
 9.9952e+01	
 9.9956e+01	
 9.9955e+01	
 9.9955e+01	
 9.9958e+01	
 9.9955e+01	
 9.9958e+01	
 9.9959e+01	
 9.9955e+01	
 9.9961e+01	
 9.9961e+01	
 9.9959e+01	
 9.9962e+01	
 9.9961e+01	
 9.9960e+01	
 9.9961e+01	
 9.9962e+01	
 9.9963e+01	
 9.9962e+01	
 9.9963e+01	
 9.9963e+01	
 9.9966e+01	
 9.9967e+01	
 9.9968e+01	
 9.9968e+01	
 9.9965e+01	
 9.9970e+01	
 9.9967e+01	
 9.9968e+01	
 9.9970e+01	
 9.9970e+01	
 9.9970e+01	
 9.9971e+01	
 9.9971e+01	
 9.9974e+01	
 9.9974e+01	
 9.9971e+01	
 9.9973e+01	
 9.9975e+01	
 9.9974e+01	
 9.9973e+01	
 9.9973e+01	
 9.9976e+01	
 9.9978e+01	
 9.9975e+01	
 9.9975e+01	
 9.9975e+01	
 9.9976e+01	
 9.9978e+01	
