% mean class accuracy (train set)	
 6.6800e+01	
 8.8824e+01	
 9.3980e+01	
 9.5537e+01	
 9.6277e+01	
 9.6755e+01	
 9.7074e+01	
 9.7321e+01	
 9.7526e+01	
 9.7677e+01	
 9.7837e+01	
 9.7945e+01	
 9.8056e+01	
 9.8152e+01	
 9.8232e+01	
 9.8302e+01	
 9.8369e+01	
 9.8429e+01	
 9.8487e+01	
 9.8538e+01	
 9.8576e+01	
 9.8630e+01	
 9.8663e+01	
 9.8711e+01	
 9.8737e+01	
 9.8772e+01	
 9.8799e+01	
 9.8835e+01	
 9.8866e+01	
 9.8895e+01	
 9.8918e+01	
 9.8938e+01	
 9.8966e+01	
 9.8991e+01	
 9.9006e+01	
 9.9029e+01	
 9.9049e+01	
 9.9070e+01	
 9.9090e+01	
 9.9108e+01	
 9.9119e+01	
 9.9139e+01	
 9.9154e+01	
 9.9168e+01	
 9.9180e+01	
 9.9197e+01	
 9.9216e+01	
 9.9228e+01	
 9.9240e+01	
 9.9249e+01	
 9.9262e+01	
 9.9271e+01	
 9.9286e+01	
 9.9299e+01	
 9.9306e+01	
 9.9323e+01	
 9.9334e+01	
 9.9338e+01	
 9.9345e+01	
 9.9359e+01	
 9.9367e+01	
 9.9383e+01	
 9.9386e+01	
 9.9392e+01	
 9.9400e+01	
 9.9413e+01	
 9.9417e+01	
 9.9433e+01	
 9.9435e+01	
 9.9448e+01	
 9.9455e+01	
 9.9458e+01	
 9.9465e+01	
 9.9469e+01	
 9.9476e+01	
 9.9484e+01	
 9.9491e+01	
 9.9495e+01	
 9.9509e+01	
 9.9509e+01	
 9.9512e+01	
 9.9521e+01	
 9.9525e+01	
 9.9529e+01	
 9.9535e+01	
 9.9539e+01	
 9.9548e+01	
 9.9555e+01	
 9.9557e+01	
 9.9559e+01	
 9.9567e+01	
 9.9574e+01	
 9.9577e+01	
 9.9580e+01	
 9.9584e+01	
 9.9592e+01	
 9.9590e+01	
 9.9602e+01	
 9.9603e+01	
 9.9603e+01	
 9.9612e+01	
 9.9618e+01	
 9.9617e+01	
 9.9622e+01	
 9.9629e+01	
 9.9634e+01	
 9.9635e+01	
 9.9637e+01	
 9.9640e+01	
 9.9643e+01	
 9.9650e+01	
 9.9650e+01	
 9.9659e+01	
 9.9653e+01	
 9.9661e+01	
 9.9667e+01	
 9.9670e+01	
 9.9672e+01	
 9.9676e+01	
 9.9677e+01	
 9.9681e+01	
 9.9686e+01	
 9.9685e+01	
 9.9692e+01	
 9.9691e+01	
 9.9694e+01	
 9.9695e+01	
 9.9702e+01	
 9.9706e+01	
 9.9705e+01	
 9.9706e+01	
 9.9709e+01	
 9.9715e+01	
 9.9715e+01	
 9.9722e+01	
 9.9717e+01	
 9.9721e+01	
 9.9728e+01	
 9.9727e+01	
 9.9725e+01	
 9.9732e+01	
 9.9736e+01	
 9.9737e+01	
 9.9739e+01	
 9.9744e+01	
 9.9744e+01	
 9.9747e+01	
 9.9746e+01	
 9.9749e+01	
 9.9754e+01	
 9.9755e+01	
 9.9750e+01	
 9.9758e+01	
 9.9758e+01	
 9.9761e+01	
 9.9766e+01	
 9.9764e+01	
 9.9768e+01	
 9.9770e+01	
 9.9771e+01	
 9.9780e+01	
 9.9777e+01	
 9.9780e+01	
 9.9777e+01	
 9.9783e+01	
 9.9783e+01	
 9.9788e+01	
 9.9785e+01	
 9.9783e+01	
 9.9784e+01	
 9.9790e+01	
 9.9791e+01	
 9.9794e+01	
 9.9797e+01	
 9.9800e+01	
 9.9802e+01	
 9.9800e+01	
 9.9799e+01	
 9.9805e+01	
 9.9807e+01	
 9.9806e+01	
 9.9810e+01	
 9.9810e+01	
 9.9807e+01	
 9.9814e+01	
 9.9817e+01	
 9.9817e+01	
 9.9816e+01	
 9.9817e+01	
 9.9820e+01	
 9.9822e+01	
 9.9824e+01	
 9.9823e+01	
 9.9823e+01	
 9.9822e+01	
 9.9826e+01	
 9.9828e+01	
 9.9829e+01	
 9.9834e+01	
 9.9831e+01	
 9.9834e+01	
 9.9835e+01	
 9.9837e+01	
 9.9837e+01	
 9.9839e+01	
 9.9840e+01	
 9.9838e+01	
 9.9838e+01	
 9.9845e+01	
 9.9846e+01	
 9.9845e+01	
 9.9846e+01	
 9.9848e+01	
 9.9846e+01	
 9.9848e+01	
 9.9852e+01	
 9.9854e+01	
 9.9852e+01	
 9.9853e+01	
 9.9855e+01	
 9.9860e+01	
 9.9856e+01	
 9.9856e+01	
 9.9856e+01	
 9.9862e+01	
 9.9859e+01	
 9.9862e+01	
 9.9861e+01	
 9.9862e+01	
 9.9867e+01	
 9.9865e+01	
 9.9870e+01	
 9.9868e+01	
 9.9866e+01	
 9.9867e+01	
 9.9869e+01	
 9.9870e+01	
 9.9869e+01	
 9.9871e+01	
 9.9873e+01	
 9.9873e+01	
 9.9877e+01	
 9.9876e+01	
 9.9878e+01	
 9.9876e+01	
 9.9878e+01	
 9.9880e+01	
 9.9881e+01	
 9.9882e+01	
 9.9883e+01	
 9.9884e+01	
 9.9883e+01	
 9.9882e+01	
 9.9887e+01	
 9.9886e+01	
 9.9883e+01	
 9.9888e+01	
 9.9888e+01	
 9.9889e+01	
 9.9890e+01	
 9.9890e+01	
 9.9888e+01	
 9.9893e+01	
 9.9893e+01	
 9.9895e+01	
 9.9893e+01	
 9.9894e+01	
 9.9896e+01	
 9.9897e+01	
 9.9895e+01	
 9.9900e+01	
 9.9899e+01	
 9.9900e+01	
 9.9900e+01	
 9.9899e+01	
 9.9901e+01	
 9.9902e+01	
 9.9905e+01	
 9.9904e+01	
 9.9903e+01	
 9.9903e+01	
 9.9905e+01	
 9.9905e+01	
 9.9906e+01	
 9.9907e+01	
 9.9908e+01	
 9.9907e+01	
 9.9907e+01	
 9.9911e+01	
 9.9910e+01	
 9.9912e+01	
 9.9909e+01	
 9.9910e+01	
 9.9913e+01	
 9.9914e+01	
 9.9912e+01	
 9.9912e+01	
 9.9914e+01	
 9.9918e+01	
 9.9913e+01	
 9.9917e+01	
 9.9919e+01	
 9.9917e+01	
 9.9920e+01	
 9.9922e+01	
 9.9919e+01	
 9.9920e+01	
 9.9919e+01	
 9.9920e+01	
 9.9922e+01	
 9.9920e+01	
 9.9924e+01	
 9.9925e+01	
 9.9923e+01	
 9.9924e+01	
 9.9924e+01	
 9.9926e+01	
 9.9926e+01	
 9.9926e+01	
 9.9928e+01	
 9.9926e+01	
 9.9930e+01	
 9.9929e+01	
 9.9929e+01	
 9.9929e+01	
 9.9930e+01	
 9.9930e+01	
 9.9931e+01	
 9.9933e+01	
 9.9932e+01	
 9.9934e+01	
 9.9935e+01	
 9.9934e+01	
 9.9934e+01	
 9.9933e+01	
 9.9935e+01	
 9.9934e+01	
 9.9932e+01	
 9.9935e+01	
 9.9935e+01	
 9.9936e+01	
 9.9937e+01	
 9.9939e+01	
 9.9940e+01	
 9.9937e+01	
 9.9937e+01	
 9.9939e+01	
 9.9938e+01	
 9.9939e+01	
 9.9939e+01	
 9.9941e+01	
 9.9940e+01	
 9.9942e+01	
 9.9941e+01	
 9.9942e+01	
 9.9942e+01	
 9.9941e+01	
 9.9943e+01	
 9.9943e+01	
 9.9944e+01	
 9.9944e+01	
 9.9945e+01	
 9.9944e+01	
 9.9944e+01	
 9.9945e+01	
 9.9945e+01	
 9.9949e+01	
 9.9948e+01	
 9.9947e+01	
 9.9947e+01	
 9.9946e+01	
 9.9949e+01	
 9.9948e+01	
 9.9947e+01	
 9.9949e+01	
 9.9946e+01	
 9.9949e+01	
 9.9948e+01	
 9.9950e+01	
 9.9950e+01	
 9.9950e+01	
 9.9951e+01	
 9.9950e+01	
 9.9950e+01	
 9.9951e+01	
 9.9952e+01	
 9.9953e+01	
 9.9951e+01	
 9.9953e+01	
 9.9955e+01	
 9.9955e+01	
 9.9952e+01	
 9.9953e+01	
 9.9955e+01	
 9.9953e+01	
 9.9954e+01	
 9.9955e+01	
 9.9954e+01	
 9.9956e+01	
 9.9954e+01	
 9.9956e+01	
 9.9956e+01	
 9.9955e+01	
 9.9955e+01	
 9.9956e+01	
 9.9958e+01	
 9.9958e+01	
 9.9958e+01	
 9.9959e+01	
 9.9958e+01	
 9.9959e+01	
 9.9959e+01	
 9.9958e+01	
 9.9958e+01	
 9.9960e+01	
 9.9958e+01	
 9.9960e+01	
 9.9958e+01	
 9.9959e+01	
 9.9961e+01	
 9.9961e+01	
 9.9961e+01	
 9.9962e+01	
 9.9963e+01	
 9.9961e+01	
 9.9962e+01	
 9.9962e+01	
 9.9963e+01	
 9.9961e+01	
 9.9963e+01	
 9.9962e+01	
 9.9963e+01	
 9.9964e+01	
 9.9962e+01	
 9.9965e+01	
 9.9963e+01	
 9.9963e+01	
 9.9964e+01	
 9.9966e+01	
 9.9964e+01	
 9.9963e+01	
 9.9965e+01	
 9.9965e+01	
 9.9966e+01	
 9.9964e+01	
 9.9967e+01	
 9.9966e+01	
 9.9966e+01	
 9.9966e+01	
 9.9966e+01	
 9.9968e+01	
 9.9968e+01	
 9.9968e+01	
 9.9967e+01	
 9.9966e+01	
 9.9967e+01	
 9.9966e+01	
 9.9968e+01	
 9.9967e+01	
 9.9969e+01	
 9.9969e+01	
 9.9971e+01	
 9.9970e+01	
 9.9969e+01	
 9.9970e+01	
 9.9970e+01	
 9.9970e+01	
 9.9971e+01	
 9.9968e+01	
 9.9972e+01	
 9.9970e+01	
 9.9970e+01	
 9.9971e+01	
 9.9971e+01	
 9.9972e+01	
 9.9971e+01	
 9.9970e+01	
 9.9970e+01	
 9.9970e+01	
 9.9974e+01	
 9.9971e+01	
 9.9972e+01	
 9.9972e+01	
 9.9974e+01	
 9.9973e+01	
 9.9974e+01	
 9.9973e+01	
 9.9975e+01	
 9.9975e+01	
 9.9973e+01	
 9.9974e+01	
 9.9973e+01	
 9.9974e+01	
 9.9974e+01	
 9.9973e+01	
 9.9974e+01	
 9.9973e+01	
 9.9972e+01	
 9.9976e+01	
 9.9974e+01	
