% mean class accuracy (train set)	
 9.3001e+01	
 9.7582e+01	
 9.8123e+01	
 9.8415e+01	
 9.8607e+01	
 9.8768e+01	
 9.8857e+01	
 9.8941e+01	
 9.9038e+01	
 9.9092e+01	
 9.9159e+01	
 9.9187e+01	
 9.9249e+01	
 9.9294e+01	
 9.9334e+01	
 9.9369e+01	
 9.9391e+01	
 9.9426e+01	
 9.9436e+01	
 9.9468e+01	
 9.9499e+01	
 9.9510e+01	
 9.9535e+01	
 9.9555e+01	
 9.9564e+01	
 9.9591e+01	
 9.9596e+01	
 9.9614e+01	
 9.9628e+01	
 9.9632e+01	
 9.9666e+01	
 9.9662e+01	
 9.9670e+01	
 9.9676e+01	
 9.9689e+01	
 9.9697e+01	
 9.9717e+01	
 9.9707e+01	
 9.9721e+01	
 9.9737e+01	
 9.9735e+01	
 9.9747e+01	
 9.9757e+01	
 9.9759e+01	
 9.9773e+01	
 9.9790e+01	
 9.9776e+01	
 9.9791e+01	
 9.9801e+01	
 9.9795e+01	
 9.9801e+01	
 9.9803e+01	
 9.9815e+01	
 9.9809e+01	
 9.9816e+01	
 9.9822e+01	
 9.9832e+01	
 9.9830e+01	
 9.9834e+01	
 9.9839e+01	
 9.9836e+01	
 9.9842e+01	
 9.9846e+01	
 9.9855e+01	
 9.9853e+01	
 9.9859e+01	
 9.9860e+01	
 9.9867e+01	
 9.9869e+01	
 9.9870e+01	
 9.9871e+01	
 9.9876e+01	
 9.9871e+01	
 9.9881e+01	
 9.9885e+01	
 9.9887e+01	
 9.9890e+01	
 9.9888e+01	
 9.9885e+01	
 9.9901e+01	
 9.9894e+01	
 9.9895e+01	
 9.9901e+01	
 9.9905e+01	
 9.9905e+01	
 9.9898e+01	
 9.9905e+01	
 9.9906e+01	
 9.9902e+01	
 9.9903e+01	
 9.9912e+01	
 9.9912e+01	
 9.9919e+01	
 9.9919e+01	
 9.9921e+01	
 9.9921e+01	
 9.9920e+01	
 9.9922e+01	
 9.9922e+01	
 9.9929e+01	
 9.9930e+01	
 9.9924e+01	
 9.9923e+01	
 9.9932e+01	
 9.9924e+01	
 9.9925e+01	
 9.9926e+01	
 9.9930e+01	
 9.9933e+01	
 9.9938e+01	
 9.9933e+01	
 9.9936e+01	
 9.9938e+01	
 9.9943e+01	
 9.9942e+01	
 9.9937e+01	
 9.9944e+01	
 9.9942e+01	
 9.9936e+01	
 9.9938e+01	
 9.9944e+01	
 9.9945e+01	
 9.9945e+01	
 9.9942e+01	
 9.9947e+01	
 9.9945e+01	
 9.9941e+01	
 9.9948e+01	
 9.9952e+01	
 9.9950e+01	
 9.9952e+01	
 9.9948e+01	
 9.9951e+01	
 9.9956e+01	
 9.9955e+01	
 9.9953e+01	
 9.9951e+01	
 9.9949e+01	
 9.9960e+01	
 9.9953e+01	
 9.9958e+01	
 9.9961e+01	
 9.9956e+01	
 9.9955e+01	
 9.9950e+01	
 9.9960e+01	
 9.9958e+01	
 9.9955e+01	
 9.9957e+01	
 9.9960e+01	
 9.9956e+01	
 9.9962e+01	
 9.9956e+01	
 9.9957e+01	
 9.9961e+01	
 9.9961e+01	
 9.9960e+01	
 9.9964e+01	
 9.9966e+01	
 9.9966e+01	
 9.9960e+01	
 9.9962e+01	
 9.9965e+01	
 9.9963e+01	
 9.9966e+01	
 9.9967e+01	
 9.9965e+01	
 9.9968e+01	
 9.9965e+01	
 9.9967e+01	
 9.9968e+01	
 9.9967e+01	
 9.9965e+01	
 9.9969e+01	
 9.9968e+01	
 9.9965e+01	
 9.9965e+01	
 9.9971e+01	
 9.9971e+01	
 9.9968e+01	
 9.9971e+01	
 9.9969e+01	
 9.9971e+01	
 9.9970e+01	
 9.9965e+01	
 9.9971e+01	
 9.9973e+01	
 9.9970e+01	
 9.9972e+01	
 9.9969e+01	
 9.9973e+01	
 9.9973e+01	
 9.9969e+01	
 9.9973e+01	
 9.9973e+01	
 9.9970e+01	
 9.9973e+01	
 9.9976e+01	
 9.9975e+01	
 9.9974e+01	
 9.9972e+01	
 9.9977e+01	
 9.9974e+01	
 9.9974e+01	
 9.9973e+01	
 9.9973e+01	
 9.9974e+01	
 9.9973e+01	
 9.9981e+01	
 9.9978e+01	
 9.9973e+01	
 9.9978e+01	
 9.9978e+01	
 9.9974e+01	
 9.9975e+01	
 9.9977e+01	
 9.9972e+01	
 9.9974e+01	
 9.9976e+01	
 9.9981e+01	
 9.9979e+01	
 9.9977e+01	
 9.9978e+01	
 9.9981e+01	
 9.9976e+01	
 9.9979e+01	
 9.9980e+01	
 9.9977e+01	
 9.9976e+01	
 9.9977e+01	
 9.9979e+01	
 9.9977e+01	
 9.9983e+01	
 9.9981e+01	
 9.9981e+01	
 9.9979e+01	
 9.9981e+01	
 9.9981e+01	
 9.9983e+01	
 9.9981e+01	
 9.9979e+01	
 9.9983e+01	
 9.9982e+01	
 9.9981e+01	
 9.9980e+01	
 9.9982e+01	
 9.9982e+01	
 9.9982e+01	
 9.9982e+01	
 9.9982e+01	
