% mean class accuracy (train set)	
 4.7456e+01	
 7.4014e+01	
 8.6164e+01	
 8.7148e+01	
 8.7656e+01	
 8.7955e+01	
 8.8193e+01	
 8.8354e+01	
 8.8493e+01	
 8.8610e+01	
 9.0755e+01	
 9.8403e+01	
 9.8523e+01	
 9.8593e+01	
 9.8687e+01	
 9.8742e+01	
 9.8811e+01	
 9.8858e+01	
 9.8901e+01	
 9.8950e+01	
 9.8982e+01	
 9.9026e+01	
 9.9063e+01	
 9.9102e+01	
 9.9120e+01	
 9.9152e+01	
 9.9179e+01	
 9.9207e+01	
 9.9245e+01	
 9.9265e+01	
 9.9293e+01	
 9.9301e+01	
 9.9324e+01	
 9.9351e+01	
 9.9368e+01	
 9.9388e+01	
 9.9404e+01	
 9.9417e+01	
 9.9437e+01	
 9.9452e+01	
 9.9463e+01	
 9.9477e+01	
 9.9488e+01	
 9.9500e+01	
 9.9517e+01	
 9.9527e+01	
 9.9547e+01	
 9.9557e+01	
 9.9557e+01	
 9.9570e+01	
 9.9582e+01	
 9.9599e+01	
 9.9604e+01	
 9.9608e+01	
 9.9625e+01	
 9.9628e+01	
 9.9641e+01	
 9.9648e+01	
 9.9653e+01	
 9.9660e+01	
 9.9675e+01	
 9.9689e+01	
 9.9692e+01	
 9.9699e+01	
 9.9705e+01	
 9.9712e+01	
 9.9718e+01	
 9.9727e+01	
 9.9728e+01	
 9.9731e+01	
 9.9740e+01	
 9.9757e+01	
 9.9761e+01	
 9.9763e+01	
 9.9771e+01	
 9.9781e+01	
 9.9780e+01	
 9.9785e+01	
 9.9789e+01	
 9.9795e+01	
 9.9808e+01	
 9.9805e+01	
 9.9810e+01	
 9.9820e+01	
 9.9823e+01	
 9.9826e+01	
 9.9833e+01	
 9.9833e+01	
 9.9836e+01	
 9.9843e+01	
 9.9850e+01	
 9.9852e+01	
 9.9855e+01	
 9.9862e+01	
 9.9862e+01	
 9.9872e+01	
 9.9872e+01	
 9.9873e+01	
 9.9876e+01	
 9.9878e+01	
 9.9885e+01	
 9.9883e+01	
 9.9889e+01	
 9.9894e+01	
 9.9896e+01	
 9.9900e+01	
 9.9902e+01	
 9.9905e+01	
 9.9904e+01	
 9.9913e+01	
 9.9911e+01	
 9.9912e+01	
 9.9915e+01	
 9.9917e+01	
 9.9920e+01	
 9.9918e+01	
 9.9925e+01	
 9.9928e+01	
 9.9935e+01	
 9.9932e+01	
 9.9937e+01	
 9.9939e+01	
 9.9940e+01	
 9.9940e+01	
 9.9937e+01	
 9.9944e+01	
 9.9944e+01	
 9.9948e+01	
 9.9950e+01	
 9.9949e+01	
 9.9951e+01	
 9.9954e+01	
 9.9958e+01	
 9.9953e+01	
 9.9958e+01	
 9.9961e+01	
 9.9959e+01	
 9.9964e+01	
 9.9961e+01	
 9.9966e+01	
 9.9964e+01	
 9.9966e+01	
 9.9968e+01	
 9.9972e+01	
 9.9971e+01	
 9.9969e+01	
 9.9970e+01	
 9.9974e+01	
 9.9973e+01	
 9.9974e+01	
 9.9976e+01	
 9.9978e+01	
 9.9978e+01	
 9.9978e+01	
 9.9979e+01	
 9.9978e+01	
 9.9980e+01	
 9.9980e+01	
 9.9981e+01	
 9.9979e+01	
 9.9981e+01	
 9.9981e+01	
 9.9985e+01	
 9.9983e+01	
 9.9985e+01	
 9.9987e+01	
 9.9985e+01	
 9.9986e+01	
 9.9987e+01	
 9.9987e+01	
 9.9988e+01	
 9.9987e+01	
 9.9989e+01	
 9.9989e+01	
 9.9989e+01	
 9.9986e+01	
 9.9990e+01	
 9.9990e+01	
 9.9990e+01	
 9.9992e+01	
 9.9992e+01	
 9.9991e+01	
 9.9992e+01	
 9.9994e+01	
 9.9993e+01	
 9.9993e+01	
 9.9992e+01	
 9.9993e+01	
 9.9993e+01	
 9.9995e+01	
 9.9995e+01	
 9.9995e+01	
 9.9993e+01	
 9.9994e+01	
 9.9995e+01	
 9.9995e+01	
 9.9995e+01	
 9.9996e+01	
 9.9995e+01	
 9.9995e+01	
 9.9996e+01	
 9.9997e+01	
 9.9996e+01	
 9.9997e+01	
 9.9996e+01	
 9.9996e+01	
 9.9995e+01	
 9.9996e+01	
 9.9997e+01	
 9.9996e+01	
 9.9998e+01	
 9.9997e+01	
 9.9997e+01	
 9.9998e+01	
 9.9997e+01	
 9.9997e+01	
 9.9997e+01	
 9.9998e+01	
 9.9998e+01	
 9.9998e+01	
 9.9997e+01	
 9.9998e+01	
 9.9998e+01	
 9.9998e+01	
 9.9997e+01	
 9.9998e+01	
 9.9998e+01	
 9.9998e+01	
 9.9998e+01	
 9.9998e+01	
 9.9998e+01	
 9.9998e+01	
 9.9998e+01	
 9.9999e+01	
 9.9998e+01	
 9.9999e+01	
 9.9998e+01	
 9.9999e+01	
 9.9999e+01	
 9.9999e+01	
 9.9998e+01	
 9.9999e+01	
 9.9999e+01	
 9.9998e+01	
 9.9999e+01	
 9.9999e+01	
 9.9999e+01	
 9.9999e+01	
 9.9999e+01	
 9.9999e+01	
